[2020-01-15 22:37:18] [info   ] [Setup] Start executing KernelHaven with configuration file /tmp/SingleMetricAnalysis6367711772746809598.properties
[2020-01-15 22:37:18] [info   ] [Setup] System Info:
                                        	KernelHaven Version: Built at 2019-11-28 14:29:10
                                        	OS Name: Linux
                                        	OS Version: 4.4.0-169-generic
                                        	OS Arch: amd64
                                        	Java Home: /usr/lib/jvm/java-8-oracle/jre
                                        	Java Vendor: Oracle Corporation
                                        	Java Version: 1.8.0_201
                                        	Java VM Name: Java HotSpot(TM) 64-Bit Server VM
                                        	Java VM Version: 25.201-b09
                                        	Java VM Vendor: Oracle Corporation
                                        	Working Directory: /mnt/Linux-Analyses/MailCrawler/instance1/kh
                                        	Temporary Directory: /mnt/Linux-Analyses/MailCrawler/instance1/kh/tmp
                                        	File Encoding: UTF-8
                                        	Java Class Path: KernelHaven.jar
                                        	Maximum Memory: 38.33 GiB
                                        	Available Processors: 48
[2020-01-15 22:37:18] [info   ] [Setup] Start setting up pipeline...
[2020-01-15 22:37:18] [info   ] [Setup] Loading jars from directory /mnt/Linux-Analyses/MailCrawler/instance1/kh/plugins
[2020-01-15 22:37:18] [info   ] [Setup] IncrementalAnalysesInfrastructure.jar version: Built at 2019-12-12 13:33:10
[2020-01-15 22:37:18] [info   ] [Setup] UndertakerExtractor.jar version: Built at 2019-11-28 14:31:37
[2020-01-15 22:37:18] [info   ] [Setup] CnfUtils.jar version: Built at 2019-11-28 14:35:46
[2020-01-15 22:37:18] [info   ] [Setup] KconfigReaderExtractor.jar version: Built at 2019-11-28 14:33:44
[2020-01-15 22:37:18] [info   ] [Setup] CppUtils.jar version: Built at 2019-11-28 14:35:21
[2020-01-15 22:37:18] [info   ] [Setup] ProblemSolutionSpaceDivergenceCorrectorAnalysis.jar version: Built at 2019-11-28 16:37:10
[2020-01-15 22:37:18] [info   ] [Setup] TypeChefExtractor.jar version: Built at 2019-11-28 14:31:53
[2020-01-15 22:37:18] [info   ] [Setup] ProblemSolutionSpaceMapperAnalysis.jar version: Built at 2019-11-28 16:11:10
[2020-01-15 22:37:18] [info   ] [Setup] DBUtils.jar version: Built at 2019-11-28 14:35:09
[2020-01-15 22:37:18] [info   ] [Setup] IOUtils.jar version: Built at 2019-11-28 14:34:16
[2020-01-15 22:37:18] [info   ] [Setup] FeatureEffectAnalysis.jar version: Built at 2019-11-28 14:34:47
[2020-01-15 22:37:18] [info   ] [Setup] SrcMLExtractor.jar version: Built at 2019-11-28 14:32:21
[2020-01-15 22:37:18] [info   ] [Setup] BusybootPreparation.jar version: Built at 2019-11-28 14:36:12
[2020-01-15 22:37:18] [info   ] [Setup] ProblemSolutionSpaceDivergenceDetectorAnalysis.jar version: Built at 2019-11-28 16:32:10
[2020-01-15 22:37:18] [info   ] [Setup] MetricHaven.jar version: Built at 2020-01-15 10:20:10
[2020-01-15 22:37:18] [info   ] [Setup] CodeBlockExtractor.jar version: Built at 2019-11-28 14:35:37
[2020-01-15 22:37:18] [info   ] [Setup] UnDeadAnalyzer.jar version: Built at 2019-11-28 15:01:11
[2020-01-15 22:37:18] [info   ] [Setup] EntityLocatorAnalysis.jar version: Built at 2019-11-28 14:34:59
[2020-01-15 22:37:18] [info   ] [Setup] KbuildMinerExtractor.jar version: Built at 2019-11-28 14:33:56
[2020-01-15 22:37:18] [info   ] [Setup] Successfully loaded 19 jars
[2020-01-15 22:37:18] [info   ] [Setup] Loading all classes specified in loadClasses.txt ...
[2020-01-15 22:37:19] [info   ] [Setup] Loaded 4 classes specified in loadClasses.txt files
[2020-01-15 22:37:19] [info   ] [Setup] Instantiating extractors...
[2020-01-15 22:37:19] [info   ] [Setup] Successfully instantiated variability extractor net.ssehub.kernel_haven.kconfigreader.KconfigReaderExtractor
[2020-01-15 22:37:19] [info   ] [Setup] Successfully instantiated build extractor net.ssehub.kernel_haven.kbuildminer.KbuildMinerExtractor
[2020-01-15 22:37:19] [info   ] [Setup] Successfully instantiated code extractor net.ssehub.kernel_haven.srcml.SrcMLExtractor
[2020-01-15 22:37:19] [info   ] [Setup] Creating providers...
[2020-01-15 22:37:19] [info   ] [Setup] Created variability provider
[2020-01-15 22:37:19] [info   ] [Setup] Created build provider
[2020-01-15 22:37:19] [info   ] [Setup] Created code provider
[2020-01-15 22:37:19] [info   ] [Setup] Instantiating analysis...
[2020-01-15 22:37:19] [info   ] [Setup] Successfully instantiated analysis net.ssehub.kernel_haven.metric_haven.metric_components.MetricsRunner
[2020-01-15 22:37:19] [info   ] [Setup] Starting analysis...
[2020-01-15 22:37:19] [info   ] [AnalysisPipelineController] MetricHaven executes atomic set and ignores further metric-specific configuration settings.
[2020-01-15 22:37:19] [status ] [KconfigReaderExtractor] Starting on 1 targets in 1 threads
[2020-01-15 22:37:19] [status ] [KbuildMinerExtractor] Starting on 1 targets in 1 threads
[2020-01-15 22:37:19] [info   ] [IndividualCodeMetricsRunner] Analysis component IndividualCodeMetricsRunner starting
[2020-01-15 22:37:19] [status ] [SrcMLExtractor] Starting on 26116 targets in 6 threads
[2020-01-15 22:37:43] [error  ] [KconfigReaderExtractor-1] Unhandled exception in thread KconfigReaderExtractor-1:
                                                           java.lang.ClassCastException: net.ssehub.kernel_haven.variability_model.HierarchicalVariable cannot be cast to net.ssehub.kernel_haven.kconfigreader.TristateVariable
                                                               at net.ssehub.kernel_haven.kconfigreader.Converter.convert(Converter.java:155)
                                                               at net.ssehub.kernel_haven.kconfigreader.KconfigReaderExtractor.runOnFile(KconfigReaderExtractor.java:208)
                                                               at net.ssehub.kernel_haven.kconfigreader.KconfigReaderExtractor.runOnFile(KconfigReaderExtractor.java:58)
                                                               at net.ssehub.kernel_haven.provider.AbstractExtractor$WorkerThread.run(AbstractExtractor.java:142)
[2020-01-15 22:37:43] [error  ] [ExtractorDataDuplicator] Got BM-Extractor exception:
                                                          net.ssehub.kernel_haven.util.ExtractorException: Did not get a variability model
                                                              at net.ssehub.kernel_haven.kbuildminer.KbuildMinerExtractor.runOnFile(KbuildMinerExtractor.java:112)
                                                              at net.ssehub.kernel_haven.kbuildminer.KbuildMinerExtractor.runOnFile(KbuildMinerExtractor.java:44)
                                                              at net.ssehub.kernel_haven.provider.AbstractExtractor$WorkerThread.run(AbstractExtractor.java:142)
[2020-01-15 22:37:43] [info   ] [VariabilityCounter] Analysis component VariabilityCounter starting
[2020-01-15 22:37:43] [info   ] [FunctionMapCreator] Analysis component FunctionMapCreator starting
[2020-01-15 22:37:43] [info   ] [FeatureSizeEstimator] Analysis component FeatureSizeEstimator starting
[2020-01-15 22:37:43] [info   ] [ProgressLogger] KbuildMinerExtractor processed 0 of 1 (0%) items
                                                 KconfigReaderExtractor processed 0 of 1 (0%) items and finished in 00:24.084
                                                 SrcMLExtractor processed 5637 of 26116 (21%) items
[2020-01-15 22:37:43] [error  ] [VariabilityCounter] Did not get a variability model
                                                     Can't create any results
[2020-01-15 22:37:43] [error  ] [FeatureSizeEstimator] Did not get a variability model
                                                       Can't create any results
[2020-01-15 22:37:43] [info   ] [VariabilityCounter] Analysis component VariabilityCounter done
                                                     Execution took 00:00.005
[2020-01-15 22:37:43] [info   ] [FeatureSizeEstimator] Analysis component FeatureSizeEstimator done
                                                       Execution took 00:00.005
[2020-01-15 22:37:43] [info   ] [OrderedCodeFunctionFilter] Analysis component OrderedCodeFunctionFilter starting
[2020-01-15 22:37:43] [info   ] [CodeFunctionFilter] Analysis component CodeFunctionFilter starting
[2020-01-15 22:38:13] [info   ] [ProgressLogger] KbuildMinerExtractor processed 1 of 1 (100%) items and finished in 00:24.085
                                                 SrcMLExtractor processed 13252 of 26116 (50%) items
                                                 CodeFunctionFilter processed 13181 items
[2020-01-15 22:38:43] [info   ] [ProgressLogger] SrcMLExtractor processed 16998 of 26116 (65%) items
                                                 CodeFunctionFilter processed 16908 items
[2020-01-15 22:39:13] [info   ] [ProgressLogger] SrcMLExtractor processed 20851 of 26116 (79%) items
                                                 CodeFunctionFilter processed 20735 items
[2020-01-15 22:39:43] [info   ] [ProgressLogger] SrcMLExtractor processed 23783 of 26116 (91%) items
                                                 CodeFunctionFilter processed 23645 items
[2020-01-15 22:40:04] [info   ] [ProgressLogger] SrcMLExtractor processed 26116 of 26116 (100%) items and finished in 02:44.977
                                                 CodeFunctionFilter processed 25960 items
[2020-01-15 22:40:04] [warning] [ExtractorDataDuplicator] CM-Extractor: Got 25961 elements and 155 exceptions
[2020-01-15 22:40:04] [info   ] [CodeFunctionFilter] Discarded 3160 functions that contained an ErrorElement
[2020-01-15 22:40:04] [info   ] [CodeFunctionFilter] Analysis component CodeFunctionFilter done
                                                     Execution took 02:21.210
[2020-01-15 22:40:04] [info   ] [ProgressLogger] CodeFunctionFilter processed 25961 items and finished in 02:21.210
[2020-01-15 22:40:05] [info   ] [OrderedCodeFunctionFilter] Analysis component OrderedCodeFunctionFilter done
                                                            Execution took 02:21.914
[2020-01-15 22:40:05] [info   ] [ProgressLogger] OrderedCodeFunctionFilter processed 1580398 items and finished in 00:00.700
[2020-01-15 22:40:10] [info   ] [FunctionMapCreator] Analysis component FunctionMapCreator done
                                                     Execution took 02:27.210
[2020-01-15 22:40:10] [info   ] [ProgressLogger] FunctionMapCreator processed 267305 of 267305 (100%) items and finished in 00:04.975
[2020-01-15 22:40:10] [error  ] [IndividualCodeMetricsRunner] Could not create metric instances:
                                                              net.ssehub.kernel_haven.SetUpException: ScatteringWeight requires a ScatteringDegreeContainer
                                                                  at net.ssehub.kernel_haven.metric_haven.metric_components.weights.ScatteringWeight.<init>(ScatteringWeight.java:46)
                                                                  at net.ssehub.kernel_haven.metric_haven.metric_components.weights.CachedWeightFactory.createSdWeight(CachedWeightFactory.java:62)
                                                                  at net.ssehub.kernel_haven.metric_haven.metric_components.weights.CachedWeightFactory.createVariabilityWeight(CachedWeightFactory.java:347)
                                                                  at net.ssehub.kernel_haven.metric_haven.metric_components.weights.CachedWeightFactory.createVariabilityWeight(CachedWeightFactory.java:434)
                                                                  at net.ssehub.kernel_haven.metric_haven.code_metrics.MetricFactory.createAllVariations(MetricFactory.java:683)
                                                                  at net.ssehub.kernel_haven.metric_haven.metric_components.IndividualCodeMetricsRunner.createAllAtomicVariations(IndividualCodeMetricsRunner.java:342)
                                                                  at net.ssehub.kernel_haven.metric_haven.metric_components.IndividualCodeMetricsRunner.instantiateMetrics(IndividualCodeMetricsRunner.java:587)
                                                                  at net.ssehub.kernel_haven.metric_haven.metric_components.CodeMetricsRunner.execute(CodeMetricsRunner.java:353)
                                                                  at net.ssehub.kernel_haven.analysis.AnalysisComponent.lambda$start$0(AnalysisComponent.java:229)
                                                                  at java.lang.Thread.run(Thread.java:748)
[2020-01-15 22:40:10] [info   ] [IndividualCodeMetricsRunner] Analysis component IndividualCodeMetricsRunner done
                                                              Execution took 02:51.309
[2020-01-15 22:40:10] [info   ] [Setup] Analysis has finished
[2020-01-15 22:40:10] [info   ] [Setup] Not archiving pipeline (not enabled by user)
[2020-01-15 22:40:10] [status ] [Setup] Pipeline done; exiting...
