[2020-01-16 00:23:38] [info   ] [Setup] Start executing KernelHaven with configuration file /tmp/SingleMetricAnalysis312623042754342272.properties
[2020-01-16 00:23:38] [info   ] [Setup] System Info:
                                        	KernelHaven Version: Built at 2019-11-28 14:29:10
                                        	OS Name: Linux
                                        	OS Version: 4.4.0-169-generic
                                        	OS Arch: amd64
                                        	Java Home: /usr/lib/jvm/java-8-oracle/jre
                                        	Java Vendor: Oracle Corporation
                                        	Java Version: 1.8.0_201
                                        	Java VM Name: Java HotSpot(TM) 64-Bit Server VM
                                        	Java VM Version: 25.201-b09
                                        	Java VM Vendor: Oracle Corporation
                                        	Working Directory: /mnt/Linux-Analyses/MailCrawler/instance1/kh
                                        	Temporary Directory: /mnt/Linux-Analyses/MailCrawler/instance1/kh/tmp
                                        	File Encoding: UTF-8
                                        	Java Class Path: KernelHaven.jar
                                        	Maximum Memory: 38.33 GiB
                                        	Available Processors: 48
[2020-01-16 00:23:38] [info   ] [Setup] Start setting up pipeline...
[2020-01-16 00:23:38] [info   ] [Setup] Loading jars from directory /mnt/Linux-Analyses/MailCrawler/instance1/kh/plugins
[2020-01-16 00:23:38] [info   ] [Setup] IncrementalAnalysesInfrastructure.jar version: Built at 2019-12-12 13:33:10
[2020-01-16 00:23:38] [info   ] [Setup] UndertakerExtractor.jar version: Built at 2019-11-28 14:31:37
[2020-01-16 00:23:38] [info   ] [Setup] CnfUtils.jar version: Built at 2019-11-28 14:35:46
[2020-01-16 00:23:38] [info   ] [Setup] KconfigReaderExtractor.jar version: Built at 2019-11-28 14:33:44
[2020-01-16 00:23:38] [info   ] [Setup] CppUtils.jar version: Built at 2019-11-28 14:35:21
[2020-01-16 00:23:38] [info   ] [Setup] ProblemSolutionSpaceDivergenceCorrectorAnalysis.jar version: Built at 2019-11-28 16:37:10
[2020-01-16 00:23:38] [info   ] [Setup] TypeChefExtractor.jar version: Built at 2019-11-28 14:31:53
[2020-01-16 00:23:38] [info   ] [Setup] ProblemSolutionSpaceMapperAnalysis.jar version: Built at 2019-11-28 16:11:10
[2020-01-16 00:23:38] [info   ] [Setup] DBUtils.jar version: Built at 2019-11-28 14:35:09
[2020-01-16 00:23:38] [info   ] [Setup] IOUtils.jar version: Built at 2019-11-28 14:34:16
[2020-01-16 00:23:38] [info   ] [Setup] FeatureEffectAnalysis.jar version: Built at 2019-11-28 14:34:47
[2020-01-16 00:23:38] [info   ] [Setup] SrcMLExtractor.jar version: Built at 2019-11-28 14:32:21
[2020-01-16 00:23:38] [info   ] [Setup] BusybootPreparation.jar version: Built at 2019-11-28 14:36:12
[2020-01-16 00:23:38] [info   ] [Setup] ProblemSolutionSpaceDivergenceDetectorAnalysis.jar version: Built at 2019-11-28 16:32:10
[2020-01-16 00:23:38] [info   ] [Setup] MetricHaven.jar version: Built at 2020-01-15 10:20:10
[2020-01-16 00:23:38] [info   ] [Setup] CodeBlockExtractor.jar version: Built at 2019-11-28 14:35:37
[2020-01-16 00:23:38] [info   ] [Setup] UnDeadAnalyzer.jar version: Built at 2019-11-28 15:01:11
[2020-01-16 00:23:38] [info   ] [Setup] EntityLocatorAnalysis.jar version: Built at 2019-11-28 14:34:59
[2020-01-16 00:23:38] [info   ] [Setup] KbuildMinerExtractor.jar version: Built at 2019-11-28 14:33:56
[2020-01-16 00:23:38] [info   ] [Setup] Successfully loaded 19 jars
[2020-01-16 00:23:38] [info   ] [Setup] Loading all classes specified in loadClasses.txt ...
[2020-01-16 00:23:39] [info   ] [Setup] Loaded 4 classes specified in loadClasses.txt files
[2020-01-16 00:23:39] [info   ] [Setup] Instantiating extractors...
[2020-01-16 00:23:39] [info   ] [Setup] Successfully instantiated variability extractor net.ssehub.kernel_haven.kconfigreader.KconfigReaderExtractor
[2020-01-16 00:23:39] [info   ] [Setup] Successfully instantiated build extractor net.ssehub.kernel_haven.kbuildminer.KbuildMinerExtractor
[2020-01-16 00:23:39] [info   ] [Setup] Successfully instantiated code extractor net.ssehub.kernel_haven.srcml.SrcMLExtractor
[2020-01-16 00:23:39] [info   ] [Setup] Creating providers...
[2020-01-16 00:23:39] [info   ] [Setup] Created variability provider
[2020-01-16 00:23:39] [info   ] [Setup] Created build provider
[2020-01-16 00:23:39] [info   ] [Setup] Created code provider
[2020-01-16 00:23:39] [info   ] [Setup] Instantiating analysis...
[2020-01-16 00:23:39] [info   ] [Setup] Successfully instantiated analysis net.ssehub.kernel_haven.metric_haven.metric_components.MetricsRunner
[2020-01-16 00:23:39] [info   ] [Setup] Starting analysis...
[2020-01-16 00:23:39] [info   ] [AnalysisPipelineController] MetricHaven executes atomic set and ignores further metric-specific configuration settings.
[2020-01-16 00:23:39] [status ] [KconfigReaderExtractor] Starting on 1 targets in 1 threads
[2020-01-16 00:23:39] [status ] [KbuildMinerExtractor] Starting on 1 targets in 1 threads
[2020-01-16 00:23:39] [info   ] [IndividualCodeMetricsRunner] Analysis component IndividualCodeMetricsRunner starting
[2020-01-16 00:23:39] [status ] [SrcMLExtractor] Starting on 10865 targets in 6 threads
[2020-01-16 00:23:39] [error  ] [ExtractorDataDuplicator] Got VM-Extractor exception:
                                                          net.ssehub.kernel_haven.util.ExtractorException: 'make allyesconfig prepare' failed to execute
                                                              at net.ssehub.kernel_haven.kconfigreader.KconfigReaderExtractor.runOnFile(KconfigReaderExtractor.java:181)
                                                              at net.ssehub.kernel_haven.kconfigreader.KconfigReaderExtractor.runOnFile(KconfigReaderExtractor.java:58)
                                                              at net.ssehub.kernel_haven.provider.AbstractExtractor$WorkerThread.run(AbstractExtractor.java:142)
[2020-01-16 00:23:39] [info   ] [ProgressLogger] KconfigReaderExtractor processed 1 of 1 (100%) items and finished in 00:00.366
                                                 KbuildMinerExtractor processed 0 of 1 (0%) items
                                                 SrcMLExtractor processed 17 of 10865 (0%) items
[2020-01-16 00:23:39] [error  ] [ExtractorDataDuplicator] Got BM-Extractor exception:
                                                          net.ssehub.kernel_haven.util.ExtractorException: KbuildMiner execution not successful
                                                              at net.ssehub.kernel_haven.kbuildminer.KbuildMinerExtractor.runOnFile(KbuildMinerExtractor.java:103)
                                                              at net.ssehub.kernel_haven.kbuildminer.KbuildMinerExtractor.runOnFile(KbuildMinerExtractor.java:44)
                                                              at net.ssehub.kernel_haven.provider.AbstractExtractor$WorkerThread.run(AbstractExtractor.java:142)
[2020-01-16 00:23:39] [info   ] [ProgressLogger] KbuildMinerExtractor processed 1 of 1 (100%) items and finished in 00:00.654
                                                 SrcMLExtractor processed 57 of 10865 (0%) items
[2020-01-16 00:23:39] [info   ] [FeatureSizeEstimator] Analysis component FeatureSizeEstimator starting
[2020-01-16 00:23:39] [info   ] [VariabilityCounter] Analysis component VariabilityCounter starting
[2020-01-16 00:23:39] [info   ] [FunctionMapCreator] Analysis component FunctionMapCreator starting
[2020-01-16 00:23:39] [error  ] [FeatureSizeEstimator] Did not get a variability model
                                                       Can't create any results
[2020-01-16 00:23:39] [error  ] [VariabilityCounter] Did not get a variability model
                                                     Can't create any results
[2020-01-16 00:23:39] [info   ] [FeatureSizeEstimator] Analysis component FeatureSizeEstimator done
                                                       Execution took 00:00.001
[2020-01-16 00:23:39] [info   ] [VariabilityCounter] Analysis component VariabilityCounter done
                                                     Execution took 00:00.001
[2020-01-16 00:23:39] [info   ] [OrderedCodeFunctionFilter] Analysis component OrderedCodeFunctionFilter starting
[2020-01-16 00:23:39] [info   ] [CodeFunctionFilter] Analysis component CodeFunctionFilter starting
[2020-01-16 00:24:09] [info   ] [ProgressLogger] SrcMLExtractor processed 4878 of 10865 (44%) items
                                                 CodeFunctionFilter processed 4844 items
[2020-01-16 00:24:39] [info   ] [ProgressLogger] SrcMLExtractor processed 7633 of 10865 (70%) items
                                                 CodeFunctionFilter processed 7563 items
[2020-01-16 00:25:09] [info   ] [ProgressLogger] SrcMLExtractor processed 10801 of 10865 (99%) items
                                                 CodeFunctionFilter processed 10703 items
[2020-01-16 00:25:10] [info   ] [ProgressLogger] SrcMLExtractor processed 10865 of 10865 (100%) items and finished in 01:31.016
                                                 CodeFunctionFilter processed 10767 items
[2020-01-16 00:25:10] [warning] [ExtractorDataDuplicator] CM-Extractor: Got 10767 elements and 98 exceptions
[2020-01-16 00:25:10] [info   ] [CodeFunctionFilter] Discarded 1110 functions that contained an ErrorElement
[2020-01-16 00:25:10] [info   ] [CodeFunctionFilter] Analysis component CodeFunctionFilter done
                                                     Execution took 01:30.528
[2020-01-16 00:25:10] [info   ] [ProgressLogger] CodeFunctionFilter processed 10767 items and finished in 01:30.528
[2020-01-16 00:25:10] [info   ] [OrderedCodeFunctionFilter] Analysis component OrderedCodeFunctionFilter done
                                                            Execution took 01:30.795
[2020-01-16 00:25:10] [info   ] [ProgressLogger] OrderedCodeFunctionFilter processed 768147 items and finished in 00:00.263
[2020-01-16 00:25:13] [info   ] [FunctionMapCreator] Analysis component FunctionMapCreator done
                                                     Execution took 01:33.363
[2020-01-16 00:25:13] [info   ] [ProgressLogger] FunctionMapCreator processed 130380 of 130380 (100%) items and finished in 00:02.410
[2020-01-16 00:25:13] [error  ] [IndividualCodeMetricsRunner] Could not create metric instances:
                                                              net.ssehub.kernel_haven.SetUpException: ScatteringWeight requires a ScatteringDegreeContainer
                                                                  at net.ssehub.kernel_haven.metric_haven.metric_components.weights.ScatteringWeight.<init>(ScatteringWeight.java:46)
                                                                  at net.ssehub.kernel_haven.metric_haven.metric_components.weights.CachedWeightFactory.createSdWeight(CachedWeightFactory.java:62)
                                                                  at net.ssehub.kernel_haven.metric_haven.metric_components.weights.CachedWeightFactory.createVariabilityWeight(CachedWeightFactory.java:347)
                                                                  at net.ssehub.kernel_haven.metric_haven.metric_components.weights.CachedWeightFactory.createVariabilityWeight(CachedWeightFactory.java:434)
                                                                  at net.ssehub.kernel_haven.metric_haven.code_metrics.MetricFactory.createAllVariations(MetricFactory.java:683)
                                                                  at net.ssehub.kernel_haven.metric_haven.metric_components.IndividualCodeMetricsRunner.createAllAtomicVariations(IndividualCodeMetricsRunner.java:342)
                                                                  at net.ssehub.kernel_haven.metric_haven.metric_components.IndividualCodeMetricsRunner.instantiateMetrics(IndividualCodeMetricsRunner.java:587)
                                                                  at net.ssehub.kernel_haven.metric_haven.metric_components.CodeMetricsRunner.execute(CodeMetricsRunner.java:353)
                                                                  at net.ssehub.kernel_haven.analysis.AnalysisComponent.lambda$start$0(AnalysisComponent.java:229)
                                                                  at java.lang.Thread.run(Thread.java:748)
[2020-01-16 00:25:13] [info   ] [IndividualCodeMetricsRunner] Analysis component IndividualCodeMetricsRunner done
                                                              Execution took 01:34.028
[2020-01-16 00:25:13] [info   ] [Setup] Analysis has finished
[2020-01-16 00:25:13] [info   ] [Setup] Not archiving pipeline (not enabled by user)
[2020-01-16 00:25:13] [status ] [Setup] Pipeline done; exiting...
