[2020-01-15 14:01:51] [info   ] [Setup] Start executing KernelHaven with configuration file /tmp/SingleMetricAnalysis4604680549240595802.properties
[2020-01-15 14:01:51] [info   ] [Setup] System Info:
                                        	KernelHaven Version: Built at 2019-11-28 14:29:10
                                        	OS Name: Linux
                                        	OS Version: 4.4.0-169-generic
                                        	OS Arch: amd64
                                        	Java Home: /usr/lib/jvm/java-8-oracle/jre
                                        	Java Vendor: Oracle Corporation
                                        	Java Version: 1.8.0_201
                                        	Java VM Name: Java HotSpot(TM) 64-Bit Server VM
                                        	Java VM Version: 25.201-b09
                                        	Java VM Vendor: Oracle Corporation
                                        	Working Directory: /mnt/Linux-Analyses/MailCrawler/instance1/kh
                                        	Temporary Directory: /mnt/Linux-Analyses/MailCrawler/instance1/kh/tmp
                                        	File Encoding: UTF-8
                                        	Java Class Path: KernelHaven.jar
                                        	Maximum Memory: 38.33 GiB
                                        	Available Processors: 48
[2020-01-15 14:01:51] [info   ] [Setup] Start setting up pipeline...
[2020-01-15 14:01:51] [info   ] [Setup] Loading jars from directory /mnt/Linux-Analyses/MailCrawler/instance1/kh/plugins
[2020-01-15 14:01:51] [info   ] [Setup] IncrementalAnalysesInfrastructure.jar version: Built at 2019-12-12 13:33:10
[2020-01-15 14:01:51] [info   ] [Setup] UndertakerExtractor.jar version: Built at 2019-11-28 14:31:37
[2020-01-15 14:01:51] [info   ] [Setup] CnfUtils.jar version: Built at 2019-11-28 14:35:46
[2020-01-15 14:01:51] [info   ] [Setup] KconfigReaderExtractor.jar version: Built at 2019-11-28 14:33:44
[2020-01-15 14:01:51] [info   ] [Setup] CppUtils.jar version: Built at 2019-11-28 14:35:21
[2020-01-15 14:01:51] [info   ] [Setup] ProblemSolutionSpaceDivergenceCorrectorAnalysis.jar version: Built at 2019-11-28 16:37:10
[2020-01-15 14:01:51] [info   ] [Setup] TypeChefExtractor.jar version: Built at 2019-11-28 14:31:53
[2020-01-15 14:01:51] [info   ] [Setup] ProblemSolutionSpaceMapperAnalysis.jar version: Built at 2019-11-28 16:11:10
[2020-01-15 14:01:51] [info   ] [Setup] DBUtils.jar version: Built at 2019-11-28 14:35:09
[2020-01-15 14:01:51] [info   ] [Setup] IOUtils.jar version: Built at 2019-11-28 14:34:16
[2020-01-15 14:01:51] [info   ] [Setup] FeatureEffectAnalysis.jar version: Built at 2019-11-28 14:34:47
[2020-01-15 14:01:51] [info   ] [Setup] SrcMLExtractor.jar version: Built at 2019-11-28 14:32:21
[2020-01-15 14:01:51] [info   ] [Setup] BusybootPreparation.jar version: Built at 2019-11-28 14:36:12
[2020-01-15 14:01:51] [info   ] [Setup] ProblemSolutionSpaceDivergenceDetectorAnalysis.jar version: Built at 2019-11-28 16:32:10
[2020-01-15 14:01:51] [info   ] [Setup] MetricHaven.jar version: Built at 2020-01-15 10:20:10
[2020-01-15 14:01:51] [info   ] [Setup] CodeBlockExtractor.jar version: Built at 2019-11-28 14:35:37
[2020-01-15 14:01:51] [info   ] [Setup] UnDeadAnalyzer.jar version: Built at 2019-11-28 15:01:11
[2020-01-15 14:01:51] [info   ] [Setup] EntityLocatorAnalysis.jar version: Built at 2019-11-28 14:34:59
[2020-01-15 14:01:51] [info   ] [Setup] KbuildMinerExtractor.jar version: Built at 2019-11-28 14:33:56
[2020-01-15 14:01:51] [info   ] [Setup] Successfully loaded 19 jars
[2020-01-15 14:01:51] [info   ] [Setup] Loading all classes specified in loadClasses.txt ...
[2020-01-15 14:01:51] [info   ] [Setup] Loaded 4 classes specified in loadClasses.txt files
[2020-01-15 14:01:51] [info   ] [Setup] Instantiating extractors...
[2020-01-15 14:01:51] [info   ] [Setup] Successfully instantiated variability extractor net.ssehub.kernel_haven.kconfigreader.KconfigReaderExtractor
[2020-01-15 14:01:51] [info   ] [Setup] Successfully instantiated build extractor net.ssehub.kernel_haven.kbuildminer.KbuildMinerExtractor
[2020-01-15 14:01:51] [info   ] [Setup] Successfully instantiated code extractor net.ssehub.kernel_haven.srcml.SrcMLExtractor
[2020-01-15 14:01:51] [info   ] [Setup] Creating providers...
[2020-01-15 14:01:51] [info   ] [Setup] Created variability provider
[2020-01-15 14:01:51] [info   ] [Setup] Created build provider
[2020-01-15 14:01:51] [info   ] [Setup] Created code provider
[2020-01-15 14:01:51] [info   ] [Setup] Instantiating analysis...
[2020-01-15 14:01:51] [info   ] [Setup] Successfully instantiated analysis net.ssehub.kernel_haven.metric_haven.metric_components.MetricsRunner
[2020-01-15 14:01:51] [info   ] [Setup] Starting analysis...
[2020-01-15 14:01:51] [info   ] [AnalysisPipelineController] MetricHaven executes atomic set and ignores further metric-specific configuration settings.
[2020-01-15 14:01:51] [status ] [KbuildMinerExtractor] Starting on 1 targets in 1 threads
[2020-01-15 14:01:51] [status ] [KconfigReaderExtractor] Starting on 1 targets in 1 threads
[2020-01-15 14:01:51] [info   ] [IndividualCodeMetricsRunner] Analysis component IndividualCodeMetricsRunner starting
[2020-01-15 14:01:52] [status ] [SrcMLExtractor] Starting on 32423 targets in 6 threads
[2020-01-15 14:02:21] [info   ] [ProgressLogger] KbuildMinerExtractor processed 0 of 1 (0%) items
                                                 KconfigReaderExtractor processed 0 of 1 (0%) items
                                                 SrcMLExtractor processed 5653 of 32423 (17%) items
[2020-01-15 14:02:48] [warning] [SrcMLExtractor-1] srcML was killed due to the kill-timeout being reached
[2020-01-15 14:02:51] [info   ] [ProgressLogger] KbuildMinerExtractor processed 0 of 1 (0%) items
                                                 KconfigReaderExtractor processed 0 of 1 (0%) items
                                                 SrcMLExtractor processed 11341 of 32423 (34%) items
[2020-01-15 14:02:52] [error  ] [KconfigReaderExtractor-1] Unhandled exception in thread KconfigReaderExtractor-1:
                                                           java.lang.ClassCastException: net.ssehub.kernel_haven.variability_model.HierarchicalVariable cannot be cast to net.ssehub.kernel_haven.kconfigreader.TristateVariable
                                                               at net.ssehub.kernel_haven.kconfigreader.Converter.convert(Converter.java:155)
                                                               at net.ssehub.kernel_haven.kconfigreader.KconfigReaderExtractor.runOnFile(KconfigReaderExtractor.java:208)
                                                               at net.ssehub.kernel_haven.kconfigreader.KconfigReaderExtractor.runOnFile(KconfigReaderExtractor.java:58)
                                                               at net.ssehub.kernel_haven.provider.AbstractExtractor$WorkerThread.run(AbstractExtractor.java:142)
[2020-01-15 14:02:52] [info   ] [ProgressLogger] KbuildMinerExtractor processed 0 of 1 (0%) items
                                                 KconfigReaderExtractor processed 0 of 1 (0%) items and finished in 01:01.003
                                                 SrcMLExtractor processed 11613 of 32423 (35%) items
[2020-01-15 14:02:52] [error  ] [ExtractorDataDuplicator] Got BM-Extractor exception:
                                                          net.ssehub.kernel_haven.util.ExtractorException: Did not get a variability model
                                                              at net.ssehub.kernel_haven.kbuildminer.KbuildMinerExtractor.runOnFile(KbuildMinerExtractor.java:112)
                                                              at net.ssehub.kernel_haven.kbuildminer.KbuildMinerExtractor.runOnFile(KbuildMinerExtractor.java:44)
                                                              at net.ssehub.kernel_haven.provider.AbstractExtractor$WorkerThread.run(AbstractExtractor.java:142)
[2020-01-15 14:02:52] [info   ] [ProgressLogger] KbuildMinerExtractor processed 1 of 1 (100%) items and finished in 01:01.039
                                                 SrcMLExtractor processed 11614 of 32423 (35%) items
[2020-01-15 14:02:52] [info   ] [VariabilityCounter] Analysis component VariabilityCounter starting
[2020-01-15 14:02:52] [info   ] [FeatureSizeEstimator] Analysis component FeatureSizeEstimator starting
[2020-01-15 14:02:52] [info   ] [FunctionMapCreator] Analysis component FunctionMapCreator starting
[2020-01-15 14:02:52] [error  ] [FeatureSizeEstimator] Did not get a variability model
                                                       Can't create any results
[2020-01-15 14:02:52] [info   ] [FeatureSizeEstimator] Analysis component FeatureSizeEstimator done
                                                       Execution took 00:00.061
[2020-01-15 14:02:52] [info   ] [OrderedCodeFunctionFilter] Analysis component OrderedCodeFunctionFilter starting
[2020-01-15 14:02:52] [info   ] [CodeFunctionFilter] Analysis component CodeFunctionFilter starting
[2020-01-15 14:02:52] [error  ] [VariabilityCounter] Did not get a variability model
                                                     Can't create any results
[2020-01-15 14:02:52] [info   ] [VariabilityCounter] Analysis component VariabilityCounter done
                                                     Execution took 00:00.077
[2020-01-15 14:03:22] [info   ] [ProgressLogger] SrcMLExtractor processed 14435 of 32423 (44%) items
                                                 CodeFunctionFilter processed 14349 items
[2020-01-15 14:03:52] [info   ] [ProgressLogger] SrcMLExtractor processed 17308 of 32423 (53%) items
                                                 CodeFunctionFilter processed 17211 items
[2020-01-15 14:04:22] [info   ] [ProgressLogger] SrcMLExtractor processed 19379 of 32423 (59%) items
                                                 CodeFunctionFilter processed 19275 items
[2020-01-15 14:04:52] [info   ] [ProgressLogger] SrcMLExtractor processed 22424 of 32423 (69%) items
                                                 CodeFunctionFilter processed 22306 items
[2020-01-15 14:05:22] [info   ] [ProgressLogger] SrcMLExtractor processed 25324 of 32423 (78%) items
                                                 CodeFunctionFilter processed 25196 items
[2020-01-15 14:05:52] [info   ] [ProgressLogger] SrcMLExtractor processed 27960 of 32423 (86%) items
                                                 CodeFunctionFilter processed 27817 items
[2020-01-15 14:06:22] [info   ] [ProgressLogger] SrcMLExtractor processed 30668 of 32423 (94%) items
                                                 CodeFunctionFilter processed 30507 items
[2020-01-15 14:06:42] [info   ] [ProgressLogger] SrcMLExtractor processed 32423 of 32423 (100%) items and finished in 04:49.776
                                                 CodeFunctionFilter processed 32254 items
[2020-01-15 14:06:42] [warning] [ExtractorDataDuplicator] CM-Extractor: Got 32255 elements and 168 exceptions
[2020-01-15 14:06:42] [info   ] [CodeFunctionFilter] Discarded 3627 functions that contained an ErrorElement
[2020-01-15 14:06:42] [info   ] [CodeFunctionFilter] Analysis component CodeFunctionFilter done
                                                     Execution took 03:49.132
[2020-01-15 14:06:42] [info   ] [ProgressLogger] CodeFunctionFilter processed 32255 items and finished in 03:49.131
[2020-01-15 14:06:43] [info   ] [ProgressLogger] OrderedCodeFunctionFilter processed 2185342 items and finished in 00:01.009
[2020-01-15 14:06:43] [info   ] [OrderedCodeFunctionFilter] Analysis component OrderedCodeFunctionFilter done
                                                            Execution took 03:50.142
[2020-01-15 14:06:51] [info   ] [FunctionMapCreator] Analysis component FunctionMapCreator done
                                                     Execution took 03:58.846
[2020-01-15 14:06:51] [info   ] [ProgressLogger] FunctionMapCreator processed 366436 of 366436 (100%) items and finished in 00:08.222
[2020-01-15 14:06:51] [error  ] [IndividualCodeMetricsRunner] Could not create metric instances:
                                                              net.ssehub.kernel_haven.SetUpException: ScatteringWeight requires a ScatteringDegreeContainer
                                                                  at net.ssehub.kernel_haven.metric_haven.metric_components.weights.ScatteringWeight.<init>(ScatteringWeight.java:46)
                                                                  at net.ssehub.kernel_haven.metric_haven.metric_components.weights.CachedWeightFactory.createSdWeight(CachedWeightFactory.java:62)
                                                                  at net.ssehub.kernel_haven.metric_haven.metric_components.weights.CachedWeightFactory.createVariabilityWeight(CachedWeightFactory.java:347)
                                                                  at net.ssehub.kernel_haven.metric_haven.metric_components.weights.CachedWeightFactory.createVariabilityWeight(CachedWeightFactory.java:434)
                                                                  at net.ssehub.kernel_haven.metric_haven.code_metrics.MetricFactory.createAllVariations(MetricFactory.java:683)
                                                                  at net.ssehub.kernel_haven.metric_haven.metric_components.IndividualCodeMetricsRunner.createAllAtomicVariations(IndividualCodeMetricsRunner.java:342)
                                                                  at net.ssehub.kernel_haven.metric_haven.metric_components.IndividualCodeMetricsRunner.instantiateMetrics(IndividualCodeMetricsRunner.java:587)
                                                                  at net.ssehub.kernel_haven.metric_haven.metric_components.CodeMetricsRunner.execute(CodeMetricsRunner.java:353)
                                                                  at net.ssehub.kernel_haven.analysis.AnalysisComponent.lambda$start$0(AnalysisComponent.java:229)
                                                                  at java.lang.Thread.run(Thread.java:748)
[2020-01-15 14:06:51] [info   ] [IndividualCodeMetricsRunner] Analysis component IndividualCodeMetricsRunner done
                                                              Execution took 04:59.960
[2020-01-15 14:06:51] [info   ] [Setup] Analysis has finished
[2020-01-15 14:06:51] [info   ] [Setup] Not archiving pipeline (not enabled by user)
[2020-01-15 14:06:51] [status ] [Setup] Pipeline done; exiting...
