[2020-01-16 00:43:37] [info   ] [Setup] Start executing KernelHaven with configuration file /tmp/SingleMetricAnalysis5485774685922152637.properties
[2020-01-16 00:43:37] [info   ] [Setup] System Info:
                                        	KernelHaven Version: Built at 2019-11-28 14:29:10
                                        	OS Name: Linux
                                        	OS Version: 4.4.0-169-generic
                                        	OS Arch: amd64
                                        	Java Home: /usr/lib/jvm/java-8-oracle/jre
                                        	Java Vendor: Oracle Corporation
                                        	Java Version: 1.8.0_201
                                        	Java VM Name: Java HotSpot(TM) 64-Bit Server VM
                                        	Java VM Version: 25.201-b09
                                        	Java VM Vendor: Oracle Corporation
                                        	Working Directory: /mnt/Linux-Analyses/MailCrawler/instance1/kh
                                        	Temporary Directory: /mnt/Linux-Analyses/MailCrawler/instance1/kh/tmp
                                        	File Encoding: UTF-8
                                        	Java Class Path: KernelHaven.jar
                                        	Maximum Memory: 38.33 GiB
                                        	Available Processors: 48
[2020-01-16 00:43:37] [info   ] [Setup] Start setting up pipeline...
[2020-01-16 00:43:37] [info   ] [Setup] Loading jars from directory /mnt/Linux-Analyses/MailCrawler/instance1/kh/plugins
[2020-01-16 00:43:37] [info   ] [Setup] IncrementalAnalysesInfrastructure.jar version: Built at 2019-12-12 13:33:10
[2020-01-16 00:43:37] [info   ] [Setup] UndertakerExtractor.jar version: Built at 2019-11-28 14:31:37
[2020-01-16 00:43:37] [info   ] [Setup] CnfUtils.jar version: Built at 2019-11-28 14:35:46
[2020-01-16 00:43:37] [info   ] [Setup] KconfigReaderExtractor.jar version: Built at 2019-11-28 14:33:44
[2020-01-16 00:43:37] [info   ] [Setup] CppUtils.jar version: Built at 2019-11-28 14:35:21
[2020-01-16 00:43:37] [info   ] [Setup] ProblemSolutionSpaceDivergenceCorrectorAnalysis.jar version: Built at 2019-11-28 16:37:10
[2020-01-16 00:43:37] [info   ] [Setup] TypeChefExtractor.jar version: Built at 2019-11-28 14:31:53
[2020-01-16 00:43:37] [info   ] [Setup] ProblemSolutionSpaceMapperAnalysis.jar version: Built at 2019-11-28 16:11:10
[2020-01-16 00:43:37] [info   ] [Setup] DBUtils.jar version: Built at 2019-11-28 14:35:09
[2020-01-16 00:43:37] [info   ] [Setup] IOUtils.jar version: Built at 2019-11-28 14:34:16
[2020-01-16 00:43:37] [info   ] [Setup] FeatureEffectAnalysis.jar version: Built at 2019-11-28 14:34:47
[2020-01-16 00:43:37] [info   ] [Setup] SrcMLExtractor.jar version: Built at 2019-11-28 14:32:21
[2020-01-16 00:43:37] [info   ] [Setup] BusybootPreparation.jar version: Built at 2019-11-28 14:36:12
[2020-01-16 00:43:37] [info   ] [Setup] ProblemSolutionSpaceDivergenceDetectorAnalysis.jar version: Built at 2019-11-28 16:32:10
[2020-01-16 00:43:37] [info   ] [Setup] MetricHaven.jar version: Built at 2020-01-15 10:20:10
[2020-01-16 00:43:37] [info   ] [Setup] CodeBlockExtractor.jar version: Built at 2019-11-28 14:35:37
[2020-01-16 00:43:37] [info   ] [Setup] UnDeadAnalyzer.jar version: Built at 2019-11-28 15:01:11
[2020-01-16 00:43:37] [info   ] [Setup] EntityLocatorAnalysis.jar version: Built at 2019-11-28 14:34:59
[2020-01-16 00:43:37] [info   ] [Setup] KbuildMinerExtractor.jar version: Built at 2019-11-28 14:33:56
[2020-01-16 00:43:37] [info   ] [Setup] Successfully loaded 19 jars
[2020-01-16 00:43:37] [info   ] [Setup] Loading all classes specified in loadClasses.txt ...
[2020-01-16 00:43:38] [info   ] [Setup] Loaded 4 classes specified in loadClasses.txt files
[2020-01-16 00:43:38] [info   ] [Setup] Instantiating extractors...
[2020-01-16 00:43:38] [info   ] [Setup] Successfully instantiated variability extractor net.ssehub.kernel_haven.kconfigreader.KconfigReaderExtractor
[2020-01-16 00:43:38] [info   ] [Setup] Successfully instantiated build extractor net.ssehub.kernel_haven.kbuildminer.KbuildMinerExtractor
[2020-01-16 00:43:38] [info   ] [Setup] Successfully instantiated code extractor net.ssehub.kernel_haven.srcml.SrcMLExtractor
[2020-01-16 00:43:38] [info   ] [Setup] Creating providers...
[2020-01-16 00:43:38] [info   ] [Setup] Created variability provider
[2020-01-16 00:43:38] [info   ] [Setup] Created build provider
[2020-01-16 00:43:38] [info   ] [Setup] Created code provider
[2020-01-16 00:43:38] [info   ] [Setup] Instantiating analysis...
[2020-01-16 00:43:38] [info   ] [Setup] Successfully instantiated analysis net.ssehub.kernel_haven.metric_haven.metric_components.MetricsRunner
[2020-01-16 00:43:38] [info   ] [Setup] Starting analysis...
[2020-01-16 00:43:38] [info   ] [AnalysisPipelineController] MetricHaven executes atomic set and ignores further metric-specific configuration settings.
[2020-01-16 00:43:38] [status ] [KbuildMinerExtractor] Starting on 1 targets in 1 threads
[2020-01-16 00:43:38] [status ] [KconfigReaderExtractor] Starting on 1 targets in 1 threads
[2020-01-16 00:43:38] [info   ] [IndividualCodeMetricsRunner] Analysis component IndividualCodeMetricsRunner starting
[2020-01-16 00:43:38] [status ] [SrcMLExtractor] Starting on 10502 targets in 6 threads
[2020-01-16 00:43:38] [error  ] [ExtractorDataDuplicator] Got VM-Extractor exception:
                                                          net.ssehub.kernel_haven.util.ExtractorException: 'make allyesconfig prepare' failed to execute
                                                              at net.ssehub.kernel_haven.kconfigreader.KconfigReaderExtractor.runOnFile(KconfigReaderExtractor.java:181)
                                                              at net.ssehub.kernel_haven.kconfigreader.KconfigReaderExtractor.runOnFile(KconfigReaderExtractor.java:58)
                                                              at net.ssehub.kernel_haven.provider.AbstractExtractor$WorkerThread.run(AbstractExtractor.java:142)
[2020-01-16 00:43:38] [info   ] [ProgressLogger] KbuildMinerExtractor processed 0 of 1 (0%) items
                                                 KconfigReaderExtractor processed 1 of 1 (100%) items and finished in 00:00.316
                                                 SrcMLExtractor processed 6 of 10502 (0%) items
[2020-01-16 00:43:38] [error  ] [ExtractorDataDuplicator] Got BM-Extractor exception:
                                                          net.ssehub.kernel_haven.util.ExtractorException: KbuildMiner execution not successful
                                                              at net.ssehub.kernel_haven.kbuildminer.KbuildMinerExtractor.runOnFile(KbuildMinerExtractor.java:103)
                                                              at net.ssehub.kernel_haven.kbuildminer.KbuildMinerExtractor.runOnFile(KbuildMinerExtractor.java:44)
                                                              at net.ssehub.kernel_haven.provider.AbstractExtractor$WorkerThread.run(AbstractExtractor.java:142)
[2020-01-16 00:43:38] [info   ] [ProgressLogger] KbuildMinerExtractor processed 1 of 1 (100%) items and finished in 00:00.681
                                                 SrcMLExtractor processed 54 of 10502 (0%) items
[2020-01-16 00:43:38] [info   ] [FunctionMapCreator] Analysis component FunctionMapCreator starting
[2020-01-16 00:43:38] [info   ] [FeatureSizeEstimator] Analysis component FeatureSizeEstimator starting
[2020-01-16 00:43:38] [info   ] [VariabilityCounter] Analysis component VariabilityCounter starting
[2020-01-16 00:43:38] [error  ] [FeatureSizeEstimator] Did not get a variability model
                                                       Can't create any results
[2020-01-16 00:43:38] [error  ] [VariabilityCounter] Did not get a variability model
                                                     Can't create any results
[2020-01-16 00:43:38] [info   ] [OrderedCodeFunctionFilter] Analysis component OrderedCodeFunctionFilter starting
[2020-01-16 00:43:38] [info   ] [FeatureSizeEstimator] Analysis component FeatureSizeEstimator done
                                                       Execution took 00:00.002
[2020-01-16 00:43:38] [info   ] [VariabilityCounter] Analysis component VariabilityCounter done
                                                     Execution took 00:00.001
[2020-01-16 00:43:38] [info   ] [CodeFunctionFilter] Analysis component CodeFunctionFilter starting
[2020-01-16 00:44:08] [info   ] [ProgressLogger] SrcMLExtractor processed 4689 of 10502 (44%) items
                                                 CodeFunctionFilter processed 4653 items
[2020-01-16 00:44:38] [info   ] [ProgressLogger] SrcMLExtractor processed 7326 of 10502 (69%) items
                                                 CodeFunctionFilter processed 7256 items
[2020-01-16 00:45:08] [info   ] [ProgressLogger] SrcMLExtractor processed 7384 of 10502 (70%) items
                                                 CodeFunctionFilter processed 7314 items
[2020-01-16 00:45:38] [info   ] [ProgressLogger] SrcMLExtractor processed 7394 of 10502 (70%) items
                                                 CodeFunctionFilter processed 7324 items
[2020-01-16 00:46:08] [info   ] [ProgressLogger] SrcMLExtractor processed 7816 of 10502 (74%) items
                                                 CodeFunctionFilter processed 7743 items
[2020-01-16 00:46:38] [info   ] [ProgressLogger] SrcMLExtractor processed 8349 of 10502 (79%) items
                                                 CodeFunctionFilter processed 8271 items
[2020-01-16 00:47:08] [info   ] [ProgressLogger] SrcMLExtractor processed 9036 of 10502 (86%) items
                                                 CodeFunctionFilter processed 8954 items
[2020-01-16 00:47:38] [info   ] [ProgressLogger] SrcMLExtractor processed 10222 of 10502 (97%) items
                                                 CodeFunctionFilter processed 10130 items
[2020-01-16 00:48:08] [info   ] [ProgressLogger] SrcMLExtractor processed 10500 of 10502 (99%) items
                                                 CodeFunctionFilter processed 10406 items
[2020-01-16 00:48:38] [info   ] [ProgressLogger] SrcMLExtractor processed 10500 of 10502 (99%) items
                                                 CodeFunctionFilter processed 10406 items
[2020-01-16 00:49:08] [info   ] [ProgressLogger] SrcMLExtractor processed 10500 of 10502 (99%) items
                                                 CodeFunctionFilter processed 10406 items
[2020-01-16 00:49:38] [info   ] [ProgressLogger] SrcMLExtractor processed 10500 of 10502 (99%) items
                                                 CodeFunctionFilter processed 10406 items
[2020-01-16 00:50:08] [info   ] [ProgressLogger] SrcMLExtractor processed 10500 of 10502 (99%) items
                                                 CodeFunctionFilter processed 10406 items
[2020-01-16 00:50:38] [info   ] [ProgressLogger] SrcMLExtractor processed 10500 of 10502 (99%) items
                                                 CodeFunctionFilter processed 10406 items
[2020-01-16 00:51:08] [info   ] [ProgressLogger] SrcMLExtractor processed 10501 of 10502 (99%) items
                                                 CodeFunctionFilter processed 10407 items
[2020-01-16 00:51:38] [info   ] [ProgressLogger] SrcMLExtractor processed 10501 of 10502 (99%) items
                                                 CodeFunctionFilter processed 10407 items
[2020-01-16 00:52:08] [info   ] [ProgressLogger] SrcMLExtractor processed 10501 of 10502 (99%) items
                                                 CodeFunctionFilter processed 10407 items
[2020-01-16 00:52:21] [info   ] [ProgressLogger] SrcMLExtractor processed 10502 of 10502 (100%) items and finished in 08:43.497
                                                 CodeFunctionFilter processed 10408 items
[2020-01-16 00:52:21] [warning] [ExtractorDataDuplicator] CM-Extractor: Got 10408 elements and 94 exceptions
[2020-01-16 00:52:21] [info   ] [CodeFunctionFilter] Discarded 1102 functions that contained an ErrorElement
[2020-01-16 00:52:21] [info   ] [CodeFunctionFilter] Analysis component CodeFunctionFilter done
                                                     Execution took 08:42.969
[2020-01-16 00:52:21] [info   ] [ProgressLogger] CodeFunctionFilter processed 10408 items and finished in 08:42.968
[2020-01-16 00:52:22] [info   ] [OrderedCodeFunctionFilter] Analysis component OrderedCodeFunctionFilter done
                                                            Execution took 08:43.258
[2020-01-16 00:52:22] [info   ] [ProgressLogger] OrderedCodeFunctionFilter processed 738281 items and finished in 00:00.287
[2020-01-16 00:52:24] [info   ] [FunctionMapCreator] Analysis component FunctionMapCreator done
                                                     Execution took 08:45.885
[2020-01-16 00:52:24] [info   ] [ProgressLogger] FunctionMapCreator processed 126190 of 126190 (100%) items and finished in 00:02.467
[2020-01-16 00:52:24] [error  ] [IndividualCodeMetricsRunner] Could not create metric instances:
                                                              net.ssehub.kernel_haven.SetUpException: ScatteringWeight requires a ScatteringDegreeContainer
                                                                  at net.ssehub.kernel_haven.metric_haven.metric_components.weights.ScatteringWeight.<init>(ScatteringWeight.java:46)
                                                                  at net.ssehub.kernel_haven.metric_haven.metric_components.weights.CachedWeightFactory.createSdWeight(CachedWeightFactory.java:62)
                                                                  at net.ssehub.kernel_haven.metric_haven.metric_components.weights.CachedWeightFactory.createVariabilityWeight(CachedWeightFactory.java:347)
                                                                  at net.ssehub.kernel_haven.metric_haven.metric_components.weights.CachedWeightFactory.createVariabilityWeight(CachedWeightFactory.java:434)
                                                                  at net.ssehub.kernel_haven.metric_haven.code_metrics.MetricFactory.createAllVariations(MetricFactory.java:683)
                                                                  at net.ssehub.kernel_haven.metric_haven.metric_components.IndividualCodeMetricsRunner.createAllAtomicVariations(IndividualCodeMetricsRunner.java:342)
                                                                  at net.ssehub.kernel_haven.metric_haven.metric_components.IndividualCodeMetricsRunner.instantiateMetrics(IndividualCodeMetricsRunner.java:587)
                                                                  at net.ssehub.kernel_haven.metric_haven.metric_components.CodeMetricsRunner.execute(CodeMetricsRunner.java:353)
                                                                  at net.ssehub.kernel_haven.analysis.AnalysisComponent.lambda$start$0(AnalysisComponent.java:229)
                                                                  at java.lang.Thread.run(Thread.java:748)
[2020-01-16 00:52:24] [info   ] [IndividualCodeMetricsRunner] Analysis component IndividualCodeMetricsRunner done
                                                              Execution took 08:46.576
[2020-01-16 00:52:24] [info   ] [Setup] Analysis has finished
[2020-01-16 00:52:24] [info   ] [Setup] Not archiving pipeline (not enabled by user)
[2020-01-16 00:52:24] [status ] [Setup] Pipeline done; exiting...
