[2020-01-15 13:38:12] [info   ] [Setup] Start executing KernelHaven with configuration file /tmp/SingleMetricAnalysis2684877603804456164.properties
[2020-01-15 13:38:12] [info   ] [Setup] System Info:
                                        	KernelHaven Version: Built at 2019-11-28 14:29:10
                                        	OS Name: Linux
                                        	OS Version: 4.4.0-169-generic
                                        	OS Arch: amd64
                                        	Java Home: /usr/lib/jvm/java-8-oracle/jre
                                        	Java Vendor: Oracle Corporation
                                        	Java Version: 1.8.0_201
                                        	Java VM Name: Java HotSpot(TM) 64-Bit Server VM
                                        	Java VM Version: 25.201-b09
                                        	Java VM Vendor: Oracle Corporation
                                        	Working Directory: /mnt/Linux-Analyses/MailCrawler/instance1/kh
                                        	Temporary Directory: /mnt/Linux-Analyses/MailCrawler/instance1/kh/tmp
                                        	File Encoding: UTF-8
                                        	Java Class Path: KernelHaven.jar
                                        	Maximum Memory: 38.33 GiB
                                        	Available Processors: 48
[2020-01-15 13:38:12] [info   ] [Setup] Start setting up pipeline...
[2020-01-15 13:38:12] [info   ] [Setup] Loading jars from directory /mnt/Linux-Analyses/MailCrawler/instance1/kh/plugins
[2020-01-15 13:38:12] [info   ] [Setup] IncrementalAnalysesInfrastructure.jar version: Built at 2019-12-12 13:33:10
[2020-01-15 13:38:12] [info   ] [Setup] UndertakerExtractor.jar version: Built at 2019-11-28 14:31:37
[2020-01-15 13:38:12] [info   ] [Setup] CnfUtils.jar version: Built at 2019-11-28 14:35:46
[2020-01-15 13:38:12] [info   ] [Setup] KconfigReaderExtractor.jar version: Built at 2019-11-28 14:33:44
[2020-01-15 13:38:12] [info   ] [Setup] CppUtils.jar version: Built at 2019-11-28 14:35:21
[2020-01-15 13:38:12] [info   ] [Setup] ProblemSolutionSpaceDivergenceCorrectorAnalysis.jar version: Built at 2019-11-28 16:37:10
[2020-01-15 13:38:12] [info   ] [Setup] TypeChefExtractor.jar version: Built at 2019-11-28 14:31:53
[2020-01-15 13:38:12] [info   ] [Setup] ProblemSolutionSpaceMapperAnalysis.jar version: Built at 2019-11-28 16:11:10
[2020-01-15 13:38:12] [info   ] [Setup] DBUtils.jar version: Built at 2019-11-28 14:35:09
[2020-01-15 13:38:12] [info   ] [Setup] IOUtils.jar version: Built at 2019-11-28 14:34:16
[2020-01-15 13:38:12] [info   ] [Setup] FeatureEffectAnalysis.jar version: Built at 2019-11-28 14:34:47
[2020-01-15 13:38:12] [info   ] [Setup] SrcMLExtractor.jar version: Built at 2019-11-28 14:32:21
[2020-01-15 13:38:12] [info   ] [Setup] BusybootPreparation.jar version: Built at 2019-11-28 14:36:12
[2020-01-15 13:38:12] [info   ] [Setup] ProblemSolutionSpaceDivergenceDetectorAnalysis.jar version: Built at 2019-11-28 16:32:10
[2020-01-15 13:38:12] [info   ] [Setup] MetricHaven.jar version: Built at 2020-01-15 10:20:10
[2020-01-15 13:38:12] [info   ] [Setup] CodeBlockExtractor.jar version: Built at 2019-11-28 14:35:37
[2020-01-15 13:38:12] [info   ] [Setup] UnDeadAnalyzer.jar version: Built at 2019-11-28 15:01:11
[2020-01-15 13:38:12] [info   ] [Setup] EntityLocatorAnalysis.jar version: Built at 2019-11-28 14:34:59
[2020-01-15 13:38:12] [info   ] [Setup] KbuildMinerExtractor.jar version: Built at 2019-11-28 14:33:56
[2020-01-15 13:38:12] [info   ] [Setup] Successfully loaded 19 jars
[2020-01-15 13:38:12] [info   ] [Setup] Loading all classes specified in loadClasses.txt ...
[2020-01-15 13:38:12] [info   ] [Setup] Loaded 4 classes specified in loadClasses.txt files
[2020-01-15 13:38:12] [info   ] [Setup] Instantiating extractors...
[2020-01-15 13:38:12] [info   ] [Setup] Successfully instantiated variability extractor net.ssehub.kernel_haven.kconfigreader.KconfigReaderExtractor
[2020-01-15 13:38:12] [info   ] [Setup] Successfully instantiated build extractor net.ssehub.kernel_haven.kbuildminer.KbuildMinerExtractor
[2020-01-15 13:38:12] [info   ] [Setup] Successfully instantiated code extractor net.ssehub.kernel_haven.srcml.SrcMLExtractor
[2020-01-15 13:38:12] [info   ] [Setup] Creating providers...
[2020-01-15 13:38:12] [info   ] [Setup] Created variability provider
[2020-01-15 13:38:12] [info   ] [Setup] Created build provider
[2020-01-15 13:38:12] [info   ] [Setup] Created code provider
[2020-01-15 13:38:12] [info   ] [Setup] Instantiating analysis...
[2020-01-15 13:38:12] [info   ] [Setup] Successfully instantiated analysis net.ssehub.kernel_haven.metric_haven.metric_components.MetricsRunner
[2020-01-15 13:38:12] [info   ] [Setup] Starting analysis...
[2020-01-15 13:38:12] [info   ] [AnalysisPipelineController] MetricHaven executes atomic set and ignores further metric-specific configuration settings.
[2020-01-15 13:38:12] [status ] [KbuildMinerExtractor] Starting on 1 targets in 1 threads
[2020-01-15 13:38:12] [status ] [KconfigReaderExtractor] Starting on 1 targets in 1 threads
[2020-01-15 13:38:12] [info   ] [IndividualCodeMetricsRunner] Analysis component IndividualCodeMetricsRunner starting
[2020-01-15 13:38:13] [status ] [SrcMLExtractor] Starting on 32760 targets in 6 threads
[2020-01-15 13:38:42] [info   ] [ProgressLogger] KconfigReaderExtractor processed 0 of 1 (0%) items
                                                 KbuildMinerExtractor processed 0 of 1 (0%) items
                                                 SrcMLExtractor processed 5249 of 32760 (16%) items
[2020-01-15 13:39:00] [error  ] [KconfigReaderExtractor-1] Unhandled exception in thread KconfigReaderExtractor-1:
                                                           java.lang.ClassCastException: net.ssehub.kernel_haven.variability_model.HierarchicalVariable cannot be cast to net.ssehub.kernel_haven.kconfigreader.TristateVariable
                                                               at net.ssehub.kernel_haven.kconfigreader.Converter.convert(Converter.java:155)
                                                               at net.ssehub.kernel_haven.kconfigreader.KconfigReaderExtractor.runOnFile(KconfigReaderExtractor.java:208)
                                                               at net.ssehub.kernel_haven.kconfigreader.KconfigReaderExtractor.runOnFile(KconfigReaderExtractor.java:58)
                                                               at net.ssehub.kernel_haven.provider.AbstractExtractor$WorkerThread.run(AbstractExtractor.java:142)
[2020-01-15 13:39:00] [info   ] [ProgressLogger] KconfigReaderExtractor processed 0 of 1 (0%) items and finished in 00:47.841
                                                 KbuildMinerExtractor processed 0 of 1 (0%) items
                                                 SrcMLExtractor processed 9315 of 32760 (28%) items
[2020-01-15 13:39:25] [error  ] [ExtractorDataDuplicator] Got BM-Extractor exception:
                                                          net.ssehub.kernel_haven.util.ExtractorException: Did not get a variability model
                                                              at net.ssehub.kernel_haven.kbuildminer.KbuildMinerExtractor.runOnFile(KbuildMinerExtractor.java:112)
                                                              at net.ssehub.kernel_haven.kbuildminer.KbuildMinerExtractor.runOnFile(KbuildMinerExtractor.java:44)
                                                              at net.ssehub.kernel_haven.provider.AbstractExtractor$WorkerThread.run(AbstractExtractor.java:142)
[2020-01-15 13:39:25] [info   ] [ProgressLogger] KbuildMinerExtractor processed 1 of 1 (100%) items and finished in 01:12.857
                                                 SrcMLExtractor processed 13114 of 32760 (40%) items
[2020-01-15 13:39:25] [info   ] [VariabilityCounter] Analysis component VariabilityCounter starting
[2020-01-15 13:39:25] [info   ] [FunctionMapCreator] Analysis component FunctionMapCreator starting
[2020-01-15 13:39:25] [info   ] [FeatureSizeEstimator] Analysis component FeatureSizeEstimator starting
[2020-01-15 13:39:25] [error  ] [VariabilityCounter] Did not get a variability model
                                                     Can't create any results
[2020-01-15 13:39:25] [info   ] [VariabilityCounter] Analysis component VariabilityCounter done
                                                     Execution took 00:00.001
[2020-01-15 13:39:25] [error  ] [FeatureSizeEstimator] Did not get a variability model
                                                       Can't create any results
[2020-01-15 13:39:25] [info   ] [FeatureSizeEstimator] Analysis component FeatureSizeEstimator done
                                                       Execution took 00:00.001
[2020-01-15 13:39:25] [info   ] [OrderedCodeFunctionFilter] Analysis component OrderedCodeFunctionFilter starting
[2020-01-15 13:39:25] [info   ] [CodeFunctionFilter] Analysis component CodeFunctionFilter starting
[2020-01-15 13:39:55] [info   ] [ProgressLogger] SrcMLExtractor processed 16151 of 32760 (49%) items
                                                 CodeFunctionFilter processed 16061 items
[2020-01-15 13:40:25] [info   ] [ProgressLogger] SrcMLExtractor processed 18342 of 32760 (55%) items
                                                 CodeFunctionFilter processed 18240 items
[2020-01-15 13:40:55] [info   ] [ProgressLogger] SrcMLExtractor processed 20641 of 32760 (63%) items
                                                 CodeFunctionFilter processed 20533 items
[2020-01-15 13:41:09] [warning] [SrcMLExtractor-1] srcML was killed due to the kill-timeout being reached
[2020-01-15 13:41:25] [info   ] [ProgressLogger] SrcMLExtractor processed 23166 of 32760 (70%) items
                                                 CodeFunctionFilter processed 23046 items
[2020-01-15 13:41:55] [info   ] [ProgressLogger] SrcMLExtractor processed 25729 of 32760 (78%) items
                                                 CodeFunctionFilter processed 25601 items
[2020-01-15 13:42:25] [info   ] [ProgressLogger] SrcMLExtractor processed 27963 of 32760 (85%) items
                                                 CodeFunctionFilter processed 27822 items
[2020-01-15 13:42:55] [info   ] [ProgressLogger] SrcMLExtractor processed 30805 of 32760 (94%) items
                                                 CodeFunctionFilter processed 30646 items
[2020-01-15 13:43:14] [info   ] [ProgressLogger] SrcMLExtractor processed 32760 of 32760 (100%) items and finished in 05:01.243
                                                 CodeFunctionFilter processed 32590 items
[2020-01-15 13:43:14] [warning] [ExtractorDataDuplicator] CM-Extractor: Got 32591 elements and 169 exceptions
[2020-01-15 13:43:14] [info   ] [CodeFunctionFilter] Discarded 3619 functions that contained an ErrorElement
[2020-01-15 13:43:14] [info   ] [CodeFunctionFilter] Analysis component CodeFunctionFilter done
                                                     Execution took 03:48.820
[2020-01-15 13:43:14] [info   ] [ProgressLogger] CodeFunctionFilter processed 32591 items and finished in 03:48.820
[2020-01-15 13:43:15] [info   ] [ProgressLogger] OrderedCodeFunctionFilter processed 2206983 items and finished in 00:00.941
[2020-01-15 13:43:15] [info   ] [OrderedCodeFunctionFilter] Analysis component OrderedCodeFunctionFilter done
                                                            Execution took 03:49.764
[2020-01-15 13:43:23] [info   ] [FunctionMapCreator] Analysis component FunctionMapCreator done
                                                     Execution took 03:57.368
[2020-01-15 13:43:23] [info   ] [ProgressLogger] FunctionMapCreator processed 370051 of 370051 (100%) items and finished in 00:07.107
[2020-01-15 13:43:23] [error  ] [IndividualCodeMetricsRunner] Could not create metric instances:
                                                              net.ssehub.kernel_haven.SetUpException: ScatteringWeight requires a ScatteringDegreeContainer
                                                                  at net.ssehub.kernel_haven.metric_haven.metric_components.weights.ScatteringWeight.<init>(ScatteringWeight.java:46)
                                                                  at net.ssehub.kernel_haven.metric_haven.metric_components.weights.CachedWeightFactory.createSdWeight(CachedWeightFactory.java:62)
                                                                  at net.ssehub.kernel_haven.metric_haven.metric_components.weights.CachedWeightFactory.createVariabilityWeight(CachedWeightFactory.java:347)
                                                                  at net.ssehub.kernel_haven.metric_haven.metric_components.weights.CachedWeightFactory.createVariabilityWeight(CachedWeightFactory.java:434)
                                                                  at net.ssehub.kernel_haven.metric_haven.code_metrics.MetricFactory.createAllVariations(MetricFactory.java:683)
                                                                  at net.ssehub.kernel_haven.metric_haven.metric_components.IndividualCodeMetricsRunner.createAllAtomicVariations(IndividualCodeMetricsRunner.java:342)
                                                                  at net.ssehub.kernel_haven.metric_haven.metric_components.IndividualCodeMetricsRunner.instantiateMetrics(IndividualCodeMetricsRunner.java:587)
                                                                  at net.ssehub.kernel_haven.metric_haven.metric_components.CodeMetricsRunner.execute(CodeMetricsRunner.java:353)
                                                                  at net.ssehub.kernel_haven.analysis.AnalysisComponent.lambda$start$0(AnalysisComponent.java:229)
                                                                  at java.lang.Thread.run(Thread.java:748)
[2020-01-15 13:43:23] [info   ] [IndividualCodeMetricsRunner] Analysis component IndividualCodeMetricsRunner done
                                                              Execution took 05:10.239
[2020-01-15 13:43:23] [info   ] [Setup] Analysis has finished
[2020-01-15 13:43:23] [info   ] [Setup] Not archiving pipeline (not enabled by user)
[2020-01-15 13:43:23] [status ] [Setup] Pipeline done; exiting...
