[2020-01-16 00:53:16] [info   ] [Setup] Start executing KernelHaven with configuration file /tmp/SingleMetricAnalysis6974225208932760295.properties
[2020-01-16 00:53:16] [info   ] [Setup] System Info:
                                        	KernelHaven Version: Built at 2019-11-28 14:29:10
                                        	OS Name: Linux
                                        	OS Version: 4.4.0-169-generic
                                        	OS Arch: amd64
                                        	Java Home: /usr/lib/jvm/java-8-oracle/jre
                                        	Java Vendor: Oracle Corporation
                                        	Java Version: 1.8.0_201
                                        	Java VM Name: Java HotSpot(TM) 64-Bit Server VM
                                        	Java VM Version: 25.201-b09
                                        	Java VM Vendor: Oracle Corporation
                                        	Working Directory: /mnt/Linux-Analyses/MailCrawler/instance1/kh
                                        	Temporary Directory: /mnt/Linux-Analyses/MailCrawler/instance1/kh/tmp
                                        	File Encoding: UTF-8
                                        	Java Class Path: KernelHaven.jar
                                        	Maximum Memory: 38.33 GiB
                                        	Available Processors: 48
[2020-01-16 00:53:16] [info   ] [Setup] Start setting up pipeline...
[2020-01-16 00:53:16] [info   ] [Setup] Loading jars from directory /mnt/Linux-Analyses/MailCrawler/instance1/kh/plugins
[2020-01-16 00:53:17] [info   ] [Setup] IncrementalAnalysesInfrastructure.jar version: Built at 2019-12-12 13:33:10
[2020-01-16 00:53:17] [info   ] [Setup] UndertakerExtractor.jar version: Built at 2019-11-28 14:31:37
[2020-01-16 00:53:17] [info   ] [Setup] CnfUtils.jar version: Built at 2019-11-28 14:35:46
[2020-01-16 00:53:17] [info   ] [Setup] KconfigReaderExtractor.jar version: Built at 2019-11-28 14:33:44
[2020-01-16 00:53:17] [info   ] [Setup] CppUtils.jar version: Built at 2019-11-28 14:35:21
[2020-01-16 00:53:17] [info   ] [Setup] ProblemSolutionSpaceDivergenceCorrectorAnalysis.jar version: Built at 2019-11-28 16:37:10
[2020-01-16 00:53:17] [info   ] [Setup] TypeChefExtractor.jar version: Built at 2019-11-28 14:31:53
[2020-01-16 00:53:17] [info   ] [Setup] ProblemSolutionSpaceMapperAnalysis.jar version: Built at 2019-11-28 16:11:10
[2020-01-16 00:53:17] [info   ] [Setup] DBUtils.jar version: Built at 2019-11-28 14:35:09
[2020-01-16 00:53:17] [info   ] [Setup] IOUtils.jar version: Built at 2019-11-28 14:34:16
[2020-01-16 00:53:17] [info   ] [Setup] FeatureEffectAnalysis.jar version: Built at 2019-11-28 14:34:47
[2020-01-16 00:53:17] [info   ] [Setup] SrcMLExtractor.jar version: Built at 2019-11-28 14:32:21
[2020-01-16 00:53:17] [info   ] [Setup] BusybootPreparation.jar version: Built at 2019-11-28 14:36:12
[2020-01-16 00:53:17] [info   ] [Setup] ProblemSolutionSpaceDivergenceDetectorAnalysis.jar version: Built at 2019-11-28 16:32:10
[2020-01-16 00:53:17] [info   ] [Setup] MetricHaven.jar version: Built at 2020-01-15 10:20:10
[2020-01-16 00:53:17] [info   ] [Setup] CodeBlockExtractor.jar version: Built at 2019-11-28 14:35:37
[2020-01-16 00:53:17] [info   ] [Setup] UnDeadAnalyzer.jar version: Built at 2019-11-28 15:01:11
[2020-01-16 00:53:17] [info   ] [Setup] EntityLocatorAnalysis.jar version: Built at 2019-11-28 14:34:59
[2020-01-16 00:53:17] [info   ] [Setup] KbuildMinerExtractor.jar version: Built at 2019-11-28 14:33:56
[2020-01-16 00:53:17] [info   ] [Setup] Successfully loaded 19 jars
[2020-01-16 00:53:17] [info   ] [Setup] Loading all classes specified in loadClasses.txt ...
[2020-01-16 00:53:17] [info   ] [Setup] Loaded 4 classes specified in loadClasses.txt files
[2020-01-16 00:53:17] [info   ] [Setup] Instantiating extractors...
[2020-01-16 00:53:17] [info   ] [Setup] Successfully instantiated variability extractor net.ssehub.kernel_haven.kconfigreader.KconfigReaderExtractor
[2020-01-16 00:53:17] [info   ] [Setup] Successfully instantiated build extractor net.ssehub.kernel_haven.kbuildminer.KbuildMinerExtractor
[2020-01-16 00:53:17] [info   ] [Setup] Successfully instantiated code extractor net.ssehub.kernel_haven.srcml.SrcMLExtractor
[2020-01-16 00:53:17] [info   ] [Setup] Creating providers...
[2020-01-16 00:53:17] [info   ] [Setup] Created variability provider
[2020-01-16 00:53:17] [info   ] [Setup] Created build provider
[2020-01-16 00:53:17] [info   ] [Setup] Created code provider
[2020-01-16 00:53:17] [info   ] [Setup] Instantiating analysis...
[2020-01-16 00:53:17] [info   ] [Setup] Successfully instantiated analysis net.ssehub.kernel_haven.metric_haven.metric_components.MetricsRunner
[2020-01-16 00:53:17] [info   ] [Setup] Starting analysis...
[2020-01-16 00:53:17] [info   ] [AnalysisPipelineController] MetricHaven executes atomic set and ignores further metric-specific configuration settings.
[2020-01-16 00:53:17] [status ] [KconfigReaderExtractor] Starting on 1 targets in 1 threads
[2020-01-16 00:53:17] [status ] [KbuildMinerExtractor] Starting on 1 targets in 1 threads
[2020-01-16 00:53:17] [info   ] [IndividualCodeMetricsRunner] Analysis component IndividualCodeMetricsRunner starting
[2020-01-16 00:53:17] [status ] [SrcMLExtractor] Starting on 10502 targets in 6 threads
[2020-01-16 00:53:17] [error  ] [ExtractorDataDuplicator] Got VM-Extractor exception:
                                                          net.ssehub.kernel_haven.util.ExtractorException: 'make allyesconfig prepare' failed to execute
                                                              at net.ssehub.kernel_haven.kconfigreader.KconfigReaderExtractor.runOnFile(KconfigReaderExtractor.java:181)
                                                              at net.ssehub.kernel_haven.kconfigreader.KconfigReaderExtractor.runOnFile(KconfigReaderExtractor.java:58)
                                                              at net.ssehub.kernel_haven.provider.AbstractExtractor$WorkerThread.run(AbstractExtractor.java:142)
[2020-01-16 00:53:17] [info   ] [ProgressLogger] KconfigReaderExtractor processed 1 of 1 (100%) items and finished in 00:00.232
                                                 KbuildMinerExtractor processed 0 of 1 (0%) items
                                                 SrcMLExtractor processed 0 of 10502 (0%) items
[2020-01-16 00:53:18] [error  ] [ExtractorDataDuplicator] Got BM-Extractor exception:
                                                          net.ssehub.kernel_haven.util.ExtractorException: KbuildMiner execution not successful
                                                              at net.ssehub.kernel_haven.kbuildminer.KbuildMinerExtractor.runOnFile(KbuildMinerExtractor.java:103)
                                                              at net.ssehub.kernel_haven.kbuildminer.KbuildMinerExtractor.runOnFile(KbuildMinerExtractor.java:44)
                                                              at net.ssehub.kernel_haven.provider.AbstractExtractor$WorkerThread.run(AbstractExtractor.java:142)
[2020-01-16 00:53:18] [info   ] [ProgressLogger] KbuildMinerExtractor processed 1 of 1 (100%) items and finished in 00:00.593
                                                 SrcMLExtractor processed 43 of 10502 (0%) items
[2020-01-16 00:53:18] [info   ] [FeatureSizeEstimator] Analysis component FeatureSizeEstimator starting
[2020-01-16 00:53:18] [info   ] [VariabilityCounter] Analysis component VariabilityCounter starting
[2020-01-16 00:53:18] [info   ] [FunctionMapCreator] Analysis component FunctionMapCreator starting
[2020-01-16 00:53:18] [error  ] [FeatureSizeEstimator] Did not get a variability model
                                                       Can't create any results
[2020-01-16 00:53:18] [error  ] [VariabilityCounter] Did not get a variability model
                                                     Can't create any results
[2020-01-16 00:53:18] [info   ] [VariabilityCounter] Analysis component VariabilityCounter done
                                                     Execution took 00:00.001
[2020-01-16 00:53:18] [info   ] [FeatureSizeEstimator] Analysis component FeatureSizeEstimator done
                                                       Execution took 00:00.001
[2020-01-16 00:53:18] [info   ] [OrderedCodeFunctionFilter] Analysis component OrderedCodeFunctionFilter starting
[2020-01-16 00:53:18] [info   ] [CodeFunctionFilter] Analysis component CodeFunctionFilter starting
[2020-01-16 00:53:48] [info   ] [ProgressLogger] SrcMLExtractor processed 4728 of 10502 (45%) items
                                                 CodeFunctionFilter processed 4693 items
[2020-01-16 00:54:18] [info   ] [ProgressLogger] SrcMLExtractor processed 7384 of 10502 (70%) items
                                                 CodeFunctionFilter processed 7314 items
[2020-01-16 00:54:48] [info   ] [ProgressLogger] SrcMLExtractor processed 7394 of 10502 (70%) items
                                                 CodeFunctionFilter processed 7324 items
[2020-01-16 00:55:18] [info   ] [ProgressLogger] SrcMLExtractor processed 7765 of 10502 (73%) items
                                                 CodeFunctionFilter processed 7692 items
[2020-01-16 00:55:48] [info   ] [ProgressLogger] SrcMLExtractor processed 8316 of 10502 (79%) items
                                                 CodeFunctionFilter processed 8238 items
[2020-01-16 00:56:18] [info   ] [ProgressLogger] SrcMLExtractor processed 8912 of 10502 (84%) items
                                                 CodeFunctionFilter processed 8832 items
[2020-01-16 00:56:48] [info   ] [ProgressLogger] SrcMLExtractor processed 9678 of 10502 (92%) items
                                                 CodeFunctionFilter processed 9591 items
[2020-01-16 00:57:18] [info   ] [ProgressLogger] SrcMLExtractor processed 10500 of 10502 (99%) items
                                                 CodeFunctionFilter processed 10406 items
[2020-01-16 00:57:48] [info   ] [ProgressLogger] SrcMLExtractor processed 10500 of 10502 (99%) items
                                                 CodeFunctionFilter processed 10406 items
[2020-01-16 00:58:18] [info   ] [ProgressLogger] SrcMLExtractor processed 10500 of 10502 (99%) items
                                                 CodeFunctionFilter processed 10406 items
[2020-01-16 00:58:48] [info   ] [ProgressLogger] SrcMLExtractor processed 10500 of 10502 (99%) items
                                                 CodeFunctionFilter processed 10406 items
[2020-01-16 00:59:18] [info   ] [ProgressLogger] SrcMLExtractor processed 10500 of 10502 (99%) items
                                                 CodeFunctionFilter processed 10406 items
[2020-01-16 00:59:48] [info   ] [ProgressLogger] SrcMLExtractor processed 10501 of 10502 (99%) items
                                                 CodeFunctionFilter processed 10407 items
[2020-01-16 01:00:10] [info   ] [ProgressLogger] SrcMLExtractor processed 10502 of 10502 (100%) items and finished in 06:53.184
                                                 CodeFunctionFilter processed 10408 items
[2020-01-16 01:00:10] [warning] [ExtractorDataDuplicator] CM-Extractor: Got 10408 elements and 94 exceptions
[2020-01-16 01:00:10] [info   ] [CodeFunctionFilter] Discarded 1102 functions that contained an ErrorElement
[2020-01-16 01:00:10] [info   ] [CodeFunctionFilter] Analysis component CodeFunctionFilter done
                                                     Execution took 06:52.792
[2020-01-16 01:00:10] [info   ] [ProgressLogger] CodeFunctionFilter processed 10408 items and finished in 06:52.791
[2020-01-16 01:00:11] [info   ] [OrderedCodeFunctionFilter] Analysis component OrderedCodeFunctionFilter done
                                                            Execution took 06:53.067
[2020-01-16 01:00:11] [info   ] [ProgressLogger] OrderedCodeFunctionFilter processed 737019 items and finished in 00:00.272
[2020-01-16 01:00:13] [info   ] [FunctionMapCreator] Analysis component FunctionMapCreator done
                                                     Execution took 06:55.706
[2020-01-16 01:00:13] [info   ] [ProgressLogger] FunctionMapCreator processed 126164 of 126164 (100%) items and finished in 00:02.474
[2020-01-16 01:00:13] [error  ] [IndividualCodeMetricsRunner] Could not create metric instances:
                                                              net.ssehub.kernel_haven.SetUpException: ScatteringWeight requires a ScatteringDegreeContainer
                                                                  at net.ssehub.kernel_haven.metric_haven.metric_components.weights.ScatteringWeight.<init>(ScatteringWeight.java:46)
                                                                  at net.ssehub.kernel_haven.metric_haven.metric_components.weights.CachedWeightFactory.createSdWeight(CachedWeightFactory.java:62)
                                                                  at net.ssehub.kernel_haven.metric_haven.metric_components.weights.CachedWeightFactory.createVariabilityWeight(CachedWeightFactory.java:347)
                                                                  at net.ssehub.kernel_haven.metric_haven.metric_components.weights.CachedWeightFactory.createVariabilityWeight(CachedWeightFactory.java:434)
                                                                  at net.ssehub.kernel_haven.metric_haven.code_metrics.MetricFactory.createAllVariations(MetricFactory.java:683)
                                                                  at net.ssehub.kernel_haven.metric_haven.metric_components.IndividualCodeMetricsRunner.createAllAtomicVariations(IndividualCodeMetricsRunner.java:342)
                                                                  at net.ssehub.kernel_haven.metric_haven.metric_components.IndividualCodeMetricsRunner.instantiateMetrics(IndividualCodeMetricsRunner.java:587)
                                                                  at net.ssehub.kernel_haven.metric_haven.metric_components.CodeMetricsRunner.execute(CodeMetricsRunner.java:353)
                                                                  at net.ssehub.kernel_haven.analysis.AnalysisComponent.lambda$start$0(AnalysisComponent.java:229)
                                                                  at java.lang.Thread.run(Thread.java:748)
[2020-01-16 01:00:13] [info   ] [IndividualCodeMetricsRunner] Analysis component IndividualCodeMetricsRunner done
                                                              Execution took 06:56.313
[2020-01-16 01:00:13] [info   ] [Setup] Analysis has finished
[2020-01-16 01:00:13] [info   ] [Setup] Not archiving pipeline (not enabled by user)
[2020-01-16 01:00:13] [status ] [Setup] Pipeline done; exiting...
