[2020-01-16 01:40:43] [info   ] [Setup] Start executing KernelHaven with configuration file /tmp/SingleMetricAnalysis6353407704443344057.properties
[2020-01-16 01:40:43] [info   ] [Setup] System Info:
                                        	KernelHaven Version: Built at 2019-11-28 14:29:10
                                        	OS Name: Linux
                                        	OS Version: 4.4.0-169-generic
                                        	OS Arch: amd64
                                        	Java Home: /usr/lib/jvm/java-8-oracle/jre
                                        	Java Vendor: Oracle Corporation
                                        	Java Version: 1.8.0_201
                                        	Java VM Name: Java HotSpot(TM) 64-Bit Server VM
                                        	Java VM Version: 25.201-b09
                                        	Java VM Vendor: Oracle Corporation
                                        	Working Directory: /mnt/Linux-Analyses/MailCrawler/instance1/kh
                                        	Temporary Directory: /mnt/Linux-Analyses/MailCrawler/instance1/kh/tmp
                                        	File Encoding: UTF-8
                                        	Java Class Path: KernelHaven.jar
                                        	Maximum Memory: 38.33 GiB
                                        	Available Processors: 48
[2020-01-16 01:40:43] [info   ] [Setup] Start setting up pipeline...
[2020-01-16 01:40:43] [info   ] [Setup] Loading jars from directory /mnt/Linux-Analyses/MailCrawler/instance1/kh/plugins
[2020-01-16 01:40:43] [info   ] [Setup] IncrementalAnalysesInfrastructure.jar version: Built at 2019-12-12 13:33:10
[2020-01-16 01:40:43] [info   ] [Setup] UndertakerExtractor.jar version: Built at 2019-11-28 14:31:37
[2020-01-16 01:40:43] [info   ] [Setup] CnfUtils.jar version: Built at 2019-11-28 14:35:46
[2020-01-16 01:40:43] [info   ] [Setup] KconfigReaderExtractor.jar version: Built at 2019-11-28 14:33:44
[2020-01-16 01:40:43] [info   ] [Setup] CppUtils.jar version: Built at 2019-11-28 14:35:21
[2020-01-16 01:40:43] [info   ] [Setup] ProblemSolutionSpaceDivergenceCorrectorAnalysis.jar version: Built at 2019-11-28 16:37:10
[2020-01-16 01:40:43] [info   ] [Setup] TypeChefExtractor.jar version: Built at 2019-11-28 14:31:53
[2020-01-16 01:40:43] [info   ] [Setup] ProblemSolutionSpaceMapperAnalysis.jar version: Built at 2019-11-28 16:11:10
[2020-01-16 01:40:43] [info   ] [Setup] DBUtils.jar version: Built at 2019-11-28 14:35:09
[2020-01-16 01:40:43] [info   ] [Setup] IOUtils.jar version: Built at 2019-11-28 14:34:16
[2020-01-16 01:40:43] [info   ] [Setup] FeatureEffectAnalysis.jar version: Built at 2019-11-28 14:34:47
[2020-01-16 01:40:43] [info   ] [Setup] SrcMLExtractor.jar version: Built at 2019-11-28 14:32:21
[2020-01-16 01:40:43] [info   ] [Setup] BusybootPreparation.jar version: Built at 2019-11-28 14:36:12
[2020-01-16 01:40:43] [info   ] [Setup] ProblemSolutionSpaceDivergenceDetectorAnalysis.jar version: Built at 2019-11-28 16:32:10
[2020-01-16 01:40:43] [info   ] [Setup] MetricHaven.jar version: Built at 2020-01-15 10:20:10
[2020-01-16 01:40:43] [info   ] [Setup] CodeBlockExtractor.jar version: Built at 2019-11-28 14:35:37
[2020-01-16 01:40:43] [info   ] [Setup] UnDeadAnalyzer.jar version: Built at 2019-11-28 15:01:11
[2020-01-16 01:40:43] [info   ] [Setup] EntityLocatorAnalysis.jar version: Built at 2019-11-28 14:34:59
[2020-01-16 01:40:43] [info   ] [Setup] KbuildMinerExtractor.jar version: Built at 2019-11-28 14:33:56
[2020-01-16 01:40:43] [info   ] [Setup] Successfully loaded 19 jars
[2020-01-16 01:40:43] [info   ] [Setup] Loading all classes specified in loadClasses.txt ...
[2020-01-16 01:40:44] [info   ] [Setup] Loaded 4 classes specified in loadClasses.txt files
[2020-01-16 01:40:44] [info   ] [Setup] Instantiating extractors...
[2020-01-16 01:40:44] [info   ] [Setup] Successfully instantiated variability extractor net.ssehub.kernel_haven.kconfigreader.KconfigReaderExtractor
[2020-01-16 01:40:44] [info   ] [Setup] Successfully instantiated build extractor net.ssehub.kernel_haven.kbuildminer.KbuildMinerExtractor
[2020-01-16 01:40:44] [info   ] [Setup] Successfully instantiated code extractor net.ssehub.kernel_haven.srcml.SrcMLExtractor
[2020-01-16 01:40:44] [info   ] [Setup] Creating providers...
[2020-01-16 01:40:44] [info   ] [Setup] Created variability provider
[2020-01-16 01:40:44] [info   ] [Setup] Created build provider
[2020-01-16 01:40:44] [info   ] [Setup] Created code provider
[2020-01-16 01:40:44] [info   ] [Setup] Instantiating analysis...
[2020-01-16 01:40:44] [info   ] [Setup] Successfully instantiated analysis net.ssehub.kernel_haven.metric_haven.metric_components.MetricsRunner
[2020-01-16 01:40:44] [info   ] [Setup] Starting analysis...
[2020-01-16 01:40:44] [info   ] [AnalysisPipelineController] MetricHaven executes atomic set and ignores further metric-specific configuration settings.
[2020-01-16 01:40:44] [status ] [KbuildMinerExtractor] Starting on 1 targets in 1 threads
[2020-01-16 01:40:44] [status ] [KconfigReaderExtractor] Starting on 1 targets in 1 threads
[2020-01-16 01:40:44] [info   ] [IndividualCodeMetricsRunner] Analysis component IndividualCodeMetricsRunner starting
[2020-01-16 01:40:44] [status ] [SrcMLExtractor] Starting on 9989 targets in 6 threads
[2020-01-16 01:40:44] [error  ] [ExtractorDataDuplicator] Got VM-Extractor exception:
                                                          net.ssehub.kernel_haven.util.ExtractorException: 'make allyesconfig prepare' failed to execute
                                                              at net.ssehub.kernel_haven.kconfigreader.KconfigReaderExtractor.runOnFile(KconfigReaderExtractor.java:181)
                                                              at net.ssehub.kernel_haven.kconfigreader.KconfigReaderExtractor.runOnFile(KconfigReaderExtractor.java:58)
                                                              at net.ssehub.kernel_haven.provider.AbstractExtractor$WorkerThread.run(AbstractExtractor.java:142)
[2020-01-16 01:40:44] [info   ] [ProgressLogger] KbuildMinerExtractor processed 0 of 1 (0%) items
                                                 KconfigReaderExtractor processed 1 of 1 (100%) items and finished in 00:00.237
                                                 SrcMLExtractor processed 0 of 9989 (0%) items
[2020-01-16 01:40:45] [error  ] [ExtractorDataDuplicator] Got BM-Extractor exception:
                                                          net.ssehub.kernel_haven.util.ExtractorException: KbuildMiner execution not successful
                                                              at net.ssehub.kernel_haven.kbuildminer.KbuildMinerExtractor.runOnFile(KbuildMinerExtractor.java:103)
                                                              at net.ssehub.kernel_haven.kbuildminer.KbuildMinerExtractor.runOnFile(KbuildMinerExtractor.java:44)
                                                              at net.ssehub.kernel_haven.provider.AbstractExtractor$WorkerThread.run(AbstractExtractor.java:142)
[2020-01-16 01:40:45] [info   ] [ProgressLogger] KbuildMinerExtractor processed 1 of 1 (100%) items and finished in 00:00.709
                                                 SrcMLExtractor processed 63 of 9989 (0%) items
[2020-01-16 01:40:45] [info   ] [VariabilityCounter] Analysis component VariabilityCounter starting
[2020-01-16 01:40:45] [info   ] [FeatureSizeEstimator] Analysis component FeatureSizeEstimator starting
[2020-01-16 01:40:45] [info   ] [FunctionMapCreator] Analysis component FunctionMapCreator starting
[2020-01-16 01:40:45] [error  ] [VariabilityCounter] Did not get a variability model
                                                     Can't create any results
[2020-01-16 01:40:45] [error  ] [FeatureSizeEstimator] Did not get a variability model
                                                       Can't create any results
[2020-01-16 01:40:45] [info   ] [OrderedCodeFunctionFilter] Analysis component OrderedCodeFunctionFilter starting
[2020-01-16 01:40:45] [info   ] [FeatureSizeEstimator] Analysis component FeatureSizeEstimator done
                                                       Execution took 00:00.001
[2020-01-16 01:40:45] [info   ] [VariabilityCounter] Analysis component VariabilityCounter done
                                                     Execution took 00:00.001
[2020-01-16 01:40:45] [info   ] [CodeFunctionFilter] Analysis component CodeFunctionFilter starting
[2020-01-16 01:41:15] [info   ] [ProgressLogger] SrcMLExtractor processed 4711 of 9989 (47%) items
                                                 CodeFunctionFilter processed 4675 items
[2020-01-16 01:41:45] [info   ] [ProgressLogger] SrcMLExtractor processed 7105 of 9989 (71%) items
                                                 CodeFunctionFilter processed 7038 items
[2020-01-16 01:42:15] [info   ] [ProgressLogger] SrcMLExtractor processed 7115 of 9989 (71%) items
                                                 CodeFunctionFilter processed 7048 items
[2020-01-16 01:42:45] [info   ] [ProgressLogger] SrcMLExtractor processed 7472 of 9989 (74%) items
                                                 CodeFunctionFilter processed 7402 items
[2020-01-16 01:43:15] [info   ] [ProgressLogger] SrcMLExtractor processed 8041 of 9989 (80%) items
                                                 CodeFunctionFilter processed 7966 items
[2020-01-16 01:43:45] [info   ] [ProgressLogger] SrcMLExtractor processed 9111 of 9989 (91%) items
                                                 CodeFunctionFilter processed 9028 items
[2020-01-16 01:44:15] [info   ] [ProgressLogger] SrcMLExtractor processed 9986 of 9989 (99%) items
                                                 CodeFunctionFilter processed 9893 items
[2020-01-16 01:44:45] [info   ] [ProgressLogger] SrcMLExtractor processed 9986 of 9989 (99%) items
                                                 CodeFunctionFilter processed 9893 items
[2020-01-16 01:45:15] [info   ] [ProgressLogger] SrcMLExtractor processed 9986 of 9989 (99%) items
                                                 CodeFunctionFilter processed 9893 items
[2020-01-16 01:45:45] [info   ] [ProgressLogger] SrcMLExtractor processed 9987 of 9989 (99%) items
                                                 CodeFunctionFilter processed 9894 items
[2020-01-16 01:46:15] [info   ] [ProgressLogger] SrcMLExtractor processed 9987 of 9989 (99%) items
                                                 CodeFunctionFilter processed 9894 items
[2020-01-16 01:46:22] [info   ] [ProgressLogger] SrcMLExtractor processed 9989 of 9989 (100%) items and finished in 05:37.877
                                                 CodeFunctionFilter processed 9896 items
[2020-01-16 01:46:22] [warning] [ExtractorDataDuplicator] CM-Extractor: Got 9896 elements and 93 exceptions
[2020-01-16 01:46:22] [info   ] [CodeFunctionFilter] Discarded 1087 functions that contained an ErrorElement
[2020-01-16 01:46:22] [info   ] [CodeFunctionFilter] Analysis component CodeFunctionFilter done
                                                     Execution took 05:37.331
[2020-01-16 01:46:22] [info   ] [ProgressLogger] CodeFunctionFilter processed 9896 items and finished in 05:37.331
[2020-01-16 01:46:22] [info   ] [OrderedCodeFunctionFilter] Analysis component OrderedCodeFunctionFilter done
                                                            Execution took 05:37.584
[2020-01-16 01:46:22] [info   ] [ProgressLogger] OrderedCodeFunctionFilter processed 686721 items and finished in 00:00.249
[2020-01-16 01:46:24] [info   ] [ProgressLogger] FunctionMapCreator processed 117782 of 117782 (100%) items and finished in 00:02.222
[2020-01-16 01:46:24] [info   ] [FunctionMapCreator] Analysis component FunctionMapCreator done
                                                     Execution took 05:39.944
[2020-01-16 01:46:24] [error  ] [IndividualCodeMetricsRunner] Could not create metric instances:
                                                              net.ssehub.kernel_haven.SetUpException: ScatteringWeight requires a ScatteringDegreeContainer
                                                                  at net.ssehub.kernel_haven.metric_haven.metric_components.weights.ScatteringWeight.<init>(ScatteringWeight.java:46)
                                                                  at net.ssehub.kernel_haven.metric_haven.metric_components.weights.CachedWeightFactory.createSdWeight(CachedWeightFactory.java:62)
                                                                  at net.ssehub.kernel_haven.metric_haven.metric_components.weights.CachedWeightFactory.createVariabilityWeight(CachedWeightFactory.java:347)
                                                                  at net.ssehub.kernel_haven.metric_haven.metric_components.weights.CachedWeightFactory.createVariabilityWeight(CachedWeightFactory.java:434)
                                                                  at net.ssehub.kernel_haven.metric_haven.code_metrics.MetricFactory.createAllVariations(MetricFactory.java:683)
                                                                  at net.ssehub.kernel_haven.metric_haven.metric_components.IndividualCodeMetricsRunner.createAllAtomicVariations(IndividualCodeMetricsRunner.java:342)
                                                                  at net.ssehub.kernel_haven.metric_haven.metric_components.IndividualCodeMetricsRunner.instantiateMetrics(IndividualCodeMetricsRunner.java:587)
                                                                  at net.ssehub.kernel_haven.metric_haven.metric_components.CodeMetricsRunner.execute(CodeMetricsRunner.java:353)
                                                                  at net.ssehub.kernel_haven.analysis.AnalysisComponent.lambda$start$0(AnalysisComponent.java:229)
                                                                  at java.lang.Thread.run(Thread.java:748)
[2020-01-16 01:46:24] [info   ] [IndividualCodeMetricsRunner] Analysis component IndividualCodeMetricsRunner done
                                                              Execution took 05:40.665
[2020-01-16 01:46:25] [info   ] [Setup] Analysis has finished
[2020-01-16 01:46:25] [info   ] [Setup] Not archiving pipeline (not enabled by user)
[2020-01-16 01:46:25] [status ] [Setup] Pipeline done; exiting...
