[2020-01-15 14:59:44] [info   ] [Setup] Start executing KernelHaven with configuration file /tmp/SingleMetricAnalysis202660408907197101.properties
[2020-01-15 14:59:44] [info   ] [Setup] System Info:
                                        	KernelHaven Version: Built at 2019-11-28 14:29:10
                                        	OS Name: Linux
                                        	OS Version: 4.4.0-169-generic
                                        	OS Arch: amd64
                                        	Java Home: /usr/lib/jvm/java-8-oracle/jre
                                        	Java Vendor: Oracle Corporation
                                        	Java Version: 1.8.0_201
                                        	Java VM Name: Java HotSpot(TM) 64-Bit Server VM
                                        	Java VM Version: 25.201-b09
                                        	Java VM Vendor: Oracle Corporation
                                        	Working Directory: /mnt/Linux-Analyses/MailCrawler/instance1/kh
                                        	Temporary Directory: /mnt/Linux-Analyses/MailCrawler/instance1/kh/tmp
                                        	File Encoding: UTF-8
                                        	Java Class Path: KernelHaven.jar
                                        	Maximum Memory: 38.33 GiB
                                        	Available Processors: 48
[2020-01-15 14:59:44] [info   ] [Setup] Start setting up pipeline...
[2020-01-15 14:59:44] [info   ] [Setup] Loading jars from directory /mnt/Linux-Analyses/MailCrawler/instance1/kh/plugins
[2020-01-15 14:59:44] [info   ] [Setup] IncrementalAnalysesInfrastructure.jar version: Built at 2019-12-12 13:33:10
[2020-01-15 14:59:44] [info   ] [Setup] UndertakerExtractor.jar version: Built at 2019-11-28 14:31:37
[2020-01-15 14:59:44] [info   ] [Setup] CnfUtils.jar version: Built at 2019-11-28 14:35:46
[2020-01-15 14:59:44] [info   ] [Setup] KconfigReaderExtractor.jar version: Built at 2019-11-28 14:33:44
[2020-01-15 14:59:44] [info   ] [Setup] CppUtils.jar version: Built at 2019-11-28 14:35:21
[2020-01-15 14:59:44] [info   ] [Setup] ProblemSolutionSpaceDivergenceCorrectorAnalysis.jar version: Built at 2019-11-28 16:37:10
[2020-01-15 14:59:44] [info   ] [Setup] TypeChefExtractor.jar version: Built at 2019-11-28 14:31:53
[2020-01-15 14:59:44] [info   ] [Setup] ProblemSolutionSpaceMapperAnalysis.jar version: Built at 2019-11-28 16:11:10
[2020-01-15 14:59:44] [info   ] [Setup] DBUtils.jar version: Built at 2019-11-28 14:35:09
[2020-01-15 14:59:44] [info   ] [Setup] IOUtils.jar version: Built at 2019-11-28 14:34:16
[2020-01-15 14:59:44] [info   ] [Setup] FeatureEffectAnalysis.jar version: Built at 2019-11-28 14:34:47
[2020-01-15 14:59:44] [info   ] [Setup] SrcMLExtractor.jar version: Built at 2019-11-28 14:32:21
[2020-01-15 14:59:44] [info   ] [Setup] BusybootPreparation.jar version: Built at 2019-11-28 14:36:12
[2020-01-15 14:59:44] [info   ] [Setup] ProblemSolutionSpaceDivergenceDetectorAnalysis.jar version: Built at 2019-11-28 16:32:10
[2020-01-15 14:59:44] [info   ] [Setup] MetricHaven.jar version: Built at 2020-01-15 10:20:10
[2020-01-15 14:59:44] [info   ] [Setup] CodeBlockExtractor.jar version: Built at 2019-11-28 14:35:37
[2020-01-15 14:59:44] [info   ] [Setup] UnDeadAnalyzer.jar version: Built at 2019-11-28 15:01:11
[2020-01-15 14:59:44] [info   ] [Setup] EntityLocatorAnalysis.jar version: Built at 2019-11-28 14:34:59
[2020-01-15 14:59:44] [info   ] [Setup] KbuildMinerExtractor.jar version: Built at 2019-11-28 14:33:56
[2020-01-15 14:59:44] [info   ] [Setup] Successfully loaded 19 jars
[2020-01-15 14:59:44] [info   ] [Setup] Loading all classes specified in loadClasses.txt ...
[2020-01-15 14:59:45] [info   ] [Setup] Loaded 4 classes specified in loadClasses.txt files
[2020-01-15 14:59:45] [info   ] [Setup] Instantiating extractors...
[2020-01-15 14:59:45] [info   ] [Setup] Successfully instantiated variability extractor net.ssehub.kernel_haven.kconfigreader.KconfigReaderExtractor
[2020-01-15 14:59:45] [info   ] [Setup] Successfully instantiated build extractor net.ssehub.kernel_haven.kbuildminer.KbuildMinerExtractor
[2020-01-15 14:59:45] [info   ] [Setup] Successfully instantiated code extractor net.ssehub.kernel_haven.srcml.SrcMLExtractor
[2020-01-15 14:59:45] [info   ] [Setup] Creating providers...
[2020-01-15 14:59:45] [info   ] [Setup] Created variability provider
[2020-01-15 14:59:45] [info   ] [Setup] Created build provider
[2020-01-15 14:59:45] [info   ] [Setup] Created code provider
[2020-01-15 14:59:45] [info   ] [Setup] Instantiating analysis...
[2020-01-15 14:59:45] [info   ] [Setup] Successfully instantiated analysis net.ssehub.kernel_haven.metric_haven.metric_components.MetricsRunner
[2020-01-15 14:59:45] [info   ] [Setup] Starting analysis...
[2020-01-15 14:59:45] [info   ] [AnalysisPipelineController] MetricHaven executes atomic set and ignores further metric-specific configuration settings.
[2020-01-15 14:59:45] [status ] [KbuildMinerExtractor] Starting on 1 targets in 1 threads
[2020-01-15 14:59:45] [status ] [KconfigReaderExtractor] Starting on 1 targets in 1 threads
[2020-01-15 14:59:45] [info   ] [IndividualCodeMetricsRunner] Analysis component IndividualCodeMetricsRunner starting
[2020-01-15 14:59:45] [status ] [SrcMLExtractor] Starting on 31823 targets in 6 threads
[2020-01-15 15:00:14] [info   ] [ProgressLogger] KconfigReaderExtractor processed 0 of 1 (0%) items
                                                 KbuildMinerExtractor processed 0 of 1 (0%) items
                                                 SrcMLExtractor processed 5182 of 31823 (16%) items
[2020-01-15 15:00:35] [error  ] [KconfigReaderExtractor-1] Unhandled exception in thread KconfigReaderExtractor-1:
                                                           java.lang.ClassCastException: net.ssehub.kernel_haven.variability_model.HierarchicalVariable cannot be cast to net.ssehub.kernel_haven.kconfigreader.TristateVariable
                                                               at net.ssehub.kernel_haven.kconfigreader.Converter.convert(Converter.java:155)
                                                               at net.ssehub.kernel_haven.kconfigreader.KconfigReaderExtractor.runOnFile(KconfigReaderExtractor.java:208)
                                                               at net.ssehub.kernel_haven.kconfigreader.KconfigReaderExtractor.runOnFile(KconfigReaderExtractor.java:58)
                                                               at net.ssehub.kernel_haven.provider.AbstractExtractor$WorkerThread.run(AbstractExtractor.java:142)
[2020-01-15 15:00:35] [info   ] [ProgressLogger] KconfigReaderExtractor processed 0 of 1 (0%) items and finished in 00:49.730
                                                 KbuildMinerExtractor processed 0 of 1 (0%) items
                                                 SrcMLExtractor processed 9303 of 31823 (29%) items
[2020-01-15 15:00:41] [error  ] [ExtractorDataDuplicator] Got BM-Extractor exception:
                                                          net.ssehub.kernel_haven.util.ExtractorException: Did not get a variability model
                                                              at net.ssehub.kernel_haven.kbuildminer.KbuildMinerExtractor.runOnFile(KbuildMinerExtractor.java:112)
                                                              at net.ssehub.kernel_haven.kbuildminer.KbuildMinerExtractor.runOnFile(KbuildMinerExtractor.java:44)
                                                              at net.ssehub.kernel_haven.provider.AbstractExtractor$WorkerThread.run(AbstractExtractor.java:142)
[2020-01-15 15:00:41] [info   ] [ProgressLogger] KbuildMinerExtractor processed 1 of 1 (100%) items and finished in 00:56.660
                                                 SrcMLExtractor processed 10599 of 31823 (33%) items
[2020-01-15 15:00:41] [info   ] [VariabilityCounter] Analysis component VariabilityCounter starting
[2020-01-15 15:00:41] [info   ] [FunctionMapCreator] Analysis component FunctionMapCreator starting
[2020-01-15 15:00:41] [info   ] [FeatureSizeEstimator] Analysis component FeatureSizeEstimator starting
[2020-01-15 15:00:41] [error  ] [VariabilityCounter] Did not get a variability model
                                                     Can't create any results
[2020-01-15 15:00:41] [info   ] [VariabilityCounter] Analysis component VariabilityCounter done
                                                     Execution took 00:00.001
[2020-01-15 15:00:41] [error  ] [FeatureSizeEstimator] Did not get a variability model
                                                       Can't create any results
[2020-01-15 15:00:41] [info   ] [OrderedCodeFunctionFilter] Analysis component OrderedCodeFunctionFilter starting
[2020-01-15 15:00:41] [info   ] [FeatureSizeEstimator] Analysis component FeatureSizeEstimator done
                                                       Execution took 00:00.001
[2020-01-15 15:00:41] [info   ] [CodeFunctionFilter] Analysis component CodeFunctionFilter starting
[2020-01-15 15:01:11] [info   ] [ProgressLogger] SrcMLExtractor processed 14018 of 31823 (44%) items
                                                 CodeFunctionFilter processed 13933 items
[2020-01-15 15:01:41] [info   ] [ProgressLogger] SrcMLExtractor processed 16728 of 31823 (52%) items
                                                 CodeFunctionFilter processed 16635 items
[2020-01-15 15:02:11] [info   ] [ProgressLogger] SrcMLExtractor processed 18501 of 31823 (58%) items
                                                 CodeFunctionFilter processed 18400 items
[2020-01-15 15:02:41] [info   ] [ProgressLogger] SrcMLExtractor processed 21222 of 31823 (66%) items
                                                 CodeFunctionFilter processed 21114 items
[2020-01-15 15:03:11] [info   ] [ProgressLogger] SrcMLExtractor processed 24578 of 31823 (77%) items
                                                 CodeFunctionFilter processed 24451 items
[2020-01-15 15:03:41] [info   ] [ProgressLogger] SrcMLExtractor processed 27485 of 31823 (86%) items
                                                 CodeFunctionFilter processed 27343 items
[2020-01-15 15:04:11] [info   ] [ProgressLogger] SrcMLExtractor processed 30594 of 31823 (96%) items
                                                 CodeFunctionFilter processed 30431 items
[2020-01-15 15:04:24] [info   ] [ProgressLogger] SrcMLExtractor processed 31823 of 31823 (100%) items and finished in 04:38.275
                                                 CodeFunctionFilter processed 31656 items
[2020-01-15 15:04:24] [warning] [ExtractorDataDuplicator] CM-Extractor: Got 31657 elements and 166 exceptions
[2020-01-15 15:04:24] [info   ] [CodeFunctionFilter] Discarded 3598 functions that contained an ErrorElement
[2020-01-15 15:04:24] [info   ] [CodeFunctionFilter] Analysis component CodeFunctionFilter done
                                                     Execution took 03:42.071
[2020-01-15 15:04:24] [info   ] [ProgressLogger] CodeFunctionFilter processed 31657 items and finished in 03:42.071
[2020-01-15 15:04:25] [info   ] [ProgressLogger] OrderedCodeFunctionFilter processed 2137148 items and finished in 00:01.005
[2020-01-15 15:04:25] [info   ] [OrderedCodeFunctionFilter] Analysis component OrderedCodeFunctionFilter done
                                                            Execution took 03:43.077
[2020-01-15 15:04:33] [info   ] [ProgressLogger] FunctionMapCreator processed 358146 of 358146 (100%) items and finished in 00:07.474
[2020-01-15 15:04:33] [info   ] [FunctionMapCreator] Analysis component FunctionMapCreator done
                                                     Execution took 03:51.035
[2020-01-15 15:04:33] [error  ] [IndividualCodeMetricsRunner] Could not create metric instances:
                                                              net.ssehub.kernel_haven.SetUpException: ScatteringWeight requires a ScatteringDegreeContainer
                                                                  at net.ssehub.kernel_haven.metric_haven.metric_components.weights.ScatteringWeight.<init>(ScatteringWeight.java:46)
                                                                  at net.ssehub.kernel_haven.metric_haven.metric_components.weights.CachedWeightFactory.createSdWeight(CachedWeightFactory.java:62)
                                                                  at net.ssehub.kernel_haven.metric_haven.metric_components.weights.CachedWeightFactory.createVariabilityWeight(CachedWeightFactory.java:347)
                                                                  at net.ssehub.kernel_haven.metric_haven.metric_components.weights.CachedWeightFactory.createVariabilityWeight(CachedWeightFactory.java:434)
                                                                  at net.ssehub.kernel_haven.metric_haven.code_metrics.MetricFactory.createAllVariations(MetricFactory.java:683)
                                                                  at net.ssehub.kernel_haven.metric_haven.metric_components.IndividualCodeMetricsRunner.createAllAtomicVariations(IndividualCodeMetricsRunner.java:342)
                                                                  at net.ssehub.kernel_haven.metric_haven.metric_components.IndividualCodeMetricsRunner.instantiateMetrics(IndividualCodeMetricsRunner.java:587)
                                                                  at net.ssehub.kernel_haven.metric_haven.metric_components.CodeMetricsRunner.execute(CodeMetricsRunner.java:353)
                                                                  at net.ssehub.kernel_haven.analysis.AnalysisComponent.lambda$start$0(AnalysisComponent.java:229)
                                                                  at java.lang.Thread.run(Thread.java:748)
[2020-01-15 15:04:33] [info   ] [IndividualCodeMetricsRunner] Analysis component IndividualCodeMetricsRunner done
                                                              Execution took 04:47.709
[2020-01-15 15:04:33] [info   ] [Setup] Analysis has finished
[2020-01-15 15:04:33] [info   ] [Setup] Not archiving pipeline (not enabled by user)
[2020-01-15 15:04:33] [status ] [Setup] Pipeline done; exiting...
