[2020-01-15 23:36:13] [info   ] [Setup] Start executing KernelHaven with configuration file /tmp/SingleMetricAnalysis1622615458126349592.properties
[2020-01-15 23:36:13] [info   ] [Setup] System Info:
                                        	KernelHaven Version: Built at 2019-11-28 14:29:10
                                        	OS Name: Linux
                                        	OS Version: 4.4.0-169-generic
                                        	OS Arch: amd64
                                        	Java Home: /usr/lib/jvm/java-8-oracle/jre
                                        	Java Vendor: Oracle Corporation
                                        	Java Version: 1.8.0_201
                                        	Java VM Name: Java HotSpot(TM) 64-Bit Server VM
                                        	Java VM Version: 25.201-b09
                                        	Java VM Vendor: Oracle Corporation
                                        	Working Directory: /mnt/Linux-Analyses/MailCrawler/instance1/kh
                                        	Temporary Directory: /mnt/Linux-Analyses/MailCrawler/instance1/kh/tmp
                                        	File Encoding: UTF-8
                                        	Java Class Path: KernelHaven.jar
                                        	Maximum Memory: 38.33 GiB
                                        	Available Processors: 48
[2020-01-15 23:36:13] [info   ] [Setup] Start setting up pipeline...
[2020-01-15 23:36:13] [info   ] [Setup] Loading jars from directory /mnt/Linux-Analyses/MailCrawler/instance1/kh/plugins
[2020-01-15 23:36:13] [info   ] [Setup] IncrementalAnalysesInfrastructure.jar version: Built at 2019-12-12 13:33:10
[2020-01-15 23:36:13] [info   ] [Setup] UndertakerExtractor.jar version: Built at 2019-11-28 14:31:37
[2020-01-15 23:36:13] [info   ] [Setup] CnfUtils.jar version: Built at 2019-11-28 14:35:46
[2020-01-15 23:36:13] [info   ] [Setup] KconfigReaderExtractor.jar version: Built at 2019-11-28 14:33:44
[2020-01-15 23:36:13] [info   ] [Setup] CppUtils.jar version: Built at 2019-11-28 14:35:21
[2020-01-15 23:36:13] [info   ] [Setup] ProblemSolutionSpaceDivergenceCorrectorAnalysis.jar version: Built at 2019-11-28 16:37:10
[2020-01-15 23:36:13] [info   ] [Setup] TypeChefExtractor.jar version: Built at 2019-11-28 14:31:53
[2020-01-15 23:36:13] [info   ] [Setup] ProblemSolutionSpaceMapperAnalysis.jar version: Built at 2019-11-28 16:11:10
[2020-01-15 23:36:13] [info   ] [Setup] DBUtils.jar version: Built at 2019-11-28 14:35:09
[2020-01-15 23:36:13] [info   ] [Setup] IOUtils.jar version: Built at 2019-11-28 14:34:16
[2020-01-15 23:36:13] [info   ] [Setup] FeatureEffectAnalysis.jar version: Built at 2019-11-28 14:34:47
[2020-01-15 23:36:13] [info   ] [Setup] SrcMLExtractor.jar version: Built at 2019-11-28 14:32:21
[2020-01-15 23:36:13] [info   ] [Setup] BusybootPreparation.jar version: Built at 2019-11-28 14:36:12
[2020-01-15 23:36:13] [info   ] [Setup] ProblemSolutionSpaceDivergenceDetectorAnalysis.jar version: Built at 2019-11-28 16:32:10
[2020-01-15 23:36:13] [info   ] [Setup] MetricHaven.jar version: Built at 2020-01-15 10:20:10
[2020-01-15 23:36:13] [info   ] [Setup] CodeBlockExtractor.jar version: Built at 2019-11-28 14:35:37
[2020-01-15 23:36:13] [info   ] [Setup] UnDeadAnalyzer.jar version: Built at 2019-11-28 15:01:11
[2020-01-15 23:36:13] [info   ] [Setup] EntityLocatorAnalysis.jar version: Built at 2019-11-28 14:34:59
[2020-01-15 23:36:13] [info   ] [Setup] KbuildMinerExtractor.jar version: Built at 2019-11-28 14:33:56
[2020-01-15 23:36:13] [info   ] [Setup] Successfully loaded 19 jars
[2020-01-15 23:36:13] [info   ] [Setup] Loading all classes specified in loadClasses.txt ...
[2020-01-15 23:36:14] [info   ] [Setup] Loaded 4 classes specified in loadClasses.txt files
[2020-01-15 23:36:14] [info   ] [Setup] Instantiating extractors...
[2020-01-15 23:36:14] [info   ] [Setup] Successfully instantiated variability extractor net.ssehub.kernel_haven.kconfigreader.KconfigReaderExtractor
[2020-01-15 23:36:14] [info   ] [Setup] Successfully instantiated build extractor net.ssehub.kernel_haven.kbuildminer.KbuildMinerExtractor
[2020-01-15 23:36:14] [info   ] [Setup] Successfully instantiated code extractor net.ssehub.kernel_haven.srcml.SrcMLExtractor
[2020-01-15 23:36:14] [info   ] [Setup] Creating providers...
[2020-01-15 23:36:14] [info   ] [Setup] Created variability provider
[2020-01-15 23:36:14] [info   ] [Setup] Created build provider
[2020-01-15 23:36:14] [info   ] [Setup] Created code provider
[2020-01-15 23:36:14] [info   ] [Setup] Instantiating analysis...
[2020-01-15 23:36:14] [info   ] [Setup] Successfully instantiated analysis net.ssehub.kernel_haven.metric_haven.metric_components.MetricsRunner
[2020-01-15 23:36:14] [info   ] [Setup] Starting analysis...
[2020-01-15 23:36:14] [info   ] [AnalysisPipelineController] MetricHaven executes atomic set and ignores further metric-specific configuration settings.
[2020-01-15 23:36:14] [status ] [KbuildMinerExtractor] Starting on 1 targets in 1 threads
[2020-01-15 23:36:14] [status ] [KconfigReaderExtractor] Starting on 1 targets in 1 threads
[2020-01-15 23:36:14] [info   ] [IndividualCodeMetricsRunner] Analysis component IndividualCodeMetricsRunner starting
[2020-01-15 23:36:14] [status ] [SrcMLExtractor] Starting on 21566 targets in 6 threads
[2020-01-15 23:36:23] [error  ] [ExtractorDataDuplicator] Got VM-Extractor exception:
                                                          net.ssehub.kernel_haven.util.ExtractorException: KconfigReader run not succesful
                                                              at net.ssehub.kernel_haven.kconfigreader.KconfigReaderExtractor.runOnFile(KconfigReaderExtractor.java:194)
                                                              at net.ssehub.kernel_haven.kconfigreader.KconfigReaderExtractor.runOnFile(KconfigReaderExtractor.java:58)
                                                              at net.ssehub.kernel_haven.provider.AbstractExtractor$WorkerThread.run(AbstractExtractor.java:142)
[2020-01-15 23:36:23] [info   ] [ProgressLogger] KbuildMinerExtractor processed 0 of 1 (0%) items
                                                 KconfigReaderExtractor processed 1 of 1 (100%) items and finished in 00:08.965
                                                 SrcMLExtractor processed 1805 of 21566 (8%) items
[2020-01-15 23:36:27] [info   ] [ProgressLogger] KbuildMinerExtractor processed 1 of 1 (100%) items and finished in 00:12.957
                                                 SrcMLExtractor processed 2816 of 21566 (13%) items
[2020-01-15 23:36:27] [error  ] [ExtractorDataDuplicator] Got BM-Extractor exception:
                                                          net.ssehub.kernel_haven.util.ExtractorException: Did not get a variability model
                                                              at net.ssehub.kernel_haven.kbuildminer.KbuildMinerExtractor.runOnFile(KbuildMinerExtractor.java:112)
                                                              at net.ssehub.kernel_haven.kbuildminer.KbuildMinerExtractor.runOnFile(KbuildMinerExtractor.java:44)
                                                              at net.ssehub.kernel_haven.provider.AbstractExtractor$WorkerThread.run(AbstractExtractor.java:142)
[2020-01-15 23:36:27] [info   ] [VariabilityCounter] Analysis component VariabilityCounter starting
[2020-01-15 23:36:27] [info   ] [FunctionMapCreator] Analysis component FunctionMapCreator starting
[2020-01-15 23:36:27] [info   ] [FeatureSizeEstimator] Analysis component FeatureSizeEstimator starting
[2020-01-15 23:36:27] [error  ] [VariabilityCounter] Did not get a variability model
                                                     Can't create any results
[2020-01-15 23:36:27] [info   ] [VariabilityCounter] Analysis component VariabilityCounter done
                                                     Execution took 00:00.001
[2020-01-15 23:36:27] [error  ] [FeatureSizeEstimator] Did not get a variability model
                                                       Can't create any results
[2020-01-15 23:36:27] [info   ] [FeatureSizeEstimator] Analysis component FeatureSizeEstimator done
                                                       Execution took 00:00.001
[2020-01-15 23:36:27] [info   ] [OrderedCodeFunctionFilter] Analysis component OrderedCodeFunctionFilter starting
[2020-01-15 23:36:27] [info   ] [CodeFunctionFilter] Analysis component CodeFunctionFilter starting
[2020-01-15 23:36:57] [info   ] [ProgressLogger] SrcMLExtractor processed 10126 of 21566 (46%) items
                                                 CodeFunctionFilter processed 10072 items
[2020-01-15 23:37:27] [info   ] [ProgressLogger] SrcMLExtractor processed 13410 of 21566 (62%) items
                                                 CodeFunctionFilter processed 13331 items
[2020-01-15 23:37:57] [info   ] [ProgressLogger] SrcMLExtractor processed 16391 of 21566 (76%) items
                                                 CodeFunctionFilter processed 16289 items
[2020-01-15 23:38:27] [info   ] [ProgressLogger] SrcMLExtractor processed 19331 of 21566 (89%) items
                                                 CodeFunctionFilter processed 19206 items
[2020-01-15 23:38:45] [info   ] [ProgressLogger] SrcMLExtractor processed 21566 of 21566 (100%) items and finished in 02:31.036
                                                 CodeFunctionFilter processed 21424 items
[2020-01-15 23:38:45] [warning] [ExtractorDataDuplicator] CM-Extractor: Got 21425 elements and 141 exceptions
[2020-01-15 23:38:45] [info   ] [CodeFunctionFilter] Discarded 2871 functions that contained an ErrorElement
[2020-01-15 23:38:45] [info   ] [CodeFunctionFilter] Analysis component CodeFunctionFilter done
                                                     Execution took 02:18.321
[2020-01-15 23:38:45] [info   ] [ProgressLogger] CodeFunctionFilter processed 21425 items and finished in 02:18.321
[2020-01-15 23:38:46] [info   ] [ProgressLogger] OrderedCodeFunctionFilter processed 1293080 items and finished in 00:00.451
[2020-01-15 23:38:46] [info   ] [OrderedCodeFunctionFilter] Analysis component OrderedCodeFunctionFilter done
                                                            Execution took 02:18.774
[2020-01-15 23:38:50] [info   ] [FunctionMapCreator] Analysis component FunctionMapCreator done
                                                     Execution took 02:22.800
[2020-01-15 23:38:50] [info   ] [ProgressLogger] FunctionMapCreator processed 218288 of 218288 (100%) items and finished in 00:03.764
[2020-01-15 23:38:50] [error  ] [IndividualCodeMetricsRunner] Could not create metric instances:
                                                              net.ssehub.kernel_haven.SetUpException: ScatteringWeight requires a ScatteringDegreeContainer
                                                                  at net.ssehub.kernel_haven.metric_haven.metric_components.weights.ScatteringWeight.<init>(ScatteringWeight.java:46)
                                                                  at net.ssehub.kernel_haven.metric_haven.metric_components.weights.CachedWeightFactory.createSdWeight(CachedWeightFactory.java:62)
                                                                  at net.ssehub.kernel_haven.metric_haven.metric_components.weights.CachedWeightFactory.createVariabilityWeight(CachedWeightFactory.java:347)
                                                                  at net.ssehub.kernel_haven.metric_haven.metric_components.weights.CachedWeightFactory.createVariabilityWeight(CachedWeightFactory.java:434)
                                                                  at net.ssehub.kernel_haven.metric_haven.code_metrics.MetricFactory.createAllVariations(MetricFactory.java:683)
                                                                  at net.ssehub.kernel_haven.metric_haven.metric_components.IndividualCodeMetricsRunner.createAllAtomicVariations(IndividualCodeMetricsRunner.java:342)
                                                                  at net.ssehub.kernel_haven.metric_haven.metric_components.IndividualCodeMetricsRunner.instantiateMetrics(IndividualCodeMetricsRunner.java:587)
                                                                  at net.ssehub.kernel_haven.metric_haven.metric_components.CodeMetricsRunner.execute(CodeMetricsRunner.java:353)
                                                                  at net.ssehub.kernel_haven.analysis.AnalysisComponent.lambda$start$0(AnalysisComponent.java:229)
                                                                  at java.lang.Thread.run(Thread.java:748)
[2020-01-15 23:38:50] [info   ] [IndividualCodeMetricsRunner] Analysis component IndividualCodeMetricsRunner done
                                                              Execution took 02:35.782
[2020-01-15 23:38:50] [info   ] [Setup] Analysis has finished
[2020-01-15 23:38:50] [info   ] [Setup] Not archiving pipeline (not enabled by user)
[2020-01-15 23:38:50] [status ] [Setup] Pipeline done; exiting...
