[2020-12-28 11:33:52] [info   ] [Setup] Start executing KernelHaven with configuration file /tmp/SingleMetricAnalysis3408438060749908855.properties
[2020-12-28 11:33:52] [info   ] [Setup] System Info:
                                        	KernelHaven Version: Built at 2020-05-14 12:25:32
                                        	OS Name: Linux
                                        	OS Version: 4.4.0-193-generic
                                        	OS Arch: amd64
                                        	Java Home: /usr/lib/jvm/java-8-oracle/jre
                                        	Java Vendor: Oracle Corporation
                                        	Java Version: 1.8.0_201
                                        	Java VM Name: Java HotSpot(TM) 64-Bit Server VM
                                        	Java VM Version: 25.201-b09
                                        	Java VM Vendor: Oracle Corporation
                                        	Working Directory: /mnt/Linux-Analyses/MailCrawler/instance3/kh
                                        	Temporary Directory: /mnt/Linux-Analyses/MailCrawler/instance3/kh/tmp
                                        	File Encoding: UTF-8
                                        	Java Class Path: KernelHaven.jar
                                        	Maximum Memory: 38.33 GiB
                                        	Available Processors: 10
[2020-12-28 11:33:52] [info   ] [Setup] Start setting up pipeline...
[2020-12-28 11:33:52] [info   ] [Setup] Loading jars from directory /mnt/Linux-Analyses/MailCrawler/instance3/kh/plugins
[2020-12-28 11:33:52] [info   ] [Setup] IncrementalAnalysesInfrastructure.jar version: Built at 2019-12-12 13:33:10
[2020-12-28 11:33:52] [info   ] [Setup] UndertakerExtractor.jar version: Built at 2020-05-15 07:14:35
[2020-12-28 11:33:52] [info   ] [Setup] CnfUtils.jar version: Built at 2020-05-14 12:38:00
[2020-12-28 11:33:52] [info   ] [Setup] KconfigReaderExtractor.jar version: Built at 2020-12-27 09:02:48
[2020-12-28 11:33:52] [info   ] [Setup] CppUtils.jar version: Built at 2020-05-14 12:42:57
[2020-12-28 11:33:52] [info   ] [Setup] ProblemSolutionSpaceDivergenceCorrectorAnalysis.jar version: Built at 2019-11-28 16:37:10
[2020-12-28 11:33:52] [info   ] [Setup] TypeChefExtractor.jar version: Built at 2019-11-28 14:31:53
[2020-12-28 11:33:52] [info   ] [Setup] ProblemSolutionSpaceMapperAnalysis.jar version: Built at 2019-11-28 16:11:10
[2020-12-28 11:33:52] [info   ] [Setup] DBUtils.jar version: Built at 2020-05-14 12:45:12
[2020-12-28 11:33:52] [info   ] [Setup] IOUtils.jar version: Built at 2020-05-14 12:58:22
[2020-12-28 11:33:52] [info   ] [Setup] FeatureEffectAnalysis.jar version: Built at 2020-05-14 12:57:03
[2020-12-28 11:33:52] [info   ] [Setup] SrcMLExtractor.jar version: Built at 2020-08-17 10:06:30
[2020-12-28 11:33:52] [info   ] [Setup] BusybootPreparation.jar version: Built at 2019-11-28 14:36:12
[2020-12-28 11:33:52] [info   ] [Setup] ProblemSolutionSpaceDivergenceDetectorAnalysis.jar version: Built at 2019-11-28 16:32:10
[2020-12-28 11:33:52] [info   ] [Setup] MetricHaven.jar version: Built at 2020-05-14 13:09:28
[2020-12-28 11:33:52] [info   ] [Setup] CodeBlockExtractor.jar version: Built at 2020-05-14 12:32:09
[2020-12-28 11:33:52] [info   ] [Setup] UnDeadAnalyzer.jar version: Built at 2020-05-15 07:13:02
[2020-12-28 11:33:52] [info   ] [Setup] EntityLocatorAnalysis.jar version: Built at 2019-11-28 14:34:59
[2020-12-28 11:33:52] [info   ] [Setup] KbuildMinerExtractor.jar version: Built at 2019-11-28 14:33:56
[2020-12-28 11:33:52] [info   ] [Setup] Successfully loaded 19 jars
[2020-12-28 11:33:52] [info   ] [Setup] Loading all classes specified in loadClasses.txt ...
[2020-12-28 11:33:52] [info   ] [Setup] Loaded 4 classes specified in loadClasses.txt files
[2020-12-28 11:33:52] [info   ] [Setup] Instantiating extractors...
[2020-12-28 11:33:52] [info   ] [Setup] Successfully instantiated variability extractor net.ssehub.kernel_haven.kconfigreader.KconfigReaderExtractor
[2020-12-28 11:33:52] [info   ] [Setup] Successfully instantiated build extractor net.ssehub.kernel_haven.kbuildminer.KbuildMinerExtractor
[2020-12-28 11:33:52] [info   ] [Setup] Successfully instantiated code extractor net.ssehub.kernel_haven.srcml.SrcMLExtractor
[2020-12-28 11:33:52] [info   ] [Setup] Creating providers...
[2020-12-28 11:33:52] [info   ] [Setup] Created variability provider
[2020-12-28 11:33:52] [info   ] [Setup] Created build provider
[2020-12-28 11:33:52] [info   ] [Setup] Created code provider
[2020-12-28 11:33:52] [info   ] [Setup] Instantiating analysis...
[2020-12-28 11:33:52] [info   ] [Setup] Successfully instantiated analysis net.ssehub.kernel_haven.metric_haven.metric_components.MetricsRunner
[2020-12-28 11:33:52] [info   ] [Setup] Starting analysis...
[2020-12-28 11:33:52] [info   ] [AnalysisPipelineController] MetricHaven executes atomic set and ignores further metric-specific configuration settings.
[2020-12-28 11:33:52] [status ] [KconfigReaderExtractor] Starting on 1 targets in 1 threads
[2020-12-28 11:33:52] [status ] [KbuildMinerExtractor] Starting on 1 targets in 1 threads
[2020-12-28 11:33:52] [info   ] [IndividualCodeMetricsRunner] Analysis component IndividualCodeMetricsRunner starting
[2020-12-28 11:33:52] [status ] [SrcMLExtractor] Starting on 26661 targets in 6 threads
[2020-12-28 11:34:17] [error  ] [KconfigReaderExtractor-1] Unhandled exception in thread KconfigReaderExtractor-1:
                                                           java.lang.ClassCastException: net.ssehub.kernel_haven.variability_model.HierarchicalVariable cannot be cast to net.ssehub.kernel_haven.kconfigreader.TristateVariable
                                                               at net.ssehub.kernel_haven.kconfigreader.Converter.convert(Converter.java:155)
                                                               at net.ssehub.kernel_haven.kconfigreader.KconfigReaderExtractor.runOnFile(KconfigReaderExtractor.java:208)
                                                               at net.ssehub.kernel_haven.kconfigreader.KconfigReaderExtractor.runOnFile(KconfigReaderExtractor.java:58)
                                                               at net.ssehub.kernel_haven.provider.AbstractExtractor$WorkerThread.run(AbstractExtractor.java:142)
[2020-12-28 11:34:17] [error  ] [ExtractorDataDuplicator] Got BM-Extractor exception:
                                                          net.ssehub.kernel_haven.util.ExtractorException: Did not get a variability model
                                                              at net.ssehub.kernel_haven.kbuildminer.KbuildMinerExtractor.runOnFile(KbuildMinerExtractor.java:112)
                                                              at net.ssehub.kernel_haven.kbuildminer.KbuildMinerExtractor.runOnFile(KbuildMinerExtractor.java:44)
                                                              at net.ssehub.kernel_haven.provider.AbstractExtractor$WorkerThread.run(AbstractExtractor.java:142)
[2020-12-28 11:34:17] [info   ] [ProgressLogger] KbuildMinerExtractor processed 0 of 1 (0%) items
                                                 KconfigReaderExtractor processed 0 of 1 (0%) items and finished in 00:24.602
                                                 SrcMLExtractor processed 5962 of 26661 (22%) items
[2020-12-28 11:34:17] [info   ] [VariabilityCounter] Analysis component VariabilityCounter starting
[2020-12-28 11:34:17] [info   ] [FunctionMapCreator] Analysis component FunctionMapCreator starting
[2020-12-28 11:34:17] [error  ] [VariabilityCounter] Did not get a variability model
                                                     Can't create any results
[2020-12-28 11:34:17] [info   ] [FeatureSizeEstimator] Analysis component FeatureSizeEstimator starting
[2020-12-28 11:34:17] [info   ] [VariabilityCounter] Analysis component VariabilityCounter done
                                                     Execution took 00:00.023
[2020-12-28 11:34:17] [error  ] [FeatureSizeEstimator] Did not get a variability model
                                                       Can't create any results
[2020-12-28 11:34:17] [info   ] [FeatureSizeEstimator] Analysis component FeatureSizeEstimator done
                                                       Execution took 00:00.013
[2020-12-28 11:34:17] [info   ] [OrderedCodeFunctionFilter] Analysis component OrderedCodeFunctionFilter starting
[2020-12-28 11:34:17] [info   ] [CodeFunctionFilter] Analysis component CodeFunctionFilter starting
[2020-12-28 11:34:47] [info   ] [ProgressLogger] KbuildMinerExtractor processed 1 of 1 (100%) items and finished in 00:24.659
                                                 SrcMLExtractor processed 13830 of 26661 (51%) items
                                                 CodeFunctionFilter processed 13760 items
[2020-12-28 11:35:17] [info   ] [ProgressLogger] SrcMLExtractor processed 17750 of 26661 (66%) items
                                                 CodeFunctionFilter processed 17659 items
[2020-12-28 11:35:47] [info   ] [ProgressLogger] SrcMLExtractor processed 21863 of 26661 (82%) items
                                                 CodeFunctionFilter processed 21739 items
[2020-12-28 11:36:17] [info   ] [ProgressLogger] SrcMLExtractor processed 26328 of 26661 (98%) items
                                                 CodeFunctionFilter processed 26173 items
[2020-12-28 11:36:19] [info   ] [ProgressLogger] SrcMLExtractor processed 26661 of 26661 (100%) items and finished in 02:26.932
                                                 CodeFunctionFilter processed 26504 items
[2020-12-28 11:36:19] [warning] [ExtractorDataDuplicator] CM-Extractor: Got 26505 elements and 156 exceptions
[2020-12-28 11:36:19] [info   ] [CodeFunctionFilter] Discarded 3169 functions that contained an ErrorElement
[2020-12-28 11:36:19] [info   ] [CodeFunctionFilter] Analysis component CodeFunctionFilter done
                                                     Execution took 02:02.485
[2020-12-28 11:36:19] [info   ] [ProgressLogger] CodeFunctionFilter processed 26505 items and finished in 02:02.485
[2020-12-28 11:36:20] [info   ] [ProgressLogger] OrderedCodeFunctionFilter processed 1615085 items and finished in 00:00.431
[2020-12-28 11:36:20] [info   ] [OrderedCodeFunctionFilter] Analysis component OrderedCodeFunctionFilter done
                                                            Execution took 02:02.926
[2020-12-28 11:36:24] [info   ] [FunctionMapCreator] Analysis component FunctionMapCreator done
                                                     Execution took 02:07.181
[2020-12-28 11:36:24] [info   ] [ProgressLogger] FunctionMapCreator processed 273324 of 273324 (100%) items and finished in 00:04.004
[2020-12-28 11:36:24] [error  ] [IndividualCodeMetricsRunner] Could not create metric instances:
                                                              net.ssehub.kernel_haven.SetUpException: ScatteringWeight requires a ScatteringDegreeContainer
                                                                  at net.ssehub.kernel_haven.metric_haven.metric_components.weights.ScatteringWeight.<init>(ScatteringWeight.java:46)
                                                                  at net.ssehub.kernel_haven.metric_haven.metric_components.weights.CachedWeightFactory.createSdWeight(CachedWeightFactory.java:62)
                                                                  at net.ssehub.kernel_haven.metric_haven.metric_components.weights.CachedWeightFactory.createVariabilityWeight(CachedWeightFactory.java:347)
                                                                  at net.ssehub.kernel_haven.metric_haven.metric_components.weights.CachedWeightFactory.createVariabilityWeight(CachedWeightFactory.java:434)
                                                                  at net.ssehub.kernel_haven.metric_haven.code_metrics.MetricFactory.createAllVariations(MetricFactory.java:683)
                                                                  at net.ssehub.kernel_haven.metric_haven.metric_components.IndividualCodeMetricsRunner.createAllAtomicVariations(IndividualCodeMetricsRunner.java:342)
                                                                  at net.ssehub.kernel_haven.metric_haven.metric_components.IndividualCodeMetricsRunner.instantiateMetrics(IndividualCodeMetricsRunner.java:587)
                                                                  at net.ssehub.kernel_haven.metric_haven.metric_components.CodeMetricsRunner.execute(CodeMetricsRunner.java:353)
                                                                  at net.ssehub.kernel_haven.analysis.AnalysisComponent.lambda$start$0(AnalysisComponent.java:229)
                                                                  at java.lang.Thread.run(Thread.java:748)
[2020-12-28 11:36:24] [info   ] [IndividualCodeMetricsRunner] Analysis component IndividualCodeMetricsRunner done
                                                              Execution took 02:31.892
[2020-12-28 11:36:24] [info   ] [Setup] Analysis has finished
[2020-12-28 11:36:24] [info   ] [Setup] Not archiving pipeline (not enabled by user)
[2020-12-28 11:36:24] [status ] [Setup] Pipeline done; exiting...
