[2020-12-27 09:46:05] [info   ] [Setup] Start executing KernelHaven with configuration file /tmp/SingleMetricAnalysis884533733116591403.properties
[2020-12-27 09:46:05] [info   ] [Setup] System Info:
                                        	KernelHaven Version: Built at 2020-05-14 12:25:32
                                        	OS Name: Linux
                                        	OS Version: 4.4.0-193-generic
                                        	OS Arch: amd64
                                        	Java Home: /usr/lib/jvm/java-8-oracle/jre
                                        	Java Vendor: Oracle Corporation
                                        	Java Version: 1.8.0_201
                                        	Java VM Name: Java HotSpot(TM) 64-Bit Server VM
                                        	Java VM Version: 25.201-b09
                                        	Java VM Vendor: Oracle Corporation
                                        	Working Directory: /mnt/Linux-Analyses/MailCrawler/instance3/kh
                                        	Temporary Directory: /mnt/Linux-Analyses/MailCrawler/instance3/kh/tmp
                                        	File Encoding: UTF-8
                                        	Java Class Path: KernelHaven.jar
                                        	Maximum Memory: 38.33 GiB
                                        	Available Processors: 10
[2020-12-27 09:46:05] [info   ] [Setup] Start setting up pipeline...
[2020-12-27 09:46:05] [info   ] [Setup] Loading jars from directory /mnt/Linux-Analyses/MailCrawler/instance3/kh/plugins
[2020-12-27 09:46:05] [info   ] [Setup] IncrementalAnalysesInfrastructure.jar version: Built at 2019-12-12 13:33:10
[2020-12-27 09:46:05] [info   ] [Setup] UndertakerExtractor.jar version: Built at 2020-05-15 07:14:35
[2020-12-27 09:46:05] [info   ] [Setup] CnfUtils.jar version: Built at 2020-05-14 12:38:00
[2020-12-27 09:46:05] [info   ] [Setup] KconfigReaderExtractor.jar version: Built at 2020-12-27 09:02:48
[2020-12-27 09:46:05] [info   ] [Setup] CppUtils.jar version: Built at 2020-05-14 12:42:57
[2020-12-27 09:46:05] [info   ] [Setup] ProblemSolutionSpaceDivergenceCorrectorAnalysis.jar version: Built at 2019-11-28 16:37:10
[2020-12-27 09:46:05] [info   ] [Setup] TypeChefExtractor.jar version: Built at 2019-11-28 14:31:53
[2020-12-27 09:46:05] [info   ] [Setup] ProblemSolutionSpaceMapperAnalysis.jar version: Built at 2019-11-28 16:11:10
[2020-12-27 09:46:05] [info   ] [Setup] DBUtils.jar version: Built at 2020-05-14 12:45:12
[2020-12-27 09:46:05] [info   ] [Setup] IOUtils.jar version: Built at 2020-05-14 12:58:22
[2020-12-27 09:46:05] [info   ] [Setup] FeatureEffectAnalysis.jar version: Built at 2020-05-14 12:57:03
[2020-12-27 09:46:05] [info   ] [Setup] SrcMLExtractor.jar version: Built at 2020-08-17 10:06:30
[2020-12-27 09:46:05] [info   ] [Setup] BusybootPreparation.jar version: Built at 2019-11-28 14:36:12
[2020-12-27 09:46:05] [info   ] [Setup] ProblemSolutionSpaceDivergenceDetectorAnalysis.jar version: Built at 2019-11-28 16:32:10
[2020-12-27 09:46:05] [info   ] [Setup] MetricHaven.jar version: Built at 2020-05-14 13:09:28
[2020-12-27 09:46:05] [info   ] [Setup] CodeBlockExtractor.jar version: Built at 2020-05-14 12:32:09
[2020-12-27 09:46:05] [info   ] [Setup] UnDeadAnalyzer.jar version: Built at 2020-05-15 07:13:02
[2020-12-27 09:46:05] [info   ] [Setup] EntityLocatorAnalysis.jar version: Built at 2019-11-28 14:34:59
[2020-12-27 09:46:05] [info   ] [Setup] KbuildMinerExtractor.jar version: Built at 2019-11-28 14:33:56
[2020-12-27 09:46:05] [info   ] [Setup] Successfully loaded 19 jars
[2020-12-27 09:46:05] [info   ] [Setup] Loading all classes specified in loadClasses.txt ...
[2020-12-27 09:46:05] [info   ] [Setup] Loaded 4 classes specified in loadClasses.txt files
[2020-12-27 09:46:05] [info   ] [Setup] Instantiating extractors...
[2020-12-27 09:46:05] [info   ] [Setup] Successfully instantiated variability extractor net.ssehub.kernel_haven.kconfigreader.KconfigReaderExtractor
[2020-12-27 09:46:05] [info   ] [Setup] Successfully instantiated build extractor net.ssehub.kernel_haven.kbuildminer.KbuildMinerExtractor
[2020-12-27 09:46:05] [info   ] [Setup] Successfully instantiated code extractor net.ssehub.kernel_haven.srcml.SrcMLExtractor
[2020-12-27 09:46:05] [info   ] [Setup] Creating providers...
[2020-12-27 09:46:05] [info   ] [Setup] Created variability provider
[2020-12-27 09:46:05] [info   ] [Setup] Created build provider
[2020-12-27 09:46:05] [info   ] [Setup] Created code provider
[2020-12-27 09:46:05] [info   ] [Setup] Instantiating analysis...
[2020-12-27 09:46:05] [info   ] [Setup] Successfully instantiated analysis net.ssehub.kernel_haven.metric_haven.metric_components.MetricsRunner
[2020-12-27 09:46:05] [info   ] [Setup] Starting analysis...
[2020-12-27 09:46:05] [info   ] [AnalysisPipelineController] MetricHaven executes atomic set and ignores further metric-specific configuration settings.
[2020-12-27 09:46:05] [status ] [KconfigReaderExtractor] Starting on 1 targets in 1 threads
[2020-12-27 09:46:05] [status ] [KbuildMinerExtractor] Starting on 1 targets in 1 threads
[2020-12-27 09:46:05] [info   ] [IndividualCodeMetricsRunner] Analysis component IndividualCodeMetricsRunner starting
[2020-12-27 09:46:06] [status ] [SrcMLExtractor] Starting on 9621 targets in 6 threads
[2020-12-27 09:46:06] [error  ] [ExtractorDataDuplicator] Got BM-Extractor exception:
                                                          net.ssehub.kernel_haven.util.ExtractorException: KbuildMiner execution not successful
                                                              at net.ssehub.kernel_haven.kbuildminer.KbuildMinerExtractor.runOnFile(KbuildMinerExtractor.java:103)
                                                              at net.ssehub.kernel_haven.kbuildminer.KbuildMinerExtractor.runOnFile(KbuildMinerExtractor.java:44)
                                                              at net.ssehub.kernel_haven.provider.AbstractExtractor$WorkerThread.run(AbstractExtractor.java:142)
[2020-12-27 09:46:06] [info   ] [ProgressLogger] KconfigReaderExtractor processed 0 of 1 (0%) items
                                                 KbuildMinerExtractor processed 1 of 1 (100%) items and finished in 00:00.565
                                                 SrcMLExtractor processed 44 of 9621 (0%) items
[2020-12-27 09:46:11] [info   ] [KconfigReaderExtractor-1] Dumpconf compilation crashed since the Kconfig uses an old syntax, try to fix it.
[2020-12-27 09:46:11] [info   ] [KconfigReaderExtractor-1] KconfigReader crashed since there is no Kconfig file in root directory, copying Kconfig file from arch directory to root.
[2020-12-27 09:46:11] [error  ] [ExtractorDataDuplicator] Got VM-Extractor exception:
                                                          net.ssehub.kernel_haven.util.ExtractorException: KconfigReader run not succesful
                                                              at net.ssehub.kernel_haven.kconfigreader.KconfigReaderExtractor.runOnFile(KconfigReaderExtractor.java:194)
                                                              at net.ssehub.kernel_haven.kconfigreader.KconfigReaderExtractor.runOnFile(KconfigReaderExtractor.java:58)
                                                              at net.ssehub.kernel_haven.provider.AbstractExtractor$WorkerThread.run(AbstractExtractor.java:142)
[2020-12-27 09:46:11] [info   ] [ProgressLogger] KconfigReaderExtractor processed 1 of 1 (100%) items and finished in 00:05.402
                                                 SrcMLExtractor processed 1012 of 9621 (10%) items
[2020-12-27 09:46:11] [info   ] [FeatureSizeEstimator] Analysis component FeatureSizeEstimator starting
[2020-12-27 09:46:11] [info   ] [VariabilityCounter] Analysis component VariabilityCounter starting
[2020-12-27 09:46:11] [info   ] [FunctionMapCreator] Analysis component FunctionMapCreator starting
[2020-12-27 09:46:11] [error  ] [FeatureSizeEstimator] Did not get a variability model
                                                       Can't create any results
[2020-12-27 09:46:11] [info   ] [FeatureSizeEstimator] Analysis component FeatureSizeEstimator done
                                                       Execution took 00:00.010
[2020-12-27 09:46:11] [error  ] [VariabilityCounter] Did not get a variability model
                                                     Can't create any results
[2020-12-27 09:46:11] [info   ] [OrderedCodeFunctionFilter] Analysis component OrderedCodeFunctionFilter starting
[2020-12-27 09:46:11] [info   ] [VariabilityCounter] Analysis component VariabilityCounter done
                                                     Execution took 00:00.015
[2020-12-27 09:46:11] [info   ] [CodeFunctionFilter] Analysis component CodeFunctionFilter starting
[2020-12-27 09:46:41] [info   ] [ProgressLogger] SrcMLExtractor processed 5794 of 9621 (60%) items
                                                 CodeFunctionFilter processed 5741 items
[2020-12-27 09:47:11] [info   ] [ProgressLogger] SrcMLExtractor processed 6856 of 9621 (71%) items
                                                 CodeFunctionFilter processed 6790 items
[2020-12-27 09:47:41] [info   ] [ProgressLogger] SrcMLExtractor processed 6867 of 9621 (71%) items
                                                 CodeFunctionFilter processed 6801 items
[2020-12-27 09:48:11] [info   ] [ProgressLogger] SrcMLExtractor processed 7351 of 9621 (76%) items
                                                 CodeFunctionFilter processed 7282 items
[2020-12-27 09:48:41] [info   ] [ProgressLogger] SrcMLExtractor processed 8028 of 9621 (83%) items
                                                 CodeFunctionFilter processed 7953 items
[2020-12-27 09:49:11] [info   ] [ProgressLogger] SrcMLExtractor processed 8770 of 9621 (91%) items
                                                 CodeFunctionFilter processed 8689 items
[2020-12-27 09:49:41] [info   ] [ProgressLogger] SrcMLExtractor processed 9618 of 9621 (99%) items
                                                 CodeFunctionFilter processed 9529 items
[2020-12-27 09:50:11] [info   ] [ProgressLogger] SrcMLExtractor processed 9618 of 9621 (99%) items
                                                 CodeFunctionFilter processed 9529 items
[2020-12-27 09:50:41] [info   ] [ProgressLogger] SrcMLExtractor processed 9618 of 9621 (99%) items
                                                 CodeFunctionFilter processed 9529 items
[2020-12-27 09:51:11] [info   ] [ProgressLogger] SrcMLExtractor processed 9618 of 9621 (99%) items
                                                 CodeFunctionFilter processed 9529 items
[2020-12-27 09:51:41] [info   ] [ProgressLogger] SrcMLExtractor processed 9620 of 9621 (99%) items
                                                 CodeFunctionFilter processed 9531 items
[2020-12-27 09:51:43] [info   ] [ProgressLogger] SrcMLExtractor processed 9621 of 9621 (100%) items and finished in 05:37.216
                                                 CodeFunctionFilter processed 9532 items
[2020-12-27 09:51:43] [warning] [ExtractorDataDuplicator] CM-Extractor: Got 9532 elements and 89 exceptions
[2020-12-27 09:51:43] [info   ] [CodeFunctionFilter] Discarded 1109 functions that contained an ErrorElement
[2020-12-27 09:51:43] [info   ] [CodeFunctionFilter] Analysis component CodeFunctionFilter done
                                                     Execution took 05:31.905
[2020-12-27 09:51:43] [info   ] [ProgressLogger] CodeFunctionFilter processed 9532 items and finished in 05:31.905
[2020-12-27 09:51:43] [info   ] [ProgressLogger] OrderedCodeFunctionFilter processed 651674 items and finished in 00:00.181
[2020-12-27 09:51:43] [info   ] [OrderedCodeFunctionFilter] Analysis component OrderedCodeFunctionFilter done
                                                            Execution took 05:32.089
[2020-12-27 09:51:45] [info   ] [FunctionMapCreator] Analysis component FunctionMapCreator done
                                                     Execution took 05:34.095
[2020-12-27 09:51:45] [info   ] [ProgressLogger] FunctionMapCreator processed 112074 of 112074 (100%) items and finished in 00:01.892
[2020-12-27 09:51:45] [error  ] [IndividualCodeMetricsRunner] Could not create metric instances:
                                                              net.ssehub.kernel_haven.SetUpException: ScatteringWeight requires a ScatteringDegreeContainer
                                                                  at net.ssehub.kernel_haven.metric_haven.metric_components.weights.ScatteringWeight.<init>(ScatteringWeight.java:46)
                                                                  at net.ssehub.kernel_haven.metric_haven.metric_components.weights.CachedWeightFactory.createSdWeight(CachedWeightFactory.java:62)
                                                                  at net.ssehub.kernel_haven.metric_haven.metric_components.weights.CachedWeightFactory.createVariabilityWeight(CachedWeightFactory.java:347)
                                                                  at net.ssehub.kernel_haven.metric_haven.metric_components.weights.CachedWeightFactory.createVariabilityWeight(CachedWeightFactory.java:434)
                                                                  at net.ssehub.kernel_haven.metric_haven.code_metrics.MetricFactory.createAllVariations(MetricFactory.java:683)
                                                                  at net.ssehub.kernel_haven.metric_haven.metric_components.IndividualCodeMetricsRunner.createAllAtomicVariations(IndividualCodeMetricsRunner.java:342)
                                                                  at net.ssehub.kernel_haven.metric_haven.metric_components.IndividualCodeMetricsRunner.instantiateMetrics(IndividualCodeMetricsRunner.java:587)
                                                                  at net.ssehub.kernel_haven.metric_haven.metric_components.CodeMetricsRunner.execute(CodeMetricsRunner.java:353)
                                                                  at net.ssehub.kernel_haven.analysis.AnalysisComponent.lambda$start$0(AnalysisComponent.java:229)
                                                                  at java.lang.Thread.run(Thread.java:748)
[2020-12-27 09:51:45] [info   ] [IndividualCodeMetricsRunner] Analysis component IndividualCodeMetricsRunner done
                                                              Execution took 05:39.530
[2020-12-27 09:51:45] [info   ] [Setup] Analysis has finished
[2020-12-27 09:51:45] [info   ] [Setup] Not archiving pipeline (not enabled by user)
[2020-12-27 09:51:45] [status ] [Setup] Pipeline done; exiting...
