[2020-12-28 00:00:12] [info   ] [Setup] Start executing KernelHaven with configuration file /tmp/SingleMetricAnalysis8779754544493224829.properties
[2020-12-28 00:00:12] [info   ] [Setup] System Info:
                                        	KernelHaven Version: Built at 2020-05-14 12:25:32
                                        	OS Name: Linux
                                        	OS Version: 4.4.0-193-generic
                                        	OS Arch: amd64
                                        	Java Home: /usr/lib/jvm/java-8-oracle/jre
                                        	Java Vendor: Oracle Corporation
                                        	Java Version: 1.8.0_201
                                        	Java VM Name: Java HotSpot(TM) 64-Bit Server VM
                                        	Java VM Version: 25.201-b09
                                        	Java VM Vendor: Oracle Corporation
                                        	Working Directory: /mnt/Linux-Analyses/MailCrawler/instance3/kh
                                        	Temporary Directory: /mnt/Linux-Analyses/MailCrawler/instance3/kh/tmp
                                        	File Encoding: UTF-8
                                        	Java Class Path: KernelHaven.jar
                                        	Maximum Memory: 38.33 GiB
                                        	Available Processors: 10
[2020-12-28 00:00:12] [info   ] [Setup] Start setting up pipeline...
[2020-12-28 00:00:12] [info   ] [Setup] Loading jars from directory /mnt/Linux-Analyses/MailCrawler/instance3/kh/plugins
[2020-12-28 00:00:12] [info   ] [Setup] IncrementalAnalysesInfrastructure.jar version: Built at 2019-12-12 13:33:10
[2020-12-28 00:00:12] [info   ] [Setup] UndertakerExtractor.jar version: Built at 2020-05-15 07:14:35
[2020-12-28 00:00:12] [info   ] [Setup] CnfUtils.jar version: Built at 2020-05-14 12:38:00
[2020-12-28 00:00:12] [info   ] [Setup] KconfigReaderExtractor.jar version: Built at 2020-12-27 09:02:48
[2020-12-28 00:00:12] [info   ] [Setup] CppUtils.jar version: Built at 2020-05-14 12:42:57
[2020-12-28 00:00:12] [info   ] [Setup] ProblemSolutionSpaceDivergenceCorrectorAnalysis.jar version: Built at 2019-11-28 16:37:10
[2020-12-28 00:00:12] [info   ] [Setup] TypeChefExtractor.jar version: Built at 2019-11-28 14:31:53
[2020-12-28 00:00:12] [info   ] [Setup] ProblemSolutionSpaceMapperAnalysis.jar version: Built at 2019-11-28 16:11:10
[2020-12-28 00:00:12] [info   ] [Setup] DBUtils.jar version: Built at 2020-05-14 12:45:12
[2020-12-28 00:00:12] [info   ] [Setup] IOUtils.jar version: Built at 2020-05-14 12:58:22
[2020-12-28 00:00:13] [info   ] [Setup] FeatureEffectAnalysis.jar version: Built at 2020-05-14 12:57:03
[2020-12-28 00:00:13] [info   ] [Setup] SrcMLExtractor.jar version: Built at 2020-08-17 10:06:30
[2020-12-28 00:00:13] [info   ] [Setup] BusybootPreparation.jar version: Built at 2019-11-28 14:36:12
[2020-12-28 00:00:13] [info   ] [Setup] ProblemSolutionSpaceDivergenceDetectorAnalysis.jar version: Built at 2019-11-28 16:32:10
[2020-12-28 00:00:13] [info   ] [Setup] MetricHaven.jar version: Built at 2020-05-14 13:09:28
[2020-12-28 00:00:13] [info   ] [Setup] CodeBlockExtractor.jar version: Built at 2020-05-14 12:32:09
[2020-12-28 00:00:13] [info   ] [Setup] UnDeadAnalyzer.jar version: Built at 2020-05-15 07:13:02
[2020-12-28 00:00:13] [info   ] [Setup] EntityLocatorAnalysis.jar version: Built at 2019-11-28 14:34:59
[2020-12-28 00:00:13] [info   ] [Setup] KbuildMinerExtractor.jar version: Built at 2019-11-28 14:33:56
[2020-12-28 00:00:13] [info   ] [Setup] Successfully loaded 19 jars
[2020-12-28 00:00:13] [info   ] [Setup] Loading all classes specified in loadClasses.txt ...
[2020-12-28 00:00:13] [info   ] [Setup] Loaded 4 classes specified in loadClasses.txt files
[2020-12-28 00:00:13] [info   ] [Setup] Instantiating extractors...
[2020-12-28 00:00:13] [info   ] [Setup] Successfully instantiated variability extractor net.ssehub.kernel_haven.kconfigreader.KconfigReaderExtractor
[2020-12-28 00:00:13] [info   ] [Setup] Successfully instantiated build extractor net.ssehub.kernel_haven.kbuildminer.KbuildMinerExtractor
[2020-12-28 00:00:13] [info   ] [Setup] Successfully instantiated code extractor net.ssehub.kernel_haven.srcml.SrcMLExtractor
[2020-12-28 00:00:13] [info   ] [Setup] Creating providers...
[2020-12-28 00:00:13] [info   ] [Setup] Created variability provider
[2020-12-28 00:00:13] [info   ] [Setup] Created build provider
[2020-12-28 00:00:13] [info   ] [Setup] Created code provider
[2020-12-28 00:00:13] [info   ] [Setup] Instantiating analysis...
[2020-12-28 00:00:13] [info   ] [Setup] Successfully instantiated analysis net.ssehub.kernel_haven.metric_haven.metric_components.MetricsRunner
[2020-12-28 00:00:13] [info   ] [Setup] Starting analysis...
[2020-12-28 00:00:13] [info   ] [AnalysisPipelineController] MetricHaven executes atomic set and ignores further metric-specific configuration settings.
[2020-12-28 00:00:13] [status ] [KconfigReaderExtractor] Starting on 1 targets in 1 threads
[2020-12-28 00:00:13] [status ] [KbuildMinerExtractor] Starting on 1 targets in 1 threads
[2020-12-28 00:00:13] [info   ] [IndividualCodeMetricsRunner] Analysis component IndividualCodeMetricsRunner starting
[2020-12-28 00:00:13] [status ] [SrcMLExtractor] Starting on 22495 targets in 6 threads
[2020-12-28 00:00:20] [info   ] [ProgressLogger] KconfigReaderExtractor processed 1 of 1 (100%) items and finished in 00:06.784
                                                 KbuildMinerExtractor processed 0 of 1 (0%) items
                                                 SrcMLExtractor processed 1399 of 22495 (6%) items
[2020-12-28 00:00:20] [error  ] [ExtractorDataDuplicator] Got VM-Extractor exception:
                                                          net.ssehub.kernel_haven.util.ExtractorException: 'make allyesconfig prepare' failed to execute
                                                              at net.ssehub.kernel_haven.kconfigreader.KconfigReaderExtractor.runOnFile(KconfigReaderExtractor.java:181)
                                                              at net.ssehub.kernel_haven.kconfigreader.KconfigReaderExtractor.runOnFile(KconfigReaderExtractor.java:58)
                                                              at net.ssehub.kernel_haven.provider.AbstractExtractor$WorkerThread.run(AbstractExtractor.java:142)
[2020-12-28 00:00:24] [error  ] [ExtractorDataDuplicator] Got BM-Extractor exception:
                                                          net.ssehub.kernel_haven.util.ExtractorException: Did not get a variability model
                                                              at net.ssehub.kernel_haven.kbuildminer.KbuildMinerExtractor.runOnFile(KbuildMinerExtractor.java:112)
                                                              at net.ssehub.kernel_haven.kbuildminer.KbuildMinerExtractor.runOnFile(KbuildMinerExtractor.java:44)
                                                              at net.ssehub.kernel_haven.provider.AbstractExtractor$WorkerThread.run(AbstractExtractor.java:142)
[2020-12-28 00:00:24] [info   ] [ProgressLogger] KbuildMinerExtractor processed 1 of 1 (100%) items and finished in 00:10.947
                                                 SrcMLExtractor processed 2600 of 22495 (11%) items
[2020-12-28 00:00:24] [info   ] [FunctionMapCreator] Analysis component FunctionMapCreator starting
[2020-12-28 00:00:24] [info   ] [VariabilityCounter] Analysis component VariabilityCounter starting
[2020-12-28 00:00:24] [info   ] [FeatureSizeEstimator] Analysis component FeatureSizeEstimator starting
[2020-12-28 00:00:24] [error  ] [VariabilityCounter] Did not get a variability model
                                                     Can't create any results
[2020-12-28 00:00:24] [info   ] [VariabilityCounter] Analysis component VariabilityCounter done
                                                     Execution took 00:00.000
[2020-12-28 00:00:24] [error  ] [FeatureSizeEstimator] Did not get a variability model
                                                       Can't create any results
[2020-12-28 00:00:24] [info   ] [FeatureSizeEstimator] Analysis component FeatureSizeEstimator done
                                                       Execution took 00:00.001
[2020-12-28 00:00:24] [info   ] [OrderedCodeFunctionFilter] Analysis component OrderedCodeFunctionFilter starting
[2020-12-28 00:00:24] [info   ] [CodeFunctionFilter] Analysis component CodeFunctionFilter starting
[2020-12-28 00:00:54] [info   ] [ProgressLogger] SrcMLExtractor processed 11219 of 22495 (49%) items
                                                 CodeFunctionFilter processed 11153 items
[2020-12-28 00:01:24] [info   ] [ProgressLogger] SrcMLExtractor processed 15167 of 22495 (67%) items
                                                 CodeFunctionFilter processed 15078 items
[2020-12-28 00:01:54] [info   ] [ProgressLogger] SrcMLExtractor processed 19389 of 22495 (86%) items
                                                 CodeFunctionFilter processed 19273 items
[2020-12-28 00:02:14] [info   ] [ProgressLogger] SrcMLExtractor processed 22495 of 22495 (100%) items and finished in 02:01.031
                                                 CodeFunctionFilter processed 22356 items
[2020-12-28 00:02:14] [warning] [ExtractorDataDuplicator] CM-Extractor: Got 22357 elements and 138 exceptions
[2020-12-28 00:02:14] [info   ] [CodeFunctionFilter] Discarded 2917 functions that contained an ErrorElement
[2020-12-28 00:02:14] [info   ] [CodeFunctionFilter] Analysis component CodeFunctionFilter done
                                                     Execution took 01:50.342
[2020-12-28 00:02:14] [info   ] [ProgressLogger] CodeFunctionFilter processed 22357 items and finished in 01:50.341
[2020-12-28 00:02:15] [info   ] [OrderedCodeFunctionFilter] Analysis component OrderedCodeFunctionFilter done
                                                            Execution took 01:50.704
[2020-12-28 00:02:15] [info   ] [ProgressLogger] OrderedCodeFunctionFilter processed 1352908 items and finished in 00:00.361
[2020-12-28 00:02:18] [info   ] [FunctionMapCreator] Analysis component FunctionMapCreator done
                                                     Execution took 01:54.321
[2020-12-28 00:02:18] [info   ] [ProgressLogger] FunctionMapCreator processed 228623 of 228623 (100%) items and finished in 00:03.415
[2020-12-28 00:02:18] [error  ] [IndividualCodeMetricsRunner] Could not create metric instances:
                                                              net.ssehub.kernel_haven.SetUpException: ScatteringWeight requires a ScatteringDegreeContainer
                                                                  at net.ssehub.kernel_haven.metric_haven.metric_components.weights.ScatteringWeight.<init>(ScatteringWeight.java:46)
                                                                  at net.ssehub.kernel_haven.metric_haven.metric_components.weights.CachedWeightFactory.createSdWeight(CachedWeightFactory.java:62)
                                                                  at net.ssehub.kernel_haven.metric_haven.metric_components.weights.CachedWeightFactory.createVariabilityWeight(CachedWeightFactory.java:347)
                                                                  at net.ssehub.kernel_haven.metric_haven.metric_components.weights.CachedWeightFactory.createVariabilityWeight(CachedWeightFactory.java:434)
                                                                  at net.ssehub.kernel_haven.metric_haven.code_metrics.MetricFactory.createAllVariations(MetricFactory.java:683)
                                                                  at net.ssehub.kernel_haven.metric_haven.metric_components.IndividualCodeMetricsRunner.createAllAtomicVariations(IndividualCodeMetricsRunner.java:342)
                                                                  at net.ssehub.kernel_haven.metric_haven.metric_components.IndividualCodeMetricsRunner.instantiateMetrics(IndividualCodeMetricsRunner.java:587)
                                                                  at net.ssehub.kernel_haven.metric_haven.metric_components.CodeMetricsRunner.execute(CodeMetricsRunner.java:353)
                                                                  at net.ssehub.kernel_haven.analysis.AnalysisComponent.lambda$start$0(AnalysisComponent.java:229)
                                                                  at java.lang.Thread.run(Thread.java:748)
[2020-12-28 00:02:18] [info   ] [IndividualCodeMetricsRunner] Analysis component IndividualCodeMetricsRunner done
                                                              Execution took 02:05.277
[2020-12-28 00:02:18] [info   ] [Setup] Analysis has finished
[2020-12-28 00:02:18] [info   ] [Setup] Not archiving pipeline (not enabled by user)
[2020-12-28 00:02:18] [status ] [Setup] Pipeline done; exiting...
