[2020-12-27 12:55:40] [info   ] [Setup] Start executing KernelHaven with configuration file /tmp/SingleMetricAnalysis7763560897533271315.properties
[2020-12-27 12:55:40] [info   ] [Setup] System Info:
                                        	KernelHaven Version: Built at 2020-05-14 12:25:32
                                        	OS Name: Linux
                                        	OS Version: 4.4.0-193-generic
                                        	OS Arch: amd64
                                        	Java Home: /usr/lib/jvm/java-8-oracle/jre
                                        	Java Vendor: Oracle Corporation
                                        	Java Version: 1.8.0_201
                                        	Java VM Name: Java HotSpot(TM) 64-Bit Server VM
                                        	Java VM Version: 25.201-b09
                                        	Java VM Vendor: Oracle Corporation
                                        	Working Directory: /mnt/Linux-Analyses/MailCrawler/instance3/kh
                                        	Temporary Directory: /mnt/Linux-Analyses/MailCrawler/instance3/kh/tmp
                                        	File Encoding: UTF-8
                                        	Java Class Path: KernelHaven.jar
                                        	Maximum Memory: 38.33 GiB
                                        	Available Processors: 10
[2020-12-27 12:55:40] [info   ] [Setup] Start setting up pipeline...
[2020-12-27 12:55:40] [info   ] [Setup] Loading jars from directory /mnt/Linux-Analyses/MailCrawler/instance3/kh/plugins
[2020-12-27 12:55:40] [info   ] [Setup] IncrementalAnalysesInfrastructure.jar version: Built at 2019-12-12 13:33:10
[2020-12-27 12:55:40] [info   ] [Setup] UndertakerExtractor.jar version: Built at 2020-05-15 07:14:35
[2020-12-27 12:55:40] [info   ] [Setup] CnfUtils.jar version: Built at 2020-05-14 12:38:00
[2020-12-27 12:55:40] [info   ] [Setup] KconfigReaderExtractor.jar version: Built at 2020-12-27 09:02:48
[2020-12-27 12:55:40] [info   ] [Setup] CppUtils.jar version: Built at 2020-05-14 12:42:57
[2020-12-27 12:55:40] [info   ] [Setup] ProblemSolutionSpaceDivergenceCorrectorAnalysis.jar version: Built at 2019-11-28 16:37:10
[2020-12-27 12:55:40] [info   ] [Setup] TypeChefExtractor.jar version: Built at 2019-11-28 14:31:53
[2020-12-27 12:55:40] [info   ] [Setup] ProblemSolutionSpaceMapperAnalysis.jar version: Built at 2019-11-28 16:11:10
[2020-12-27 12:55:40] [info   ] [Setup] DBUtils.jar version: Built at 2020-05-14 12:45:12
[2020-12-27 12:55:40] [info   ] [Setup] IOUtils.jar version: Built at 2020-05-14 12:58:22
[2020-12-27 12:55:40] [info   ] [Setup] FeatureEffectAnalysis.jar version: Built at 2020-05-14 12:57:03
[2020-12-27 12:55:40] [info   ] [Setup] SrcMLExtractor.jar version: Built at 2020-08-17 10:06:30
[2020-12-27 12:55:40] [info   ] [Setup] BusybootPreparation.jar version: Built at 2019-11-28 14:36:12
[2020-12-27 12:55:40] [info   ] [Setup] ProblemSolutionSpaceDivergenceDetectorAnalysis.jar version: Built at 2019-11-28 16:32:10
[2020-12-27 12:55:40] [info   ] [Setup] MetricHaven.jar version: Built at 2020-05-14 13:09:28
[2020-12-27 12:55:40] [info   ] [Setup] CodeBlockExtractor.jar version: Built at 2020-05-14 12:32:09
[2020-12-27 12:55:40] [info   ] [Setup] UnDeadAnalyzer.jar version: Built at 2020-05-15 07:13:02
[2020-12-27 12:55:40] [info   ] [Setup] EntityLocatorAnalysis.jar version: Built at 2019-11-28 14:34:59
[2020-12-27 12:55:40] [info   ] [Setup] KbuildMinerExtractor.jar version: Built at 2019-11-28 14:33:56
[2020-12-27 12:55:40] [info   ] [Setup] Successfully loaded 19 jars
[2020-12-27 12:55:40] [info   ] [Setup] Loading all classes specified in loadClasses.txt ...
[2020-12-27 12:55:40] [info   ] [Setup] Loaded 4 classes specified in loadClasses.txt files
[2020-12-27 12:55:40] [info   ] [Setup] Instantiating extractors...
[2020-12-27 12:55:40] [info   ] [Setup] Successfully instantiated variability extractor net.ssehub.kernel_haven.kconfigreader.KconfigReaderExtractor
[2020-12-27 12:55:40] [info   ] [Setup] Successfully instantiated build extractor net.ssehub.kernel_haven.kbuildminer.KbuildMinerExtractor
[2020-12-27 12:55:40] [info   ] [Setup] Successfully instantiated code extractor net.ssehub.kernel_haven.srcml.SrcMLExtractor
[2020-12-27 12:55:40] [info   ] [Setup] Creating providers...
[2020-12-27 12:55:40] [info   ] [Setup] Created variability provider
[2020-12-27 12:55:40] [info   ] [Setup] Created build provider
[2020-12-27 12:55:40] [info   ] [Setup] Created code provider
[2020-12-27 12:55:40] [info   ] [Setup] Instantiating analysis...
[2020-12-27 12:55:40] [info   ] [Setup] Successfully instantiated analysis net.ssehub.kernel_haven.metric_haven.metric_components.MetricsRunner
[2020-12-27 12:55:40] [info   ] [Setup] Starting analysis...
[2020-12-27 12:55:40] [info   ] [AnalysisPipelineController] MetricHaven executes atomic set and ignores further metric-specific configuration settings.
[2020-12-27 12:55:40] [status ] [KconfigReaderExtractor] Starting on 1 targets in 1 threads
[2020-12-27 12:55:40] [status ] [KbuildMinerExtractor] Starting on 1 targets in 1 threads
[2020-12-27 12:55:40] [info   ] [IndividualCodeMetricsRunner] Analysis component IndividualCodeMetricsRunner starting
[2020-12-27 12:55:40] [status ] [SrcMLExtractor] Starting on 10500 targets in 6 threads
[2020-12-27 12:55:41] [info   ] [KconfigReaderExtractor-1] Linux preparation crashed since the Makefile uses a deprecated syntax, try to fix it.
[2020-12-27 12:55:41] [error  ] [ExtractorDataDuplicator] Got BM-Extractor exception:
                                                          net.ssehub.kernel_haven.util.ExtractorException: KbuildMiner execution not successful
                                                              at net.ssehub.kernel_haven.kbuildminer.KbuildMinerExtractor.runOnFile(KbuildMinerExtractor.java:103)
                                                              at net.ssehub.kernel_haven.kbuildminer.KbuildMinerExtractor.runOnFile(KbuildMinerExtractor.java:44)
                                                              at net.ssehub.kernel_haven.provider.AbstractExtractor$WorkerThread.run(AbstractExtractor.java:142)
[2020-12-27 12:55:41] [info   ] [ProgressLogger] KconfigReaderExtractor processed 0 of 1 (0%) items
                                                 KbuildMinerExtractor processed 1 of 1 (100%) items and finished in 00:00.541
                                                 SrcMLExtractor processed 40 of 10500 (0%) items
[2020-12-27 12:56:11] [info   ] [ProgressLogger] KconfigReaderExtractor processed 0 of 1 (0%) items
                                                 SrcMLExtractor processed 5355 of 10500 (51%) items
[2020-12-27 12:56:41] [info   ] [ProgressLogger] KconfigReaderExtractor processed 0 of 1 (0%) items
                                                 SrcMLExtractor processed 7392 of 10500 (70%) items
[2020-12-27 12:57:11] [info   ] [ProgressLogger] KconfigReaderExtractor processed 0 of 1 (0%) items
                                                 SrcMLExtractor processed 7392 of 10500 (70%) items
[2020-12-27 12:57:41] [info   ] [ProgressLogger] KconfigReaderExtractor processed 0 of 1 (0%) items
                                                 SrcMLExtractor processed 7945 of 10500 (75%) items
[2020-12-27 12:57:44] [info   ] [KconfigReaderExtractor-1] Dumpconf compilation crashed since the Kconfig uses an old syntax, try to fix it.
[2020-12-27 12:57:45] [info   ] [KconfigReaderExtractor-1] KconfigReader crashed since there is no Kconfig file in root directory, copying Kconfig file from arch directory to root.
[2020-12-27 12:57:45] [error  ] [ExtractorDataDuplicator] Got VM-Extractor exception:
                                                          net.ssehub.kernel_haven.util.ExtractorException: KconfigReader run not succesful
                                                              at net.ssehub.kernel_haven.kconfigreader.KconfigReaderExtractor.runOnFile(KconfigReaderExtractor.java:194)
                                                              at net.ssehub.kernel_haven.kconfigreader.KconfigReaderExtractor.runOnFile(KconfigReaderExtractor.java:58)
                                                              at net.ssehub.kernel_haven.provider.AbstractExtractor$WorkerThread.run(AbstractExtractor.java:142)
[2020-12-27 12:57:45] [info   ] [ProgressLogger] KconfigReaderExtractor processed 1 of 1 (100%) items and finished in 02:04.630
                                                 SrcMLExtractor processed 8031 of 10500 (76%) items
[2020-12-27 12:57:45] [info   ] [VariabilityCounter] Analysis component VariabilityCounter starting
[2020-12-27 12:57:45] [info   ] [FunctionMapCreator] Analysis component FunctionMapCreator starting
[2020-12-27 12:57:45] [error  ] [VariabilityCounter] Did not get a variability model
                                                     Can't create any results
[2020-12-27 12:57:45] [info   ] [VariabilityCounter] Analysis component VariabilityCounter done
                                                     Execution took 00:00.001
[2020-12-27 12:57:45] [info   ] [FeatureSizeEstimator] Analysis component FeatureSizeEstimator starting
[2020-12-27 12:57:45] [error  ] [FeatureSizeEstimator] Did not get a variability model
                                                       Can't create any results
[2020-12-27 12:57:45] [info   ] [FeatureSizeEstimator] Analysis component FeatureSizeEstimator done
                                                       Execution took 00:00.004
[2020-12-27 12:57:45] [info   ] [OrderedCodeFunctionFilter] Analysis component OrderedCodeFunctionFilter starting
[2020-12-27 12:57:45] [info   ] [CodeFunctionFilter] Analysis component CodeFunctionFilter starting
[2020-12-27 12:58:15] [info   ] [ProgressLogger] SrcMLExtractor processed 8765 of 10500 (83%) items
                                                 CodeFunctionFilter processed 8686 items
[2020-12-27 12:58:45] [info   ] [ProgressLogger] SrcMLExtractor processed 9492 of 10500 (90%) items
                                                 CodeFunctionFilter processed 9407 items
[2020-12-27 12:59:15] [info   ] [ProgressLogger] SrcMLExtractor processed 10496 of 10500 (99%) items
                                                 CodeFunctionFilter processed 10402 items
[2020-12-27 12:59:45] [info   ] [ProgressLogger] SrcMLExtractor processed 10498 of 10500 (99%) items
                                                 CodeFunctionFilter processed 10404 items
[2020-12-27 13:00:15] [info   ] [ProgressLogger] SrcMLExtractor processed 10498 of 10500 (99%) items
                                                 CodeFunctionFilter processed 10404 items
[2020-12-27 13:00:45] [info   ] [ProgressLogger] SrcMLExtractor processed 10498 of 10500 (99%) items
                                                 CodeFunctionFilter processed 10404 items
[2020-12-27 13:01:15] [info   ] [ProgressLogger] SrcMLExtractor processed 10498 of 10500 (99%) items
                                                 CodeFunctionFilter processed 10404 items
[2020-12-27 13:01:22] [info   ] [ProgressLogger] SrcMLExtractor processed 10500 of 10500 (100%) items and finished in 05:41.514
                                                 CodeFunctionFilter processed 10406 items
[2020-12-27 13:01:22] [warning] [ExtractorDataDuplicator] CM-Extractor: Got 10406 elements and 94 exceptions
[2020-12-27 13:01:22] [info   ] [CodeFunctionFilter] Discarded 1102 functions that contained an ErrorElement
[2020-12-27 13:01:22] [info   ] [CodeFunctionFilter] Analysis component CodeFunctionFilter done
                                                     Execution took 03:36.991
[2020-12-27 13:01:22] [info   ] [ProgressLogger] CodeFunctionFilter processed 10406 items and finished in 03:36.991
[2020-12-27 13:01:22] [info   ] [OrderedCodeFunctionFilter] Analysis component OrderedCodeFunctionFilter done
                                                            Execution took 03:37.196
[2020-12-27 13:01:22] [info   ] [ProgressLogger] OrderedCodeFunctionFilter processed 737446 items and finished in 00:00.202
[2020-12-27 13:01:24] [info   ] [FunctionMapCreator] Analysis component FunctionMapCreator done
                                                     Execution took 03:39.417
[2020-12-27 13:01:24] [info   ] [ProgressLogger] FunctionMapCreator processed 126236 of 126236 (100%) items and finished in 00:02.099
[2020-12-27 13:01:24] [error  ] [IndividualCodeMetricsRunner] Could not create metric instances:
                                                              net.ssehub.kernel_haven.SetUpException: ScatteringWeight requires a ScatteringDegreeContainer
                                                                  at net.ssehub.kernel_haven.metric_haven.metric_components.weights.ScatteringWeight.<init>(ScatteringWeight.java:46)
                                                                  at net.ssehub.kernel_haven.metric_haven.metric_components.weights.CachedWeightFactory.createSdWeight(CachedWeightFactory.java:62)
                                                                  at net.ssehub.kernel_haven.metric_haven.metric_components.weights.CachedWeightFactory.createVariabilityWeight(CachedWeightFactory.java:347)
                                                                  at net.ssehub.kernel_haven.metric_haven.metric_components.weights.CachedWeightFactory.createVariabilityWeight(CachedWeightFactory.java:434)
                                                                  at net.ssehub.kernel_haven.metric_haven.code_metrics.MetricFactory.createAllVariations(MetricFactory.java:683)
                                                                  at net.ssehub.kernel_haven.metric_haven.metric_components.IndividualCodeMetricsRunner.createAllAtomicVariations(IndividualCodeMetricsRunner.java:342)
                                                                  at net.ssehub.kernel_haven.metric_haven.metric_components.IndividualCodeMetricsRunner.instantiateMetrics(IndividualCodeMetricsRunner.java:587)
                                                                  at net.ssehub.kernel_haven.metric_haven.metric_components.CodeMetricsRunner.execute(CodeMetricsRunner.java:353)
                                                                  at net.ssehub.kernel_haven.analysis.AnalysisComponent.lambda$start$0(AnalysisComponent.java:229)
                                                                  at java.lang.Thread.run(Thread.java:748)
[2020-12-27 13:01:24] [info   ] [IndividualCodeMetricsRunner] Analysis component IndividualCodeMetricsRunner done
                                                              Execution took 05:44.072
[2020-12-27 13:01:24] [info   ] [Setup] Analysis has finished
[2020-12-27 13:01:24] [info   ] [Setup] Not archiving pipeline (not enabled by user)
[2020-12-27 13:01:24] [status ] [Setup] Pipeline done; exiting...
