[2020-12-27 15:19:39] [info   ] [Setup] Start executing KernelHaven with configuration file /tmp/SingleMetricAnalysis6052810743719279871.properties
[2020-12-27 15:19:39] [info   ] [Setup] System Info:
                                        	KernelHaven Version: Built at 2020-05-14 12:25:32
                                        	OS Name: Linux
                                        	OS Version: 4.4.0-193-generic
                                        	OS Arch: amd64
                                        	Java Home: /usr/lib/jvm/java-8-oracle/jre
                                        	Java Vendor: Oracle Corporation
                                        	Java Version: 1.8.0_201
                                        	Java VM Name: Java HotSpot(TM) 64-Bit Server VM
                                        	Java VM Version: 25.201-b09
                                        	Java VM Vendor: Oracle Corporation
                                        	Working Directory: /mnt/Linux-Analyses/MailCrawler/instance3/kh
                                        	Temporary Directory: /mnt/Linux-Analyses/MailCrawler/instance3/kh/tmp
                                        	File Encoding: UTF-8
                                        	Java Class Path: KernelHaven.jar
                                        	Maximum Memory: 38.33 GiB
                                        	Available Processors: 10
[2020-12-27 15:19:39] [info   ] [Setup] Start setting up pipeline...
[2020-12-27 15:19:39] [info   ] [Setup] Loading jars from directory /mnt/Linux-Analyses/MailCrawler/instance3/kh/plugins
[2020-12-27 15:19:39] [info   ] [Setup] IncrementalAnalysesInfrastructure.jar version: Built at 2019-12-12 13:33:10
[2020-12-27 15:19:39] [info   ] [Setup] UndertakerExtractor.jar version: Built at 2020-05-15 07:14:35
[2020-12-27 15:19:39] [info   ] [Setup] CnfUtils.jar version: Built at 2020-05-14 12:38:00
[2020-12-27 15:19:39] [info   ] [Setup] KconfigReaderExtractor.jar version: Built at 2020-12-27 09:02:48
[2020-12-27 15:19:39] [info   ] [Setup] CppUtils.jar version: Built at 2020-05-14 12:42:57
[2020-12-27 15:19:39] [info   ] [Setup] ProblemSolutionSpaceDivergenceCorrectorAnalysis.jar version: Built at 2019-11-28 16:37:10
[2020-12-27 15:19:39] [info   ] [Setup] TypeChefExtractor.jar version: Built at 2019-11-28 14:31:53
[2020-12-27 15:19:39] [info   ] [Setup] ProblemSolutionSpaceMapperAnalysis.jar version: Built at 2019-11-28 16:11:10
[2020-12-27 15:19:39] [info   ] [Setup] DBUtils.jar version: Built at 2020-05-14 12:45:12
[2020-12-27 15:19:39] [info   ] [Setup] IOUtils.jar version: Built at 2020-05-14 12:58:22
[2020-12-27 15:19:39] [info   ] [Setup] FeatureEffectAnalysis.jar version: Built at 2020-05-14 12:57:03
[2020-12-27 15:19:39] [info   ] [Setup] SrcMLExtractor.jar version: Built at 2020-08-17 10:06:30
[2020-12-27 15:19:39] [info   ] [Setup] BusybootPreparation.jar version: Built at 2019-11-28 14:36:12
[2020-12-27 15:19:39] [info   ] [Setup] ProblemSolutionSpaceDivergenceDetectorAnalysis.jar version: Built at 2019-11-28 16:32:10
[2020-12-27 15:19:39] [info   ] [Setup] MetricHaven.jar version: Built at 2020-05-14 13:09:28
[2020-12-27 15:19:39] [info   ] [Setup] CodeBlockExtractor.jar version: Built at 2020-05-14 12:32:09
[2020-12-27 15:19:39] [info   ] [Setup] UnDeadAnalyzer.jar version: Built at 2020-05-15 07:13:02
[2020-12-27 15:19:39] [info   ] [Setup] EntityLocatorAnalysis.jar version: Built at 2019-11-28 14:34:59
[2020-12-27 15:19:39] [info   ] [Setup] KbuildMinerExtractor.jar version: Built at 2019-11-28 14:33:56
[2020-12-27 15:19:39] [info   ] [Setup] Successfully loaded 19 jars
[2020-12-27 15:19:39] [info   ] [Setup] Loading all classes specified in loadClasses.txt ...
[2020-12-27 15:19:39] [info   ] [Setup] Loaded 4 classes specified in loadClasses.txt files
[2020-12-27 15:19:39] [info   ] [Setup] Instantiating extractors...
[2020-12-27 15:19:39] [info   ] [Setup] Successfully instantiated variability extractor net.ssehub.kernel_haven.kconfigreader.KconfigReaderExtractor
[2020-12-27 15:19:39] [info   ] [Setup] Successfully instantiated build extractor net.ssehub.kernel_haven.kbuildminer.KbuildMinerExtractor
[2020-12-27 15:19:39] [info   ] [Setup] Successfully instantiated code extractor net.ssehub.kernel_haven.srcml.SrcMLExtractor
[2020-12-27 15:19:39] [info   ] [Setup] Creating providers...
[2020-12-27 15:19:39] [info   ] [Setup] Created variability provider
[2020-12-27 15:19:39] [info   ] [Setup] Created build provider
[2020-12-27 15:19:40] [info   ] [Setup] Created code provider
[2020-12-27 15:19:40] [info   ] [Setup] Instantiating analysis...
[2020-12-27 15:19:40] [info   ] [Setup] Successfully instantiated analysis net.ssehub.kernel_haven.metric_haven.metric_components.MetricsRunner
[2020-12-27 15:19:40] [info   ] [Setup] Starting analysis...
[2020-12-27 15:19:40] [info   ] [AnalysisPipelineController] MetricHaven executes atomic set and ignores further metric-specific configuration settings.
[2020-12-27 15:19:40] [status ] [KconfigReaderExtractor] Starting on 1 targets in 1 threads
[2020-12-27 15:19:40] [info   ] [IndividualCodeMetricsRunner] Analysis component IndividualCodeMetricsRunner starting
[2020-12-27 15:19:40] [status ] [KbuildMinerExtractor] Starting on 1 targets in 1 threads
[2020-12-27 15:19:40] [status ] [SrcMLExtractor] Starting on 10050 targets in 6 threads
[2020-12-27 15:19:40] [info   ] [KconfigReaderExtractor-1] Linux preparation crashed since the Makefile uses a deprecated syntax, try to fix it.
[2020-12-27 15:19:40] [error  ] [ExtractorDataDuplicator] Got BM-Extractor exception:
                                                          net.ssehub.kernel_haven.util.ExtractorException: KbuildMiner execution not successful
                                                              at net.ssehub.kernel_haven.kbuildminer.KbuildMinerExtractor.runOnFile(KbuildMinerExtractor.java:103)
                                                              at net.ssehub.kernel_haven.kbuildminer.KbuildMinerExtractor.runOnFile(KbuildMinerExtractor.java:44)
                                                              at net.ssehub.kernel_haven.provider.AbstractExtractor$WorkerThread.run(AbstractExtractor.java:142)
[2020-12-27 15:19:40] [info   ] [ProgressLogger] KconfigReaderExtractor processed 0 of 1 (0%) items
                                                 KbuildMinerExtractor processed 1 of 1 (100%) items and finished in 00:00.539
                                                 SrcMLExtractor processed 41 of 10050 (0%) items
[2020-12-27 15:20:10] [info   ] [ProgressLogger] KconfigReaderExtractor processed 0 of 1 (0%) items
                                                 SrcMLExtractor processed 5309 of 10050 (52%) items
[2020-12-27 15:20:13] [info   ] [KconfigReaderExtractor-1] Dumpconf compilation crashed since the Kconfig uses an old syntax, try to fix it.
[2020-12-27 15:20:14] [info   ] [KconfigReaderExtractor-1] KconfigReader crashed since there is no Kconfig file in root directory, copying Kconfig file from arch directory to root.
[2020-12-27 15:20:14] [error  ] [ExtractorDataDuplicator] Got VM-Extractor exception:
                                                          net.ssehub.kernel_haven.util.ExtractorException: KconfigReader run not succesful
                                                              at net.ssehub.kernel_haven.kconfigreader.KconfigReaderExtractor.runOnFile(KconfigReaderExtractor.java:194)
                                                              at net.ssehub.kernel_haven.kconfigreader.KconfigReaderExtractor.runOnFile(KconfigReaderExtractor.java:58)
                                                              at net.ssehub.kernel_haven.provider.AbstractExtractor$WorkerThread.run(AbstractExtractor.java:142)
[2020-12-27 15:20:14] [info   ] [ProgressLogger] KconfigReaderExtractor processed 1 of 1 (100%) items and finished in 00:34.242
                                                 SrcMLExtractor processed 5787 of 10050 (57%) items
[2020-12-27 15:20:14] [info   ] [VariabilityCounter] Analysis component VariabilityCounter starting
[2020-12-27 15:20:14] [info   ] [FeatureSizeEstimator] Analysis component FeatureSizeEstimator starting
[2020-12-27 15:20:14] [info   ] [FunctionMapCreator] Analysis component FunctionMapCreator starting
[2020-12-27 15:20:14] [error  ] [FeatureSizeEstimator] Did not get a variability model
                                                       Can't create any results
[2020-12-27 15:20:14] [error  ] [VariabilityCounter] Did not get a variability model
                                                     Can't create any results
[2020-12-27 15:20:14] [info   ] [FeatureSizeEstimator] Analysis component FeatureSizeEstimator done
                                                       Execution took 00:00.009
[2020-12-27 15:20:14] [info   ] [VariabilityCounter] Analysis component VariabilityCounter done
                                                     Execution took 00:00.009
[2020-12-27 15:20:14] [info   ] [OrderedCodeFunctionFilter] Analysis component OrderedCodeFunctionFilter starting
[2020-12-27 15:20:14] [info   ] [CodeFunctionFilter] Analysis component CodeFunctionFilter starting
[2020-12-27 15:20:44] [info   ] [ProgressLogger] SrcMLExtractor processed 7149 of 10050 (71%) items
                                                 CodeFunctionFilter processed 7079 items
[2020-12-27 15:21:14] [info   ] [ProgressLogger] SrcMLExtractor processed 7159 of 10050 (71%) items
                                                 CodeFunctionFilter processed 7089 items
[2020-12-27 15:21:44] [info   ] [ProgressLogger] SrcMLExtractor processed 7662 of 10050 (76%) items
                                                 CodeFunctionFilter processed 7588 items
[2020-12-27 15:22:14] [info   ] [ProgressLogger] SrcMLExtractor processed 8308 of 10050 (82%) items
                                                 CodeFunctionFilter processed 8228 items
[2020-12-27 15:22:44] [info   ] [ProgressLogger] SrcMLExtractor processed 9046 of 10050 (90%) items
                                                 CodeFunctionFilter processed 8961 items
[2020-12-27 15:23:14] [info   ] [ProgressLogger] SrcMLExtractor processed 10047 of 10050 (99%) items
                                                 CodeFunctionFilter processed 9951 items
[2020-12-27 15:23:44] [info   ] [ProgressLogger] SrcMLExtractor processed 10047 of 10050 (99%) items
                                                 CodeFunctionFilter processed 9951 items
[2020-12-27 15:24:14] [info   ] [ProgressLogger] SrcMLExtractor processed 10047 of 10050 (99%) items
                                                 CodeFunctionFilter processed 9951 items
[2020-12-27 15:24:44] [info   ] [ProgressLogger] SrcMLExtractor processed 10048 of 10050 (99%) items
                                                 CodeFunctionFilter processed 9952 items
[2020-12-27 15:25:14] [info   ] [ProgressLogger] SrcMLExtractor processed 10049 of 10050 (99%) items
                                                 CodeFunctionFilter processed 9953 items
[2020-12-27 15:25:38] [info   ] [ProgressLogger] SrcMLExtractor processed 10050 of 10050 (100%) items and finished in 05:58.089
                                                 CodeFunctionFilter processed 9954 items
[2020-12-27 15:25:38] [warning] [ExtractorDataDuplicator] CM-Extractor: Got 9954 elements and 96 exceptions
[2020-12-27 15:25:38] [info   ] [CodeFunctionFilter] Discarded 1087 functions that contained an ErrorElement
[2020-12-27 15:25:38] [info   ] [CodeFunctionFilter] Analysis component CodeFunctionFilter done
                                                     Execution took 05:23.981
[2020-12-27 15:25:38] [info   ] [ProgressLogger] CodeFunctionFilter processed 9954 items and finished in 05:23.981
[2020-12-27 15:25:38] [info   ] [ProgressLogger] OrderedCodeFunctionFilter processed 691627 items and finished in 00:00.186
[2020-12-27 15:25:38] [info   ] [OrderedCodeFunctionFilter] Analysis component OrderedCodeFunctionFilter done
                                                            Execution took 05:24.168
[2020-12-27 15:25:40] [info   ] [FunctionMapCreator] Analysis component FunctionMapCreator done
                                                     Execution took 05:26.195
[2020-12-27 15:25:40] [info   ] [ProgressLogger] FunctionMapCreator processed 118628 of 118628 (100%) items and finished in 00:01.913
[2020-12-27 15:25:40] [error  ] [IndividualCodeMetricsRunner] Could not create metric instances:
                                                              net.ssehub.kernel_haven.SetUpException: ScatteringWeight requires a ScatteringDegreeContainer
                                                                  at net.ssehub.kernel_haven.metric_haven.metric_components.weights.ScatteringWeight.<init>(ScatteringWeight.java:46)
                                                                  at net.ssehub.kernel_haven.metric_haven.metric_components.weights.CachedWeightFactory.createSdWeight(CachedWeightFactory.java:62)
                                                                  at net.ssehub.kernel_haven.metric_haven.metric_components.weights.CachedWeightFactory.createVariabilityWeight(CachedWeightFactory.java:347)
                                                                  at net.ssehub.kernel_haven.metric_haven.metric_components.weights.CachedWeightFactory.createVariabilityWeight(CachedWeightFactory.java:434)
                                                                  at net.ssehub.kernel_haven.metric_haven.code_metrics.MetricFactory.createAllVariations(MetricFactory.java:683)
                                                                  at net.ssehub.kernel_haven.metric_haven.metric_components.IndividualCodeMetricsRunner.createAllAtomicVariations(IndividualCodeMetricsRunner.java:342)
                                                                  at net.ssehub.kernel_haven.metric_haven.metric_components.IndividualCodeMetricsRunner.instantiateMetrics(IndividualCodeMetricsRunner.java:587)
                                                                  at net.ssehub.kernel_haven.metric_haven.metric_components.CodeMetricsRunner.execute(CodeMetricsRunner.java:353)
                                                                  at net.ssehub.kernel_haven.analysis.AnalysisComponent.lambda$start$0(AnalysisComponent.java:229)
                                                                  at java.lang.Thread.run(Thread.java:748)
[2020-12-27 15:25:40] [info   ] [IndividualCodeMetricsRunner] Analysis component IndividualCodeMetricsRunner done
                                                              Execution took 06:00.449
[2020-12-27 15:25:40] [info   ] [Setup] Analysis has finished
[2020-12-27 15:25:40] [info   ] [Setup] Not archiving pipeline (not enabled by user)
[2020-12-27 15:25:40] [status ] [Setup] Pipeline done; exiting...
