[2020-12-27 09:26:15] [info   ] [Setup] Start executing KernelHaven with configuration file /tmp/SingleMetricAnalysis9179642493950748595.properties
[2020-12-27 09:26:15] [info   ] [Setup] System Info:
                                        	KernelHaven Version: Built at 2020-05-14 12:25:32
                                        	OS Name: Linux
                                        	OS Version: 4.4.0-193-generic
                                        	OS Arch: amd64
                                        	Java Home: /usr/lib/jvm/java-8-oracle/jre
                                        	Java Vendor: Oracle Corporation
                                        	Java Version: 1.8.0_201
                                        	Java VM Name: Java HotSpot(TM) 64-Bit Server VM
                                        	Java VM Version: 25.201-b09
                                        	Java VM Vendor: Oracle Corporation
                                        	Working Directory: /mnt/Linux-Analyses/MailCrawler/instance3/kh
                                        	Temporary Directory: /mnt/Linux-Analyses/MailCrawler/instance3/kh/tmp
                                        	File Encoding: UTF-8
                                        	Java Class Path: KernelHaven.jar
                                        	Maximum Memory: 38.33 GiB
                                        	Available Processors: 10
[2020-12-27 09:26:15] [info   ] [Setup] Start setting up pipeline...
[2020-12-27 09:26:15] [info   ] [Setup] Loading jars from directory /mnt/Linux-Analyses/MailCrawler/instance3/kh/plugins
[2020-12-27 09:26:15] [info   ] [Setup] IncrementalAnalysesInfrastructure.jar version: Built at 2019-12-12 13:33:10
[2020-12-27 09:26:15] [info   ] [Setup] UndertakerExtractor.jar version: Built at 2020-05-15 07:14:35
[2020-12-27 09:26:15] [info   ] [Setup] CnfUtils.jar version: Built at 2020-05-14 12:38:00
[2020-12-27 09:26:15] [info   ] [Setup] KconfigReaderExtractor.jar version: Built at 2020-12-27 09:02:48
[2020-12-27 09:26:15] [info   ] [Setup] CppUtils.jar version: Built at 2020-05-14 12:42:57
[2020-12-27 09:26:15] [info   ] [Setup] ProblemSolutionSpaceDivergenceCorrectorAnalysis.jar version: Built at 2019-11-28 16:37:10
[2020-12-27 09:26:15] [info   ] [Setup] TypeChefExtractor.jar version: Built at 2019-11-28 14:31:53
[2020-12-27 09:26:15] [info   ] [Setup] ProblemSolutionSpaceMapperAnalysis.jar version: Built at 2019-11-28 16:11:10
[2020-12-27 09:26:15] [info   ] [Setup] DBUtils.jar version: Built at 2020-05-14 12:45:12
[2020-12-27 09:26:15] [info   ] [Setup] IOUtils.jar version: Built at 2020-05-14 12:58:22
[2020-12-27 09:26:15] [info   ] [Setup] FeatureEffectAnalysis.jar version: Built at 2020-05-14 12:57:03
[2020-12-27 09:26:15] [info   ] [Setup] SrcMLExtractor.jar version: Built at 2020-08-17 10:06:30
[2020-12-27 09:26:15] [info   ] [Setup] BusybootPreparation.jar version: Built at 2019-11-28 14:36:12
[2020-12-27 09:26:15] [info   ] [Setup] ProblemSolutionSpaceDivergenceDetectorAnalysis.jar version: Built at 2019-11-28 16:32:10
[2020-12-27 09:26:15] [info   ] [Setup] MetricHaven.jar version: Built at 2020-05-14 13:09:28
[2020-12-27 09:26:15] [info   ] [Setup] CodeBlockExtractor.jar version: Built at 2020-05-14 12:32:09
[2020-12-27 09:26:15] [info   ] [Setup] UnDeadAnalyzer.jar version: Built at 2020-05-15 07:13:02
[2020-12-27 09:26:15] [info   ] [Setup] EntityLocatorAnalysis.jar version: Built at 2019-11-28 14:34:59
[2020-12-27 09:26:15] [info   ] [Setup] KbuildMinerExtractor.jar version: Built at 2019-11-28 14:33:56
[2020-12-27 09:26:15] [info   ] [Setup] Successfully loaded 19 jars
[2020-12-27 09:26:15] [info   ] [Setup] Loading all classes specified in loadClasses.txt ...
[2020-12-27 09:26:15] [info   ] [Setup] Loaded 4 classes specified in loadClasses.txt files
[2020-12-27 09:26:15] [info   ] [Setup] Instantiating extractors...
[2020-12-27 09:26:15] [info   ] [Setup] Successfully instantiated variability extractor net.ssehub.kernel_haven.kconfigreader.KconfigReaderExtractor
[2020-12-27 09:26:15] [info   ] [Setup] Successfully instantiated build extractor net.ssehub.kernel_haven.kbuildminer.KbuildMinerExtractor
[2020-12-27 09:26:15] [info   ] [Setup] Successfully instantiated code extractor net.ssehub.kernel_haven.srcml.SrcMLExtractor
[2020-12-27 09:26:15] [info   ] [Setup] Creating providers...
[2020-12-27 09:26:15] [info   ] [Setup] Created variability provider
[2020-12-27 09:26:15] [info   ] [Setup] Created build provider
[2020-12-27 09:26:15] [info   ] [Setup] Created code provider
[2020-12-27 09:26:15] [info   ] [Setup] Instantiating analysis...
[2020-12-27 09:26:15] [info   ] [Setup] Successfully instantiated analysis net.ssehub.kernel_haven.metric_haven.metric_components.MetricsRunner
[2020-12-27 09:26:15] [info   ] [Setup] Starting analysis...
[2020-12-27 09:26:15] [info   ] [AnalysisPipelineController] MetricHaven executes atomic set and ignores further metric-specific configuration settings.
[2020-12-27 09:26:15] [status ] [KconfigReaderExtractor] Starting on 1 targets in 1 threads
[2020-12-27 09:26:15] [status ] [KbuildMinerExtractor] Starting on 1 targets in 1 threads
[2020-12-27 09:26:15] [info   ] [IndividualCodeMetricsRunner] Analysis component IndividualCodeMetricsRunner starting
[2020-12-27 09:26:15] [status ] [SrcMLExtractor] Starting on 9620 targets in 6 threads
[2020-12-27 09:26:16] [error  ] [ExtractorDataDuplicator] Got BM-Extractor exception:
                                                          net.ssehub.kernel_haven.util.ExtractorException: KbuildMiner execution not successful
                                                              at net.ssehub.kernel_haven.kbuildminer.KbuildMinerExtractor.runOnFile(KbuildMinerExtractor.java:103)
                                                              at net.ssehub.kernel_haven.kbuildminer.KbuildMinerExtractor.runOnFile(KbuildMinerExtractor.java:44)
                                                              at net.ssehub.kernel_haven.provider.AbstractExtractor$WorkerThread.run(AbstractExtractor.java:142)
[2020-12-27 09:26:16] [info   ] [ProgressLogger] KconfigReaderExtractor processed 0 of 1 (0%) items
                                                 KbuildMinerExtractor processed 1 of 1 (100%) items and finished in 00:00.560
                                                 SrcMLExtractor processed 41 of 9620 (0%) items
[2020-12-27 09:26:20] [info   ] [KconfigReaderExtractor-1] Dumpconf compilation crashed since the Kconfig uses an old syntax, try to fix it.
[2020-12-27 09:26:21] [info   ] [KconfigReaderExtractor-1] KconfigReader crashed since there is no Kconfig file in root directory, copying Kconfig file from arch directory to root.
[2020-12-27 09:26:21] [error  ] [ExtractorDataDuplicator] Got VM-Extractor exception:
                                                          net.ssehub.kernel_haven.util.ExtractorException: KconfigReader run not succesful
                                                              at net.ssehub.kernel_haven.kconfigreader.KconfigReaderExtractor.runOnFile(KconfigReaderExtractor.java:194)
                                                              at net.ssehub.kernel_haven.kconfigreader.KconfigReaderExtractor.runOnFile(KconfigReaderExtractor.java:58)
                                                              at net.ssehub.kernel_haven.provider.AbstractExtractor$WorkerThread.run(AbstractExtractor.java:142)
[2020-12-27 09:26:21] [info   ] [ProgressLogger] KconfigReaderExtractor processed 1 of 1 (100%) items and finished in 00:05.488
                                                 SrcMLExtractor processed 1026 of 9620 (10%) items
[2020-12-27 09:26:21] [info   ] [FeatureSizeEstimator] Analysis component FeatureSizeEstimator starting
[2020-12-27 09:26:21] [info   ] [FunctionMapCreator] Analysis component FunctionMapCreator starting
[2020-12-27 09:26:21] [info   ] [VariabilityCounter] Analysis component VariabilityCounter starting
[2020-12-27 09:26:21] [error  ] [FeatureSizeEstimator] Did not get a variability model
                                                       Can't create any results
[2020-12-27 09:26:21] [error  ] [VariabilityCounter] Did not get a variability model
                                                     Can't create any results
[2020-12-27 09:26:21] [info   ] [FeatureSizeEstimator] Analysis component FeatureSizeEstimator done
                                                       Execution took 00:00.001
[2020-12-27 09:26:21] [info   ] [VariabilityCounter] Analysis component VariabilityCounter done
                                                     Execution took 00:00.001
[2020-12-27 09:26:21] [info   ] [OrderedCodeFunctionFilter] Analysis component OrderedCodeFunctionFilter starting
[2020-12-27 09:26:21] [info   ] [CodeFunctionFilter] Analysis component CodeFunctionFilter starting
[2020-12-27 09:26:51] [info   ] [ProgressLogger] SrcMLExtractor processed 5787 of 9620 (60%) items
                                                 CodeFunctionFilter processed 5735 items
[2020-12-27 09:27:21] [info   ] [ProgressLogger] SrcMLExtractor processed 6855 of 9620 (71%) items
                                                 CodeFunctionFilter processed 6789 items
[2020-12-27 09:27:51] [info   ] [ProgressLogger] SrcMLExtractor processed 6866 of 9620 (71%) items
                                                 CodeFunctionFilter processed 6800 items
[2020-12-27 09:28:21] [info   ] [ProgressLogger] SrcMLExtractor processed 7387 of 9620 (76%) items
                                                 CodeFunctionFilter processed 7318 items
[2020-12-27 09:28:51] [info   ] [ProgressLogger] SrcMLExtractor processed 8104 of 9620 (84%) items
                                                 CodeFunctionFilter processed 8028 items
[2020-12-27 09:29:21] [info   ] [ProgressLogger] SrcMLExtractor processed 8857 of 9620 (92%) items
                                                 CodeFunctionFilter processed 8774 items
[2020-12-27 09:29:51] [info   ] [ProgressLogger] SrcMLExtractor processed 9617 of 9620 (99%) items
                                                 CodeFunctionFilter processed 9528 items
[2020-12-27 09:30:21] [info   ] [ProgressLogger] SrcMLExtractor processed 9617 of 9620 (99%) items
                                                 CodeFunctionFilter processed 9528 items
[2020-12-27 09:30:51] [info   ] [ProgressLogger] SrcMLExtractor processed 9617 of 9620 (99%) items
                                                 CodeFunctionFilter processed 9528 items
[2020-12-27 09:31:21] [info   ] [ProgressLogger] SrcMLExtractor processed 9618 of 9620 (99%) items
                                                 CodeFunctionFilter processed 9529 items
[2020-12-27 09:31:50] [info   ] [ProgressLogger] SrcMLExtractor processed 9620 of 9620 (100%) items and finished in 05:34.419
                                                 CodeFunctionFilter processed 9531 items
[2020-12-27 09:31:50] [warning] [ExtractorDataDuplicator] CM-Extractor: Got 9531 elements and 89 exceptions
[2020-12-27 09:31:50] [info   ] [CodeFunctionFilter] Discarded 1110 functions that contained an ErrorElement
[2020-12-27 09:31:50] [info   ] [CodeFunctionFilter] Analysis component CodeFunctionFilter done
                                                     Execution took 05:29.050
[2020-12-27 09:31:50] [info   ] [ProgressLogger] CodeFunctionFilter processed 9531 items and finished in 05:29.050
[2020-12-27 09:31:50] [info   ] [OrderedCodeFunctionFilter] Analysis component OrderedCodeFunctionFilter done
                                                            Execution took 05:29.235
[2020-12-27 09:31:50] [info   ] [ProgressLogger] OrderedCodeFunctionFilter processed 651234 items and finished in 00:00.182
[2020-12-27 09:31:52] [info   ] [FunctionMapCreator] Analysis component FunctionMapCreator done
                                                     Execution took 05:31.183
[2020-12-27 09:31:52] [info   ] [ProgressLogger] FunctionMapCreator processed 112069 of 112069 (100%) items and finished in 00:01.849
[2020-12-27 09:31:52] [error  ] [IndividualCodeMetricsRunner] Could not create metric instances:
                                                              net.ssehub.kernel_haven.SetUpException: ScatteringWeight requires a ScatteringDegreeContainer
                                                                  at net.ssehub.kernel_haven.metric_haven.metric_components.weights.ScatteringWeight.<init>(ScatteringWeight.java:46)
                                                                  at net.ssehub.kernel_haven.metric_haven.metric_components.weights.CachedWeightFactory.createSdWeight(CachedWeightFactory.java:62)
                                                                  at net.ssehub.kernel_haven.metric_haven.metric_components.weights.CachedWeightFactory.createVariabilityWeight(CachedWeightFactory.java:347)
                                                                  at net.ssehub.kernel_haven.metric_haven.metric_components.weights.CachedWeightFactory.createVariabilityWeight(CachedWeightFactory.java:434)
                                                                  at net.ssehub.kernel_haven.metric_haven.code_metrics.MetricFactory.createAllVariations(MetricFactory.java:683)
                                                                  at net.ssehub.kernel_haven.metric_haven.metric_components.IndividualCodeMetricsRunner.createAllAtomicVariations(IndividualCodeMetricsRunner.java:342)
                                                                  at net.ssehub.kernel_haven.metric_haven.metric_components.IndividualCodeMetricsRunner.instantiateMetrics(IndividualCodeMetricsRunner.java:587)
                                                                  at net.ssehub.kernel_haven.metric_haven.metric_components.CodeMetricsRunner.execute(CodeMetricsRunner.java:353)
                                                                  at net.ssehub.kernel_haven.analysis.AnalysisComponent.lambda$start$0(AnalysisComponent.java:229)
                                                                  at java.lang.Thread.run(Thread.java:748)
[2020-12-27 09:31:52] [info   ] [IndividualCodeMetricsRunner] Analysis component IndividualCodeMetricsRunner done
                                                              Execution took 05:36.686
[2020-12-27 09:31:52] [info   ] [Setup] Analysis has finished
[2020-12-27 09:31:52] [info   ] [Setup] Not archiving pipeline (not enabled by user)
[2020-12-27 09:31:52] [status ] [Setup] Pipeline done; exiting...
