[2020-12-31 08:51:32] [info   ] [Setup] Start executing KernelHaven with configuration file /tmp/SingleMetricAnalysis8562447720295883298.properties
[2020-12-31 08:51:32] [info   ] [Setup] System Info:
                                        	KernelHaven Version: Built at 2020-05-14 12:25:32
                                        	OS Name: Linux
                                        	OS Version: 4.4.0-193-generic
                                        	OS Arch: amd64
                                        	Java Home: /usr/lib/jvm/java-8-oracle/jre
                                        	Java Vendor: Oracle Corporation
                                        	Java Version: 1.8.0_201
                                        	Java VM Name: Java HotSpot(TM) 64-Bit Server VM
                                        	Java VM Version: 25.201-b09
                                        	Java VM Vendor: Oracle Corporation
                                        	Working Directory: /mnt/Linux-Analyses/MailCrawler/instance3/kh
                                        	Temporary Directory: /mnt/Linux-Analyses/MailCrawler/instance3/kh/tmp
                                        	File Encoding: UTF-8
                                        	Java Class Path: KernelHaven.jar
                                        	Maximum Memory: 38.33 GiB
                                        	Available Processors: 10
[2020-12-31 08:51:32] [info   ] [Setup] Start setting up pipeline...
[2020-12-31 08:51:32] [info   ] [Setup] Loading jars from directory /mnt/Linux-Analyses/MailCrawler/instance3/kh/plugins
[2020-12-31 08:51:32] [info   ] [Setup] IncrementalAnalysesInfrastructure.jar version: Built at 2019-12-12 13:33:10
[2020-12-31 08:51:32] [info   ] [Setup] UndertakerExtractor.jar version: Built at 2020-05-15 07:14:35
[2020-12-31 08:51:32] [info   ] [Setup] CnfUtils.jar version: Built at 2020-05-14 12:38:00
[2020-12-31 08:51:32] [info   ] [Setup] KconfigReaderExtractor.jar version: Built at 2020-12-27 09:02:48
[2020-12-31 08:51:32] [info   ] [Setup] CppUtils.jar version: Built at 2020-05-14 12:42:57
[2020-12-31 08:51:32] [info   ] [Setup] ProblemSolutionSpaceDivergenceCorrectorAnalysis.jar version: Built at 2019-11-28 16:37:10
[2020-12-31 08:51:32] [info   ] [Setup] TypeChefExtractor.jar version: Built at 2019-11-28 14:31:53
[2020-12-31 08:51:32] [info   ] [Setup] ProblemSolutionSpaceMapperAnalysis.jar version: Built at 2019-11-28 16:11:10
[2020-12-31 08:51:32] [info   ] [Setup] DBUtils.jar version: Built at 2020-05-14 12:45:12
[2020-12-31 08:51:32] [info   ] [Setup] IOUtils.jar version: Built at 2020-05-14 12:58:22
[2020-12-31 08:51:32] [info   ] [Setup] FeatureEffectAnalysis.jar version: Built at 2020-05-14 12:57:03
[2020-12-31 08:51:32] [info   ] [Setup] SrcMLExtractor.jar version: Built at 2020-08-17 10:06:30
[2020-12-31 08:51:32] [info   ] [Setup] BusybootPreparation.jar version: Built at 2019-11-28 14:36:12
[2020-12-31 08:51:32] [info   ] [Setup] ProblemSolutionSpaceDivergenceDetectorAnalysis.jar version: Built at 2019-11-28 16:32:10
[2020-12-31 08:51:32] [info   ] [Setup] MetricHaven.jar version: Built at 2020-05-14 13:09:28
[2020-12-31 08:51:32] [info   ] [Setup] CodeBlockExtractor.jar version: Built at 2020-05-14 12:32:09
[2020-12-31 08:51:32] [info   ] [Setup] UnDeadAnalyzer.jar version: Built at 2020-05-15 07:13:02
[2020-12-31 08:51:32] [info   ] [Setup] EntityLocatorAnalysis.jar version: Built at 2019-11-28 14:34:59
[2020-12-31 08:51:32] [info   ] [Setup] KbuildMinerExtractor.jar version: Built at 2019-11-28 14:33:56
[2020-12-31 08:51:32] [info   ] [Setup] Successfully loaded 19 jars
[2020-12-31 08:51:32] [info   ] [Setup] Loading all classes specified in loadClasses.txt ...
[2020-12-31 08:51:32] [info   ] [Setup] Loaded 4 classes specified in loadClasses.txt files
[2020-12-31 08:51:32] [info   ] [Setup] Instantiating extractors...
[2020-12-31 08:51:32] [info   ] [Setup] Successfully instantiated variability extractor net.ssehub.kernel_haven.kconfigreader.KconfigReaderExtractor
[2020-12-31 08:51:32] [info   ] [Setup] Successfully instantiated build extractor net.ssehub.kernel_haven.kbuildminer.KbuildMinerExtractor
[2020-12-31 08:51:32] [info   ] [Setup] Successfully instantiated code extractor net.ssehub.kernel_haven.srcml.SrcMLExtractor
[2020-12-31 08:51:32] [info   ] [Setup] Creating providers...
[2020-12-31 08:51:32] [info   ] [Setup] Created variability provider
[2020-12-31 08:51:32] [info   ] [Setup] Created build provider
[2020-12-31 08:51:32] [info   ] [Setup] Created code provider
[2020-12-31 08:51:32] [info   ] [Setup] Instantiating analysis...
[2020-12-31 08:51:32] [info   ] [Setup] Successfully instantiated analysis net.ssehub.kernel_haven.metric_haven.metric_components.MetricsRunner
[2020-12-31 08:51:32] [info   ] [Setup] Starting analysis...
[2020-12-31 08:51:32] [info   ] [AnalysisPipelineController] MetricHaven executes atomic set and ignores further metric-specific configuration settings.
[2020-12-31 08:51:32] [status ] [KbuildMinerExtractor] Starting on 1 targets in 1 threads
[2020-12-31 08:51:32] [status ] [KconfigReaderExtractor] Starting on 1 targets in 1 threads
[2020-12-31 08:51:32] [info   ] [IndividualCodeMetricsRunner] Analysis component IndividualCodeMetricsRunner starting
[2020-12-31 08:52:02] [info   ] [ProgressLogger] KconfigReaderExtractor processed 0 of 1 (0%) items
                                                 KbuildMinerExtractor processed 0 of 1 (0%) items
[2020-12-31 08:52:32] [info   ] [ProgressLogger] KconfigReaderExtractor processed 0 of 1 (0%) items
                                                 KbuildMinerExtractor processed 0 of 1 (0%) items
[2020-12-31 08:53:02] [info   ] [ProgressLogger] KconfigReaderExtractor processed 0 of 1 (0%) items
                                                 KbuildMinerExtractor processed 0 of 1 (0%) items
[2020-12-31 08:53:32] [info   ] [ProgressLogger] KconfigReaderExtractor processed 0 of 1 (0%) items
                                                 KbuildMinerExtractor processed 0 of 1 (0%) items
[2020-12-31 08:54:02] [info   ] [ProgressLogger] KconfigReaderExtractor processed 0 of 1 (0%) items
                                                 KbuildMinerExtractor processed 0 of 1 (0%) items
[2020-12-31 08:54:32] [info   ] [ProgressLogger] KconfigReaderExtractor processed 0 of 1 (0%) items
                                                 KbuildMinerExtractor processed 0 of 1 (0%) items
[2020-12-31 08:55:02] [info   ] [ProgressLogger] KconfigReaderExtractor processed 0 of 1 (0%) items
                                                 KbuildMinerExtractor processed 0 of 1 (0%) items
[2020-12-31 08:55:32] [info   ] [ProgressLogger] KconfigReaderExtractor processed 0 of 1 (0%) items
                                                 KbuildMinerExtractor processed 0 of 1 (0%) items
[2020-12-31 08:56:02] [info   ] [ProgressLogger] KconfigReaderExtractor processed 0 of 1 (0%) items
                                                 KbuildMinerExtractor processed 0 of 1 (0%) items
[2020-12-31 08:56:32] [info   ] [ProgressLogger] KconfigReaderExtractor processed 0 of 1 (0%) items
                                                 KbuildMinerExtractor processed 0 of 1 (0%) items
[2020-12-31 08:57:02] [info   ] [ProgressLogger] KconfigReaderExtractor processed 0 of 1 (0%) items
                                                 KbuildMinerExtractor processed 0 of 1 (0%) items
[2020-12-31 08:57:32] [info   ] [ProgressLogger] KconfigReaderExtractor processed 0 of 1 (0%) items
                                                 KbuildMinerExtractor processed 0 of 1 (0%) items
[2020-12-31 08:58:02] [info   ] [ProgressLogger] KconfigReaderExtractor processed 0 of 1 (0%) items
                                                 KbuildMinerExtractor processed 0 of 1 (0%) items
[2020-12-31 08:58:32] [info   ] [ProgressLogger] KconfigReaderExtractor processed 0 of 1 (0%) items
                                                 KbuildMinerExtractor processed 0 of 1 (0%) items
[2020-12-31 08:59:02] [info   ] [ProgressLogger] KconfigReaderExtractor processed 0 of 1 (0%) items
                                                 KbuildMinerExtractor processed 0 of 1 (0%) items
[2020-12-31 08:59:32] [info   ] [ProgressLogger] KconfigReaderExtractor processed 0 of 1 (0%) items
                                                 KbuildMinerExtractor processed 0 of 1 (0%) items
[2020-12-31 08:59:32] [error  ] [ExtractorDataDuplicator] Got VM-Extractor exception:
                                                          net.ssehub.kernel_haven.util.ExtractorException: Timeout reached: Waited longer than 480000 ms on extractor result
                                                              at net.ssehub.kernel_haven.provider.AbstractProvider.getResult(AbstractProvider.java:233)
                                                              at net.ssehub.kernel_haven.analysis.PipelineAnalysis$ExtractorDataDuplicator.run(PipelineAnalysis.java:339)
                                                              at java.lang.Thread.run(Thread.java:748)
[2020-12-31 09:00:02] [info   ] [ProgressLogger] KconfigReaderExtractor processed 0 of 1 (0%) items
                                                 KbuildMinerExtractor processed 0 of 1 (0%) items
[2020-12-31 09:00:32] [info   ] [ProgressLogger] KconfigReaderExtractor processed 0 of 1 (0%) items
                                                 KbuildMinerExtractor processed 0 of 1 (0%) items
[2020-12-31 09:01:02] [info   ] [ProgressLogger] KconfigReaderExtractor processed 0 of 1 (0%) items
                                                 KbuildMinerExtractor processed 0 of 1 (0%) items
[2020-12-31 09:01:20] [error  ] [ExtractorDataDuplicator] Got BM-Extractor exception:
                                                          net.ssehub.kernel_haven.util.ExtractorException: Did not get a variability model
                                                              at net.ssehub.kernel_haven.kbuildminer.KbuildMinerExtractor.runOnFile(KbuildMinerExtractor.java:112)
                                                              at net.ssehub.kernel_haven.kbuildminer.KbuildMinerExtractor.runOnFile(KbuildMinerExtractor.java:44)
                                                              at net.ssehub.kernel_haven.provider.AbstractExtractor$WorkerThread.run(AbstractExtractor.java:142)
[2020-12-31 09:01:20] [info   ] [ProgressLogger] KconfigReaderExtractor processed 0 of 1 (0%) items
                                                 KbuildMinerExtractor processed 1 of 1 (100%) items and finished in 09:48.081
[2020-12-31 09:01:20] [info   ] [VariabilityCounter] Analysis component VariabilityCounter starting
[2020-12-31 09:01:20] [info   ] [FeatureSizeEstimator] Analysis component FeatureSizeEstimator starting
[2020-12-31 09:01:20] [info   ] [FunctionMapCreator] Analysis component FunctionMapCreator starting
[2020-12-31 09:01:20] [error  ] [VariabilityCounter] Did not get a variability model
                                                     Can't create any results
[2020-12-31 09:01:20] [error  ] [FeatureSizeEstimator] Did not get a variability model
                                                       Can't create any results
[2020-12-31 09:01:20] [info   ] [FeatureSizeEstimator] Analysis component FeatureSizeEstimator done
                                                       Execution took 00:00.001
[2020-12-31 09:01:20] [info   ] [VariabilityCounter] Analysis component VariabilityCounter done
                                                     Execution took 00:00.001
[2020-12-31 09:01:20] [info   ] [OrderedCodeFunctionFilter] Analysis component OrderedCodeFunctionFilter starting
[2020-12-31 09:01:20] [info   ] [CodeFunctionFilter] Analysis component CodeFunctionFilter starting
[2020-12-31 09:01:50] [info   ] [ProgressLogger] KconfigReaderExtractor processed 0 of 1 (0%) items
                                                 CodeFunctionFilter processed 0 items
[2020-12-31 09:02:20] [info   ] [ProgressLogger] KconfigReaderExtractor processed 0 of 1 (0%) items
                                                 CodeFunctionFilter processed 0 items
[2020-12-31 09:02:50] [info   ] [ProgressLogger] KconfigReaderExtractor processed 0 of 1 (0%) items
                                                 CodeFunctionFilter processed 0 items
[2020-12-31 09:03:20] [info   ] [ProgressLogger] KconfigReaderExtractor processed 0 of 1 (0%) items
                                                 CodeFunctionFilter processed 0 items
[2020-12-31 09:03:50] [info   ] [ProgressLogger] KconfigReaderExtractor processed 0 of 1 (0%) items
                                                 CodeFunctionFilter processed 0 items
[2020-12-31 09:04:20] [info   ] [ProgressLogger] KconfigReaderExtractor processed 0 of 1 (0%) items
                                                 CodeFunctionFilter processed 0 items
[2020-12-31 09:04:50] [info   ] [ProgressLogger] KconfigReaderExtractor processed 0 of 1 (0%) items
                                                 CodeFunctionFilter processed 0 items
[2020-12-31 09:05:20] [info   ] [ProgressLogger] KconfigReaderExtractor processed 0 of 1 (0%) items
                                                 CodeFunctionFilter processed 0 items
[2020-12-31 09:05:50] [info   ] [ProgressLogger] KconfigReaderExtractor processed 0 of 1 (0%) items
                                                 CodeFunctionFilter processed 0 items
[2020-12-31 09:06:20] [info   ] [ProgressLogger] KconfigReaderExtractor processed 0 of 1 (0%) items
                                                 CodeFunctionFilter processed 0 items
[2020-12-31 09:06:50] [info   ] [ProgressLogger] KconfigReaderExtractor processed 0 of 1 (0%) items
                                                 CodeFunctionFilter processed 0 items
[2020-12-31 09:07:20] [info   ] [ProgressLogger] KconfigReaderExtractor processed 0 of 1 (0%) items
                                                 CodeFunctionFilter processed 0 items
[2020-12-31 09:07:50] [info   ] [ProgressLogger] KconfigReaderExtractor processed 0 of 1 (0%) items
                                                 CodeFunctionFilter processed 0 items
[2020-12-31 09:08:20] [info   ] [ProgressLogger] KconfigReaderExtractor processed 0 of 1 (0%) items
                                                 CodeFunctionFilter processed 0 items
[2020-12-31 09:08:50] [info   ] [ProgressLogger] KconfigReaderExtractor processed 0 of 1 (0%) items
                                                 CodeFunctionFilter processed 0 items
[2020-12-31 09:09:20] [info   ] [ProgressLogger] KconfigReaderExtractor processed 0 of 1 (0%) items
                                                 CodeFunctionFilter processed 0 items
[2020-12-31 09:09:50] [info   ] [ProgressLogger] KconfigReaderExtractor processed 0 of 1 (0%) items
                                                 CodeFunctionFilter processed 0 items
[2020-12-31 09:10:20] [info   ] [ProgressLogger] KconfigReaderExtractor processed 0 of 1 (0%) items
                                                 CodeFunctionFilter processed 0 items
[2020-12-31 09:10:50] [info   ] [ProgressLogger] KconfigReaderExtractor processed 0 of 1 (0%) items
                                                 CodeFunctionFilter processed 0 items
[2020-12-31 09:11:20] [info   ] [ProgressLogger] KconfigReaderExtractor processed 0 of 1 (0%) items
                                                 CodeFunctionFilter processed 0 items
[2020-12-31 09:11:50] [info   ] [ProgressLogger] KconfigReaderExtractor processed 0 of 1 (0%) items
                                                 CodeFunctionFilter processed 0 items
[2020-12-31 09:12:20] [info   ] [ProgressLogger] KconfigReaderExtractor processed 0 of 1 (0%) items
                                                 CodeFunctionFilter processed 0 items
[2020-12-31 09:12:50] [info   ] [ProgressLogger] KconfigReaderExtractor processed 0 of 1 (0%) items
                                                 CodeFunctionFilter processed 0 items
[2020-12-31 09:13:20] [info   ] [ProgressLogger] KconfigReaderExtractor processed 0 of 1 (0%) items
                                                 CodeFunctionFilter processed 0 items
