[2020-12-30 17:21:14] [info   ] [Setup] Start executing KernelHaven with configuration file /tmp/SingleMetricAnalysis4276086081598633286.properties
[2020-12-30 17:21:14] [info   ] [Setup] System Info:
                                        	KernelHaven Version: Built at 2020-05-14 12:25:32
                                        	OS Name: Linux
                                        	OS Version: 4.4.0-193-generic
                                        	OS Arch: amd64
                                        	Java Home: /usr/lib/jvm/java-8-oracle/jre
                                        	Java Vendor: Oracle Corporation
                                        	Java Version: 1.8.0_201
                                        	Java VM Name: Java HotSpot(TM) 64-Bit Server VM
                                        	Java VM Version: 25.201-b09
                                        	Java VM Vendor: Oracle Corporation
                                        	Working Directory: /mnt/Linux-Analyses/MailCrawler/instance3/kh
                                        	Temporary Directory: /mnt/Linux-Analyses/MailCrawler/instance3/kh/tmp
                                        	File Encoding: UTF-8
                                        	Java Class Path: KernelHaven.jar
                                        	Maximum Memory: 38.33 GiB
                                        	Available Processors: 10
[2020-12-30 17:21:14] [info   ] [Setup] Start setting up pipeline...
[2020-12-30 17:21:14] [info   ] [Setup] Loading jars from directory /mnt/Linux-Analyses/MailCrawler/instance3/kh/plugins
[2020-12-30 17:21:14] [info   ] [Setup] IncrementalAnalysesInfrastructure.jar version: Built at 2019-12-12 13:33:10
[2020-12-30 17:21:14] [info   ] [Setup] UndertakerExtractor.jar version: Built at 2020-05-15 07:14:35
[2020-12-30 17:21:14] [info   ] [Setup] CnfUtils.jar version: Built at 2020-05-14 12:38:00
[2020-12-30 17:21:14] [info   ] [Setup] KconfigReaderExtractor.jar version: Built at 2020-12-27 09:02:48
[2020-12-30 17:21:14] [info   ] [Setup] CppUtils.jar version: Built at 2020-05-14 12:42:57
[2020-12-30 17:21:14] [info   ] [Setup] ProblemSolutionSpaceDivergenceCorrectorAnalysis.jar version: Built at 2019-11-28 16:37:10
[2020-12-30 17:21:14] [info   ] [Setup] TypeChefExtractor.jar version: Built at 2019-11-28 14:31:53
[2020-12-30 17:21:14] [info   ] [Setup] ProblemSolutionSpaceMapperAnalysis.jar version: Built at 2019-11-28 16:11:10
[2020-12-30 17:21:14] [info   ] [Setup] DBUtils.jar version: Built at 2020-05-14 12:45:12
[2020-12-30 17:21:14] [info   ] [Setup] IOUtils.jar version: Built at 2020-05-14 12:58:22
[2020-12-30 17:21:14] [info   ] [Setup] FeatureEffectAnalysis.jar version: Built at 2020-05-14 12:57:03
[2020-12-30 17:21:14] [info   ] [Setup] SrcMLExtractor.jar version: Built at 2020-08-17 10:06:30
[2020-12-30 17:21:14] [info   ] [Setup] BusybootPreparation.jar version: Built at 2019-11-28 14:36:12
[2020-12-30 17:21:14] [info   ] [Setup] ProblemSolutionSpaceDivergenceDetectorAnalysis.jar version: Built at 2019-11-28 16:32:10
[2020-12-30 17:21:14] [info   ] [Setup] MetricHaven.jar version: Built at 2020-05-14 13:09:28
[2020-12-30 17:21:14] [info   ] [Setup] CodeBlockExtractor.jar version: Built at 2020-05-14 12:32:09
[2020-12-30 17:21:14] [info   ] [Setup] UnDeadAnalyzer.jar version: Built at 2020-05-15 07:13:02
[2020-12-30 17:21:14] [info   ] [Setup] EntityLocatorAnalysis.jar version: Built at 2019-11-28 14:34:59
[2020-12-30 17:21:14] [info   ] [Setup] KbuildMinerExtractor.jar version: Built at 2019-11-28 14:33:56
[2020-12-30 17:21:14] [info   ] [Setup] Successfully loaded 19 jars
[2020-12-30 17:21:14] [info   ] [Setup] Loading all classes specified in loadClasses.txt ...
[2020-12-30 17:21:14] [info   ] [Setup] Loaded 4 classes specified in loadClasses.txt files
[2020-12-30 17:21:14] [info   ] [Setup] Instantiating extractors...
[2020-12-30 17:21:14] [info   ] [Setup] Successfully instantiated variability extractor net.ssehub.kernel_haven.kconfigreader.KconfigReaderExtractor
[2020-12-30 17:21:14] [info   ] [Setup] Successfully instantiated build extractor net.ssehub.kernel_haven.kbuildminer.KbuildMinerExtractor
[2020-12-30 17:21:14] [info   ] [Setup] Successfully instantiated code extractor net.ssehub.kernel_haven.srcml.SrcMLExtractor
[2020-12-30 17:21:14] [info   ] [Setup] Creating providers...
[2020-12-30 17:21:14] [info   ] [Setup] Created variability provider
[2020-12-30 17:21:14] [info   ] [Setup] Created build provider
[2020-12-30 17:21:14] [info   ] [Setup] Created code provider
[2020-12-30 17:21:14] [info   ] [Setup] Instantiating analysis...
[2020-12-30 17:21:14] [info   ] [Setup] Successfully instantiated analysis net.ssehub.kernel_haven.metric_haven.metric_components.MetricsRunner
[2020-12-30 17:21:14] [info   ] [Setup] Starting analysis...
[2020-12-30 17:21:14] [info   ] [AnalysisPipelineController] MetricHaven executes atomic set and ignores further metric-specific configuration settings.
[2020-12-30 17:21:14] [status ] [KconfigReaderExtractor] Starting on 1 targets in 1 threads
[2020-12-30 17:21:14] [status ] [KbuildMinerExtractor] Starting on 1 targets in 1 threads
[2020-12-30 17:21:14] [info   ] [IndividualCodeMetricsRunner] Analysis component IndividualCodeMetricsRunner starting
[2020-12-30 17:21:44] [info   ] [ProgressLogger] KconfigReaderExtractor processed 0 of 1 (0%) items
                                                 KbuildMinerExtractor processed 0 of 1 (0%) items
[2020-12-30 17:22:14] [info   ] [ProgressLogger] KconfigReaderExtractor processed 0 of 1 (0%) items
                                                 KbuildMinerExtractor processed 0 of 1 (0%) items
[2020-12-30 17:22:44] [info   ] [ProgressLogger] KconfigReaderExtractor processed 0 of 1 (0%) items
                                                 KbuildMinerExtractor processed 0 of 1 (0%) items
[2020-12-30 17:23:14] [info   ] [ProgressLogger] KconfigReaderExtractor processed 0 of 1 (0%) items
                                                 KbuildMinerExtractor processed 0 of 1 (0%) items
[2020-12-30 17:23:44] [info   ] [ProgressLogger] KconfigReaderExtractor processed 0 of 1 (0%) items
                                                 KbuildMinerExtractor processed 0 of 1 (0%) items
[2020-12-30 17:24:14] [info   ] [ProgressLogger] KconfigReaderExtractor processed 0 of 1 (0%) items
                                                 KbuildMinerExtractor processed 0 of 1 (0%) items
[2020-12-30 17:24:44] [info   ] [ProgressLogger] KconfigReaderExtractor processed 0 of 1 (0%) items
                                                 KbuildMinerExtractor processed 0 of 1 (0%) items
[2020-12-30 17:25:14] [info   ] [ProgressLogger] KconfigReaderExtractor processed 0 of 1 (0%) items
                                                 KbuildMinerExtractor processed 0 of 1 (0%) items
[2020-12-30 17:25:44] [info   ] [ProgressLogger] KconfigReaderExtractor processed 0 of 1 (0%) items
                                                 KbuildMinerExtractor processed 0 of 1 (0%) items
[2020-12-30 17:26:14] [info   ] [ProgressLogger] KconfigReaderExtractor processed 0 of 1 (0%) items
                                                 KbuildMinerExtractor processed 0 of 1 (0%) items
[2020-12-30 17:26:44] [info   ] [ProgressLogger] KconfigReaderExtractor processed 0 of 1 (0%) items
                                                 KbuildMinerExtractor processed 0 of 1 (0%) items
[2020-12-30 17:27:14] [info   ] [ProgressLogger] KconfigReaderExtractor processed 0 of 1 (0%) items
                                                 KbuildMinerExtractor processed 0 of 1 (0%) items
[2020-12-30 17:27:44] [info   ] [ProgressLogger] KconfigReaderExtractor processed 0 of 1 (0%) items
                                                 KbuildMinerExtractor processed 0 of 1 (0%) items
[2020-12-30 17:28:14] [info   ] [ProgressLogger] KconfigReaderExtractor processed 0 of 1 (0%) items
                                                 KbuildMinerExtractor processed 0 of 1 (0%) items
[2020-12-30 17:28:44] [info   ] [ProgressLogger] KconfigReaderExtractor processed 0 of 1 (0%) items
                                                 KbuildMinerExtractor processed 0 of 1 (0%) items
[2020-12-30 17:29:14] [info   ] [ProgressLogger] KconfigReaderExtractor processed 0 of 1 (0%) items
                                                 KbuildMinerExtractor processed 0 of 1 (0%) items
[2020-12-30 17:29:14] [error  ] [ExtractorDataDuplicator] Got VM-Extractor exception:
                                                          net.ssehub.kernel_haven.util.ExtractorException: Timeout reached: Waited longer than 480000 ms on extractor result
                                                              at net.ssehub.kernel_haven.provider.AbstractProvider.getResult(AbstractProvider.java:233)
                                                              at net.ssehub.kernel_haven.analysis.PipelineAnalysis$ExtractorDataDuplicator.run(PipelineAnalysis.java:339)
                                                              at java.lang.Thread.run(Thread.java:748)
[2020-12-30 17:29:44] [info   ] [ProgressLogger] KconfigReaderExtractor processed 0 of 1 (0%) items
                                                 KbuildMinerExtractor processed 0 of 1 (0%) items
[2020-12-30 17:30:14] [info   ] [ProgressLogger] KconfigReaderExtractor processed 0 of 1 (0%) items
                                                 KbuildMinerExtractor processed 0 of 1 (0%) items
[2020-12-30 17:30:44] [info   ] [ProgressLogger] KconfigReaderExtractor processed 0 of 1 (0%) items
                                                 KbuildMinerExtractor processed 0 of 1 (0%) items
[2020-12-30 17:31:02] [error  ] [ExtractorDataDuplicator] Got BM-Extractor exception:
                                                          net.ssehub.kernel_haven.util.ExtractorException: Did not get a variability model
                                                              at net.ssehub.kernel_haven.kbuildminer.KbuildMinerExtractor.runOnFile(KbuildMinerExtractor.java:112)
                                                              at net.ssehub.kernel_haven.kbuildminer.KbuildMinerExtractor.runOnFile(KbuildMinerExtractor.java:44)
                                                              at net.ssehub.kernel_haven.provider.AbstractExtractor$WorkerThread.run(AbstractExtractor.java:142)
[2020-12-30 17:31:02] [info   ] [ProgressLogger] KconfigReaderExtractor processed 0 of 1 (0%) items
                                                 KbuildMinerExtractor processed 1 of 1 (100%) items and finished in 09:47.194
[2020-12-30 17:31:02] [info   ] [FeatureSizeEstimator] Analysis component FeatureSizeEstimator starting
[2020-12-30 17:31:02] [info   ] [VariabilityCounter] Analysis component VariabilityCounter starting
[2020-12-30 17:31:02] [info   ] [FunctionMapCreator] Analysis component FunctionMapCreator starting
[2020-12-30 17:31:02] [error  ] [FeatureSizeEstimator] Did not get a variability model
                                                       Can't create any results
[2020-12-30 17:31:02] [info   ] [FeatureSizeEstimator] Analysis component FeatureSizeEstimator done
                                                       Execution took 00:00.001
[2020-12-30 17:31:02] [error  ] [VariabilityCounter] Did not get a variability model
                                                     Can't create any results
[2020-12-30 17:31:02] [info   ] [OrderedCodeFunctionFilter] Analysis component OrderedCodeFunctionFilter starting
[2020-12-30 17:31:02] [info   ] [VariabilityCounter] Analysis component VariabilityCounter done
                                                     Execution took 00:00.009
[2020-12-30 17:31:02] [info   ] [CodeFunctionFilter] Analysis component CodeFunctionFilter starting
[2020-12-30 17:31:32] [info   ] [ProgressLogger] KconfigReaderExtractor processed 0 of 1 (0%) items
                                                 CodeFunctionFilter processed 0 items
[2020-12-30 17:32:02] [info   ] [ProgressLogger] KconfigReaderExtractor processed 0 of 1 (0%) items
                                                 CodeFunctionFilter processed 0 items
[2020-12-30 17:32:32] [info   ] [ProgressLogger] KconfigReaderExtractor processed 0 of 1 (0%) items
                                                 CodeFunctionFilter processed 0 items
[2020-12-30 17:33:02] [info   ] [ProgressLogger] KconfigReaderExtractor processed 0 of 1 (0%) items
                                                 CodeFunctionFilter processed 0 items
[2020-12-30 17:33:32] [info   ] [ProgressLogger] KconfigReaderExtractor processed 0 of 1 (0%) items
                                                 CodeFunctionFilter processed 0 items
[2020-12-30 17:34:02] [info   ] [ProgressLogger] KconfigReaderExtractor processed 0 of 1 (0%) items
                                                 CodeFunctionFilter processed 0 items
[2020-12-30 17:34:32] [info   ] [ProgressLogger] KconfigReaderExtractor processed 0 of 1 (0%) items
                                                 CodeFunctionFilter processed 0 items
[2020-12-30 17:35:02] [info   ] [ProgressLogger] KconfigReaderExtractor processed 0 of 1 (0%) items
                                                 CodeFunctionFilter processed 0 items
[2020-12-30 17:35:32] [info   ] [ProgressLogger] KconfigReaderExtractor processed 0 of 1 (0%) items
                                                 CodeFunctionFilter processed 0 items
[2020-12-30 17:36:02] [info   ] [ProgressLogger] KconfigReaderExtractor processed 0 of 1 (0%) items
                                                 CodeFunctionFilter processed 0 items
[2020-12-30 17:36:32] [info   ] [ProgressLogger] KconfigReaderExtractor processed 0 of 1 (0%) items
                                                 CodeFunctionFilter processed 0 items
[2020-12-30 17:37:02] [info   ] [ProgressLogger] KconfigReaderExtractor processed 0 of 1 (0%) items
                                                 CodeFunctionFilter processed 0 items
[2020-12-30 17:37:32] [info   ] [ProgressLogger] KconfigReaderExtractor processed 0 of 1 (0%) items
                                                 CodeFunctionFilter processed 0 items
[2020-12-30 17:38:02] [info   ] [ProgressLogger] KconfigReaderExtractor processed 0 of 1 (0%) items
                                                 CodeFunctionFilter processed 0 items
[2020-12-30 17:38:32] [info   ] [ProgressLogger] KconfigReaderExtractor processed 0 of 1 (0%) items
                                                 CodeFunctionFilter processed 0 items
[2020-12-30 17:39:02] [info   ] [ProgressLogger] KconfigReaderExtractor processed 0 of 1 (0%) items
                                                 CodeFunctionFilter processed 0 items
[2020-12-30 17:39:32] [info   ] [ProgressLogger] KconfigReaderExtractor processed 0 of 1 (0%) items
                                                 CodeFunctionFilter processed 0 items
[2020-12-30 17:40:02] [info   ] [ProgressLogger] KconfigReaderExtractor processed 0 of 1 (0%) items
                                                 CodeFunctionFilter processed 0 items
[2020-12-30 17:40:32] [info   ] [ProgressLogger] KconfigReaderExtractor processed 0 of 1 (0%) items
                                                 CodeFunctionFilter processed 0 items
[2020-12-30 17:41:02] [info   ] [ProgressLogger] KconfigReaderExtractor processed 0 of 1 (0%) items
                                                 CodeFunctionFilter processed 0 items
[2020-12-30 17:41:32] [info   ] [ProgressLogger] KconfigReaderExtractor processed 0 of 1 (0%) items
                                                 CodeFunctionFilter processed 0 items
[2020-12-30 17:42:02] [info   ] [ProgressLogger] KconfigReaderExtractor processed 0 of 1 (0%) items
                                                 CodeFunctionFilter processed 0 items
[2020-12-30 17:42:32] [info   ] [ProgressLogger] KconfigReaderExtractor processed 0 of 1 (0%) items
                                                 CodeFunctionFilter processed 0 items
[2020-12-30 17:43:02] [info   ] [ProgressLogger] KconfigReaderExtractor processed 0 of 1 (0%) items
                                                 CodeFunctionFilter processed 0 items
