[2020-12-28 01:23:23] [info   ] [Setup] Start executing KernelHaven with configuration file /tmp/SingleMetricAnalysis6315986592801374619.properties
[2020-12-28 01:23:23] [info   ] [Setup] System Info:
                                        	KernelHaven Version: Built at 2020-05-14 12:25:32
                                        	OS Name: Linux
                                        	OS Version: 4.4.0-193-generic
                                        	OS Arch: amd64
                                        	Java Home: /usr/lib/jvm/java-8-oracle/jre
                                        	Java Vendor: Oracle Corporation
                                        	Java Version: 1.8.0_201
                                        	Java VM Name: Java HotSpot(TM) 64-Bit Server VM
                                        	Java VM Version: 25.201-b09
                                        	Java VM Vendor: Oracle Corporation
                                        	Working Directory: /mnt/Linux-Analyses/MailCrawler/instance3/kh
                                        	Temporary Directory: /mnt/Linux-Analyses/MailCrawler/instance3/kh/tmp
                                        	File Encoding: UTF-8
                                        	Java Class Path: KernelHaven.jar
                                        	Maximum Memory: 38.33 GiB
                                        	Available Processors: 10
[2020-12-28 01:23:23] [info   ] [Setup] Start setting up pipeline...
[2020-12-28 01:23:23] [info   ] [Setup] Loading jars from directory /mnt/Linux-Analyses/MailCrawler/instance3/kh/plugins
[2020-12-28 01:23:23] [info   ] [Setup] IncrementalAnalysesInfrastructure.jar version: Built at 2019-12-12 13:33:10
[2020-12-28 01:23:23] [info   ] [Setup] UndertakerExtractor.jar version: Built at 2020-05-15 07:14:35
[2020-12-28 01:23:23] [info   ] [Setup] CnfUtils.jar version: Built at 2020-05-14 12:38:00
[2020-12-28 01:23:23] [info   ] [Setup] KconfigReaderExtractor.jar version: Built at 2020-12-27 09:02:48
[2020-12-28 01:23:23] [info   ] [Setup] CppUtils.jar version: Built at 2020-05-14 12:42:57
[2020-12-28 01:23:23] [info   ] [Setup] ProblemSolutionSpaceDivergenceCorrectorAnalysis.jar version: Built at 2019-11-28 16:37:10
[2020-12-28 01:23:23] [info   ] [Setup] TypeChefExtractor.jar version: Built at 2019-11-28 14:31:53
[2020-12-28 01:23:23] [info   ] [Setup] ProblemSolutionSpaceMapperAnalysis.jar version: Built at 2019-11-28 16:11:10
[2020-12-28 01:23:23] [info   ] [Setup] DBUtils.jar version: Built at 2020-05-14 12:45:12
[2020-12-28 01:23:23] [info   ] [Setup] IOUtils.jar version: Built at 2020-05-14 12:58:22
[2020-12-28 01:23:23] [info   ] [Setup] FeatureEffectAnalysis.jar version: Built at 2020-05-14 12:57:03
[2020-12-28 01:23:23] [info   ] [Setup] SrcMLExtractor.jar version: Built at 2020-08-17 10:06:30
[2020-12-28 01:23:23] [info   ] [Setup] BusybootPreparation.jar version: Built at 2019-11-28 14:36:12
[2020-12-28 01:23:23] [info   ] [Setup] ProblemSolutionSpaceDivergenceDetectorAnalysis.jar version: Built at 2019-11-28 16:32:10
[2020-12-28 01:23:23] [info   ] [Setup] MetricHaven.jar version: Built at 2020-05-14 13:09:28
[2020-12-28 01:23:23] [info   ] [Setup] CodeBlockExtractor.jar version: Built at 2020-05-14 12:32:09
[2020-12-28 01:23:23] [info   ] [Setup] UnDeadAnalyzer.jar version: Built at 2020-05-15 07:13:02
[2020-12-28 01:23:23] [info   ] [Setup] EntityLocatorAnalysis.jar version: Built at 2019-11-28 14:34:59
[2020-12-28 01:23:23] [info   ] [Setup] KbuildMinerExtractor.jar version: Built at 2019-11-28 14:33:56
[2020-12-28 01:23:23] [info   ] [Setup] Successfully loaded 19 jars
[2020-12-28 01:23:23] [info   ] [Setup] Loading all classes specified in loadClasses.txt ...
[2020-12-28 01:23:23] [info   ] [Setup] Loaded 4 classes specified in loadClasses.txt files
[2020-12-28 01:23:23] [info   ] [Setup] Instantiating extractors...
[2020-12-28 01:23:23] [info   ] [Setup] Successfully instantiated variability extractor net.ssehub.kernel_haven.kconfigreader.KconfigReaderExtractor
[2020-12-28 01:23:23] [info   ] [Setup] Successfully instantiated build extractor net.ssehub.kernel_haven.kbuildminer.KbuildMinerExtractor
[2020-12-28 01:23:23] [info   ] [Setup] Successfully instantiated code extractor net.ssehub.kernel_haven.srcml.SrcMLExtractor
[2020-12-28 01:23:23] [info   ] [Setup] Creating providers...
[2020-12-28 01:23:23] [info   ] [Setup] Created variability provider
[2020-12-28 01:23:23] [info   ] [Setup] Created build provider
[2020-12-28 01:23:23] [info   ] [Setup] Created code provider
[2020-12-28 01:23:23] [info   ] [Setup] Instantiating analysis...
[2020-12-28 01:23:24] [info   ] [Setup] Successfully instantiated analysis net.ssehub.kernel_haven.metric_haven.metric_components.MetricsRunner
[2020-12-28 01:23:24] [info   ] [Setup] Starting analysis...
[2020-12-28 01:23:24] [info   ] [AnalysisPipelineController] MetricHaven executes atomic set and ignores further metric-specific configuration settings.
[2020-12-28 01:23:24] [info   ] [IndividualCodeMetricsRunner] Analysis component IndividualCodeMetricsRunner starting
[2020-12-28 01:23:24] [status ] [KconfigReaderExtractor] Starting on 1 targets in 1 threads
[2020-12-28 01:23:24] [status ] [KbuildMinerExtractor] Starting on 1 targets in 1 threads
[2020-12-28 01:23:24] [status ] [SrcMLExtractor] Starting on 22807 targets in 6 threads
[2020-12-28 01:23:28] [error  ] [ExtractorDataDuplicator] Got VM-Extractor exception:
                                                          net.ssehub.kernel_haven.util.ExtractorException: 'make allyesconfig prepare' failed to execute
                                                              at net.ssehub.kernel_haven.kconfigreader.KconfigReaderExtractor.runOnFile(KconfigReaderExtractor.java:181)
                                                              at net.ssehub.kernel_haven.kconfigreader.KconfigReaderExtractor.runOnFile(KconfigReaderExtractor.java:58)
                                                              at net.ssehub.kernel_haven.provider.AbstractExtractor$WorkerThread.run(AbstractExtractor.java:142)
[2020-12-28 01:23:28] [info   ] [ProgressLogger] KconfigReaderExtractor processed 1 of 1 (100%) items and finished in 00:04.909
                                                 KbuildMinerExtractor processed 0 of 1 (0%) items
                                                 SrcMLExtractor processed 873 of 22807 (3%) items
[2020-12-28 01:23:35] [info   ] [ProgressLogger] KbuildMinerExtractor processed 1 of 1 (100%) items and finished in 00:11.546
                                                 SrcMLExtractor processed 2766 of 22807 (12%) items
[2020-12-28 01:23:35] [error  ] [ExtractorDataDuplicator] Got BM-Extractor exception:
                                                          net.ssehub.kernel_haven.util.ExtractorException: Did not get a variability model
                                                              at net.ssehub.kernel_haven.kbuildminer.KbuildMinerExtractor.runOnFile(KbuildMinerExtractor.java:112)
                                                              at net.ssehub.kernel_haven.kbuildminer.KbuildMinerExtractor.runOnFile(KbuildMinerExtractor.java:44)
                                                              at net.ssehub.kernel_haven.provider.AbstractExtractor$WorkerThread.run(AbstractExtractor.java:142)
[2020-12-28 01:23:35] [info   ] [VariabilityCounter] Analysis component VariabilityCounter starting
[2020-12-28 01:23:35] [info   ] [FeatureSizeEstimator] Analysis component FeatureSizeEstimator starting
[2020-12-28 01:23:35] [info   ] [FunctionMapCreator] Analysis component FunctionMapCreator starting
[2020-12-28 01:23:35] [error  ] [VariabilityCounter] Did not get a variability model
                                                     Can't create any results
[2020-12-28 01:23:35] [info   ] [VariabilityCounter] Analysis component VariabilityCounter done
                                                     Execution took 00:00.001
[2020-12-28 01:23:35] [error  ] [FeatureSizeEstimator] Did not get a variability model
                                                       Can't create any results
[2020-12-28 01:23:35] [info   ] [OrderedCodeFunctionFilter] Analysis component OrderedCodeFunctionFilter starting
[2020-12-28 01:23:35] [info   ] [FeatureSizeEstimator] Analysis component FeatureSizeEstimator done
                                                       Execution took 00:00.002
[2020-12-28 01:23:35] [info   ] [CodeFunctionFilter] Analysis component CodeFunctionFilter starting
[2020-12-28 01:24:05] [info   ] [ProgressLogger] SrcMLExtractor processed 11329 of 22807 (49%) items
                                                 CodeFunctionFilter processed 11262 items
[2020-12-28 01:24:35] [info   ] [ProgressLogger] SrcMLExtractor processed 15251 of 22807 (66%) items
                                                 CodeFunctionFilter processed 15161 items
[2020-12-28 01:25:05] [info   ] [ProgressLogger] SrcMLExtractor processed 19434 of 22807 (85%) items
                                                 CodeFunctionFilter processed 19319 items
[2020-12-28 01:25:27] [info   ] [ProgressLogger] SrcMLExtractor processed 22807 of 22807 (100%) items and finished in 02:03.309
                                                 CodeFunctionFilter processed 22665 items
[2020-12-28 01:25:27] [warning] [ExtractorDataDuplicator] CM-Extractor: Got 22666 elements and 141 exceptions
[2020-12-28 01:25:27] [info   ] [CodeFunctionFilter] Discarded 2953 functions that contained an ErrorElement
[2020-12-28 01:25:27] [info   ] [CodeFunctionFilter] Analysis component CodeFunctionFilter done
                                                     Execution took 01:51.996
[2020-12-28 01:25:27] [info   ] [ProgressLogger] CodeFunctionFilter processed 22666 items and finished in 01:51.995
[2020-12-28 01:25:27] [info   ] [ProgressLogger] OrderedCodeFunctionFilter processed 1383206 items and finished in 00:00.366
[2020-12-28 01:25:27] [info   ] [OrderedCodeFunctionFilter] Analysis component OrderedCodeFunctionFilter done
                                                            Execution took 01:52.363
[2020-12-28 01:25:31] [info   ] [FunctionMapCreator] Analysis component FunctionMapCreator done
                                                     Execution took 01:56.107
[2020-12-28 01:25:31] [info   ] [ProgressLogger] FunctionMapCreator processed 233095 of 233095 (100%) items and finished in 00:03.529
[2020-12-28 01:25:31] [error  ] [IndividualCodeMetricsRunner] Could not create metric instances:
                                                              net.ssehub.kernel_haven.SetUpException: ScatteringWeight requires a ScatteringDegreeContainer
                                                                  at net.ssehub.kernel_haven.metric_haven.metric_components.weights.ScatteringWeight.<init>(ScatteringWeight.java:46)
                                                                  at net.ssehub.kernel_haven.metric_haven.metric_components.weights.CachedWeightFactory.createSdWeight(CachedWeightFactory.java:62)
                                                                  at net.ssehub.kernel_haven.metric_haven.metric_components.weights.CachedWeightFactory.createVariabilityWeight(CachedWeightFactory.java:347)
                                                                  at net.ssehub.kernel_haven.metric_haven.metric_components.weights.CachedWeightFactory.createVariabilityWeight(CachedWeightFactory.java:434)
                                                                  at net.ssehub.kernel_haven.metric_haven.code_metrics.MetricFactory.createAllVariations(MetricFactory.java:683)
                                                                  at net.ssehub.kernel_haven.metric_haven.metric_components.IndividualCodeMetricsRunner.createAllAtomicVariations(IndividualCodeMetricsRunner.java:342)
                                                                  at net.ssehub.kernel_haven.metric_haven.metric_components.IndividualCodeMetricsRunner.instantiateMetrics(IndividualCodeMetricsRunner.java:587)
                                                                  at net.ssehub.kernel_haven.metric_haven.metric_components.CodeMetricsRunner.execute(CodeMetricsRunner.java:353)
                                                                  at net.ssehub.kernel_haven.analysis.AnalysisComponent.lambda$start$0(AnalysisComponent.java:229)
                                                                  at java.lang.Thread.run(Thread.java:748)
[2020-12-28 01:25:31] [info   ] [IndividualCodeMetricsRunner] Analysis component IndividualCodeMetricsRunner done
                                                              Execution took 02:07.664
[2020-12-28 01:25:31] [info   ] [Setup] Analysis has finished
[2020-12-28 01:25:31] [info   ] [Setup] Not archiving pipeline (not enabled by user)
[2020-12-28 01:25:31] [status ] [Setup] Pipeline done; exiting...
