[2020-12-31 17:20:52] [info   ] [Setup] Start executing KernelHaven with configuration file /tmp/SingleMetricAnalysis4282166841968197262.properties
[2020-12-31 17:20:52] [info   ] [Setup] System Info:
                                        	KernelHaven Version: Built at 2020-05-14 12:25:32
                                        	OS Name: Linux
                                        	OS Version: 4.4.0-193-generic
                                        	OS Arch: amd64
                                        	Java Home: /usr/lib/jvm/java-8-oracle/jre
                                        	Java Vendor: Oracle Corporation
                                        	Java Version: 1.8.0_201
                                        	Java VM Name: Java HotSpot(TM) 64-Bit Server VM
                                        	Java VM Version: 25.201-b09
                                        	Java VM Vendor: Oracle Corporation
                                        	Working Directory: /mnt/Linux-Analyses/MailCrawler/instance3/kh
                                        	Temporary Directory: /mnt/Linux-Analyses/MailCrawler/instance3/kh/tmp
                                        	File Encoding: UTF-8
                                        	Java Class Path: KernelHaven.jar
                                        	Maximum Memory: 38.33 GiB
                                        	Available Processors: 10
[2020-12-31 17:20:52] [info   ] [Setup] Start setting up pipeline...
[2020-12-31 17:20:52] [info   ] [Setup] Loading jars from directory /mnt/Linux-Analyses/MailCrawler/instance3/kh/plugins
[2020-12-31 17:20:52] [info   ] [Setup] IncrementalAnalysesInfrastructure.jar version: Built at 2019-12-12 13:33:10
[2020-12-31 17:20:52] [info   ] [Setup] UndertakerExtractor.jar version: Built at 2020-05-15 07:14:35
[2020-12-31 17:20:52] [info   ] [Setup] CnfUtils.jar version: Built at 2020-05-14 12:38:00
[2020-12-31 17:20:52] [info   ] [Setup] KconfigReaderExtractor.jar version: Built at 2020-12-27 09:02:48
[2020-12-31 17:20:52] [info   ] [Setup] CppUtils.jar version: Built at 2020-05-14 12:42:57
[2020-12-31 17:20:52] [info   ] [Setup] ProblemSolutionSpaceDivergenceCorrectorAnalysis.jar version: Built at 2019-11-28 16:37:10
[2020-12-31 17:20:52] [info   ] [Setup] TypeChefExtractor.jar version: Built at 2019-11-28 14:31:53
[2020-12-31 17:20:52] [info   ] [Setup] ProblemSolutionSpaceMapperAnalysis.jar version: Built at 2019-11-28 16:11:10
[2020-12-31 17:20:52] [info   ] [Setup] DBUtils.jar version: Built at 2020-05-14 12:45:12
[2020-12-31 17:20:52] [info   ] [Setup] IOUtils.jar version: Built at 2020-05-14 12:58:22
[2020-12-31 17:20:52] [info   ] [Setup] FeatureEffectAnalysis.jar version: Built at 2020-05-14 12:57:03
[2020-12-31 17:20:52] [info   ] [Setup] SrcMLExtractor.jar version: Built at 2020-08-17 10:06:30
[2020-12-31 17:20:52] [info   ] [Setup] BusybootPreparation.jar version: Built at 2019-11-28 14:36:12
[2020-12-31 17:20:52] [info   ] [Setup] ProblemSolutionSpaceDivergenceDetectorAnalysis.jar version: Built at 2019-11-28 16:32:10
[2020-12-31 17:20:52] [info   ] [Setup] MetricHaven.jar version: Built at 2020-05-14 13:09:28
[2020-12-31 17:20:52] [info   ] [Setup] CodeBlockExtractor.jar version: Built at 2020-05-14 12:32:09
[2020-12-31 17:20:52] [info   ] [Setup] UnDeadAnalyzer.jar version: Built at 2020-05-15 07:13:02
[2020-12-31 17:20:52] [info   ] [Setup] EntityLocatorAnalysis.jar version: Built at 2019-11-28 14:34:59
[2020-12-31 17:20:52] [info   ] [Setup] KbuildMinerExtractor.jar version: Built at 2019-11-28 14:33:56
[2020-12-31 17:20:52] [info   ] [Setup] Successfully loaded 19 jars
[2020-12-31 17:20:52] [info   ] [Setup] Loading all classes specified in loadClasses.txt ...
[2020-12-31 17:20:52] [info   ] [Setup] Loaded 4 classes specified in loadClasses.txt files
[2020-12-31 17:20:52] [info   ] [Setup] Instantiating extractors...
[2020-12-31 17:20:52] [info   ] [Setup] Successfully instantiated variability extractor net.ssehub.kernel_haven.kconfigreader.KconfigReaderExtractor
[2020-12-31 17:20:52] [info   ] [Setup] Successfully instantiated build extractor net.ssehub.kernel_haven.kbuildminer.KbuildMinerExtractor
[2020-12-31 17:20:52] [info   ] [Setup] Successfully instantiated code extractor net.ssehub.kernel_haven.srcml.SrcMLExtractor
[2020-12-31 17:20:52] [info   ] [Setup] Creating providers...
[2020-12-31 17:20:52] [info   ] [Setup] Created variability provider
[2020-12-31 17:20:52] [info   ] [Setup] Created build provider
[2020-12-31 17:20:52] [info   ] [Setup] Created code provider
[2020-12-31 17:20:52] [info   ] [Setup] Instantiating analysis...
[2020-12-31 17:20:52] [info   ] [Setup] Successfully instantiated analysis net.ssehub.kernel_haven.metric_haven.metric_components.MetricsRunner
[2020-12-31 17:20:52] [info   ] [Setup] Starting analysis...
[2020-12-31 17:20:52] [info   ] [AnalysisPipelineController] MetricHaven executes atomic set and ignores further metric-specific configuration settings.
[2020-12-31 17:20:52] [status ] [KconfigReaderExtractor] Starting on 1 targets in 1 threads
[2020-12-31 17:20:52] [status ] [KbuildMinerExtractor] Starting on 1 targets in 1 threads
[2020-12-31 17:20:52] [info   ] [IndividualCodeMetricsRunner] Analysis component IndividualCodeMetricsRunner starting
[2020-12-31 17:20:53] [status ] [SrcMLExtractor] Starting on 40050 targets in 6 threads
[2020-12-31 17:20:59] [error  ] [ExtractorDataDuplicator] Got VM-Extractor exception:
                                                          net.ssehub.kernel_haven.util.ExtractorException: KconfigReader run not succesful
                                                              at net.ssehub.kernel_haven.kconfigreader.KconfigReaderExtractor.runOnFile(KconfigReaderExtractor.java:194)
                                                              at net.ssehub.kernel_haven.kconfigreader.KconfigReaderExtractor.runOnFile(KconfigReaderExtractor.java:58)
                                                              at net.ssehub.kernel_haven.provider.AbstractExtractor$WorkerThread.run(AbstractExtractor.java:142)
[2020-12-31 17:20:59] [info   ] [ProgressLogger] KconfigReaderExtractor processed 1 of 1 (100%) items and finished in 00:06.635
                                                 KbuildMinerExtractor processed 0 of 1 (0%) items
                                                 SrcMLExtractor processed 1023 of 40050 (2%) items
[2020-12-31 17:21:29] [info   ] [ProgressLogger] KbuildMinerExtractor processed 0 of 1 (0%) items
                                                 SrcMLExtractor processed 10116 of 40050 (25%) items
[2020-12-31 17:21:59] [info   ] [ProgressLogger] KbuildMinerExtractor processed 0 of 1 (0%) items
                                                 SrcMLExtractor processed 15905 of 40050 (39%) items
[2020-12-31 17:22:29] [info   ] [ProgressLogger] KbuildMinerExtractor processed 0 of 1 (0%) items
                                                 SrcMLExtractor processed 20184 of 40050 (50%) items
[2020-12-31 17:22:46] [error  ] [ExtractorDataDuplicator] Got BM-Extractor exception:
                                                          net.ssehub.kernel_haven.util.ExtractorException: Did not get a variability model
                                                              at net.ssehub.kernel_haven.kbuildminer.KbuildMinerExtractor.runOnFile(KbuildMinerExtractor.java:112)
                                                              at net.ssehub.kernel_haven.kbuildminer.KbuildMinerExtractor.runOnFile(KbuildMinerExtractor.java:44)
                                                              at net.ssehub.kernel_haven.provider.AbstractExtractor$WorkerThread.run(AbstractExtractor.java:142)
[2020-12-31 17:22:46] [info   ] [ProgressLogger] KbuildMinerExtractor processed 1 of 1 (100%) items and finished in 01:53.835
                                                 SrcMLExtractor processed 22119 of 40050 (55%) items
[2020-12-31 17:22:46] [info   ] [FeatureSizeEstimator] Analysis component FeatureSizeEstimator starting
[2020-12-31 17:22:46] [info   ] [VariabilityCounter] Analysis component VariabilityCounter starting
[2020-12-31 17:22:46] [info   ] [FunctionMapCreator] Analysis component FunctionMapCreator starting
[2020-12-31 17:22:46] [error  ] [VariabilityCounter] Did not get a variability model
                                                     Can't create any results
[2020-12-31 17:22:46] [info   ] [VariabilityCounter] Analysis component VariabilityCounter done
                                                     Execution took 00:00.001
[2020-12-31 17:22:46] [error  ] [FeatureSizeEstimator] Did not get a variability model
                                                       Can't create any results
[2020-12-31 17:22:46] [info   ] [FeatureSizeEstimator] Analysis component FeatureSizeEstimator done
                                                       Execution took 00:00.001
[2020-12-31 17:22:46] [info   ] [OrderedCodeFunctionFilter] Analysis component OrderedCodeFunctionFilter starting
[2020-12-31 17:22:46] [info   ] [CodeFunctionFilter] Analysis component CodeFunctionFilter starting
[2020-12-31 17:23:16] [info   ] [ProgressLogger] SrcMLExtractor processed 26212 of 40050 (65%) items
                                                 CodeFunctionFilter processed 24510 items
[2020-12-31 17:23:46] [info   ] [ProgressLogger] SrcMLExtractor processed 30792 of 40050 (76%) items
                                                 CodeFunctionFilter processed 24604 items
[2020-12-31 17:24:16] [info   ] [ProgressLogger] SrcMLExtractor processed 34773 of 40050 (86%) items
                                                 CodeFunctionFilter processed 24849 items
[2020-12-31 17:24:46] [info   ] [ProgressLogger] SrcMLExtractor processed 39082 of 40050 (97%) items
                                                 CodeFunctionFilter processed 24849 items
[2020-12-31 17:24:53] [info   ] [ProgressLogger] SrcMLExtractor processed 40050 of 40050 (100%) items and finished in 03:59.786
                                                 CodeFunctionFilter processed 25246 items
[2020-12-31 17:24:53] [warning] [ExtractorDataDuplicator] CM-Extractor: Got 39851 elements and 199 exceptions
[2020-12-31 17:25:23] [info   ] [ProgressLogger] CodeFunctionFilter processed 25246 items
[2020-12-31 17:25:53] [info   ] [ProgressLogger] CodeFunctionFilter processed 25246 items
[2020-12-31 17:26:17] [info   ] [CodeFunctionFilter] Discarded 3702 functions that contained an ErrorElement
[2020-12-31 17:26:17] [info   ] [CodeFunctionFilter] Analysis component CodeFunctionFilter done
                                                     Execution took 03:30.991
[2020-12-31 17:26:17] [info   ] [ProgressLogger] CodeFunctionFilter processed 39851 items and finished in 03:30.991
[2020-12-31 17:26:18] [info   ] [OrderedCodeFunctionFilter] Analysis component OrderedCodeFunctionFilter done
                                                            Execution took 03:31.694
[2020-12-31 17:26:18] [info   ] [ProgressLogger] OrderedCodeFunctionFilter processed 2859118 items and finished in 00:00.702
[2020-12-31 17:26:25] [info   ] [FunctionMapCreator] Analysis component FunctionMapCreator done
                                                     Execution took 03:38.960
[2020-12-31 17:26:25] [info   ] [ProgressLogger] FunctionMapCreator processed 475327 of 475327 (100%) items and finished in 00:06.821
[2020-12-31 17:26:25] [error  ] [IndividualCodeMetricsRunner] Could not create metric instances:
                                                              net.ssehub.kernel_haven.SetUpException: ScatteringWeight requires a ScatteringDegreeContainer
                                                                  at net.ssehub.kernel_haven.metric_haven.metric_components.weights.ScatteringWeight.<init>(ScatteringWeight.java:46)
                                                                  at net.ssehub.kernel_haven.metric_haven.metric_components.weights.CachedWeightFactory.createSdWeight(CachedWeightFactory.java:62)
                                                                  at net.ssehub.kernel_haven.metric_haven.metric_components.weights.CachedWeightFactory.createVariabilityWeight(CachedWeightFactory.java:347)
                                                                  at net.ssehub.kernel_haven.metric_haven.metric_components.weights.CachedWeightFactory.createVariabilityWeight(CachedWeightFactory.java:434)
                                                                  at net.ssehub.kernel_haven.metric_haven.code_metrics.MetricFactory.createAllVariations(MetricFactory.java:683)
                                                                  at net.ssehub.kernel_haven.metric_haven.metric_components.IndividualCodeMetricsRunner.createAllAtomicVariations(IndividualCodeMetricsRunner.java:342)
                                                                  at net.ssehub.kernel_haven.metric_haven.metric_components.IndividualCodeMetricsRunner.instantiateMetrics(IndividualCodeMetricsRunner.java:587)
                                                                  at net.ssehub.kernel_haven.metric_haven.metric_components.CodeMetricsRunner.execute(CodeMetricsRunner.java:353)
                                                                  at net.ssehub.kernel_haven.analysis.AnalysisComponent.lambda$start$0(AnalysisComponent.java:229)
                                                                  at java.lang.Thread.run(Thread.java:748)
[2020-12-31 17:26:25] [info   ] [IndividualCodeMetricsRunner] Analysis component IndividualCodeMetricsRunner done
                                                              Execution took 05:32.824
[2020-12-31 17:26:25] [info   ] [Setup] Analysis has finished
[2020-12-31 17:26:25] [info   ] [Setup] Not archiving pipeline (not enabled by user)
[2020-12-31 17:26:25] [status ] [Setup] Pipeline done; exiting...
