[2020-12-29 20:13:44] [info   ] [Setup] Start executing KernelHaven with configuration file /tmp/SingleMetricAnalysis9212073332111443776.properties
[2020-12-29 20:13:44] [info   ] [Setup] System Info:
                                        	KernelHaven Version: Built at 2020-05-14 12:25:32
                                        	OS Name: Linux
                                        	OS Version: 4.4.0-193-generic
                                        	OS Arch: amd64
                                        	Java Home: /usr/lib/jvm/java-8-oracle/jre
                                        	Java Vendor: Oracle Corporation
                                        	Java Version: 1.8.0_201
                                        	Java VM Name: Java HotSpot(TM) 64-Bit Server VM
                                        	Java VM Version: 25.201-b09
                                        	Java VM Vendor: Oracle Corporation
                                        	Working Directory: /mnt/Linux-Analyses/MailCrawler/instance3/kh
                                        	Temporary Directory: /mnt/Linux-Analyses/MailCrawler/instance3/kh/tmp
                                        	File Encoding: UTF-8
                                        	Java Class Path: KernelHaven.jar
                                        	Maximum Memory: 38.33 GiB
                                        	Available Processors: 10
[2020-12-29 20:13:44] [info   ] [Setup] Start setting up pipeline...
[2020-12-29 20:13:44] [info   ] [Setup] Loading jars from directory /mnt/Linux-Analyses/MailCrawler/instance3/kh/plugins
[2020-12-29 20:13:44] [info   ] [Setup] IncrementalAnalysesInfrastructure.jar version: Built at 2019-12-12 13:33:10
[2020-12-29 20:13:44] [info   ] [Setup] UndertakerExtractor.jar version: Built at 2020-05-15 07:14:35
[2020-12-29 20:13:44] [info   ] [Setup] CnfUtils.jar version: Built at 2020-05-14 12:38:00
[2020-12-29 20:13:44] [info   ] [Setup] KconfigReaderExtractor.jar version: Built at 2020-12-27 09:02:48
[2020-12-29 20:13:44] [info   ] [Setup] CppUtils.jar version: Built at 2020-05-14 12:42:57
[2020-12-29 20:13:44] [info   ] [Setup] ProblemSolutionSpaceDivergenceCorrectorAnalysis.jar version: Built at 2019-11-28 16:37:10
[2020-12-29 20:13:44] [info   ] [Setup] TypeChefExtractor.jar version: Built at 2019-11-28 14:31:53
[2020-12-29 20:13:44] [info   ] [Setup] ProblemSolutionSpaceMapperAnalysis.jar version: Built at 2019-11-28 16:11:10
[2020-12-29 20:13:44] [info   ] [Setup] DBUtils.jar version: Built at 2020-05-14 12:45:12
[2020-12-29 20:13:44] [info   ] [Setup] IOUtils.jar version: Built at 2020-05-14 12:58:22
[2020-12-29 20:13:44] [info   ] [Setup] FeatureEffectAnalysis.jar version: Built at 2020-05-14 12:57:03
[2020-12-29 20:13:44] [info   ] [Setup] SrcMLExtractor.jar version: Built at 2020-08-17 10:06:30
[2020-12-29 20:13:44] [info   ] [Setup] BusybootPreparation.jar version: Built at 2019-11-28 14:36:12
[2020-12-29 20:13:44] [info   ] [Setup] ProblemSolutionSpaceDivergenceDetectorAnalysis.jar version: Built at 2019-11-28 16:32:10
[2020-12-29 20:13:44] [info   ] [Setup] MetricHaven.jar version: Built at 2020-05-14 13:09:28
[2020-12-29 20:13:44] [info   ] [Setup] CodeBlockExtractor.jar version: Built at 2020-05-14 12:32:09
[2020-12-29 20:13:44] [info   ] [Setup] UnDeadAnalyzer.jar version: Built at 2020-05-15 07:13:02
[2020-12-29 20:13:44] [info   ] [Setup] EntityLocatorAnalysis.jar version: Built at 2019-11-28 14:34:59
[2020-12-29 20:13:44] [info   ] [Setup] KbuildMinerExtractor.jar version: Built at 2019-11-28 14:33:56
[2020-12-29 20:13:44] [info   ] [Setup] Successfully loaded 19 jars
[2020-12-29 20:13:44] [info   ] [Setup] Loading all classes specified in loadClasses.txt ...
[2020-12-29 20:13:44] [info   ] [Setup] Loaded 4 classes specified in loadClasses.txt files
[2020-12-29 20:13:44] [info   ] [Setup] Instantiating extractors...
[2020-12-29 20:13:44] [info   ] [Setup] Successfully instantiated variability extractor net.ssehub.kernel_haven.kconfigreader.KconfigReaderExtractor
[2020-12-29 20:13:44] [info   ] [Setup] Successfully instantiated build extractor net.ssehub.kernel_haven.kbuildminer.KbuildMinerExtractor
[2020-12-29 20:13:44] [info   ] [Setup] Successfully instantiated code extractor net.ssehub.kernel_haven.srcml.SrcMLExtractor
[2020-12-29 20:13:44] [info   ] [Setup] Creating providers...
[2020-12-29 20:13:44] [info   ] [Setup] Created variability provider
[2020-12-29 20:13:44] [info   ] [Setup] Created build provider
[2020-12-29 20:13:44] [info   ] [Setup] Created code provider
[2020-12-29 20:13:44] [info   ] [Setup] Instantiating analysis...
[2020-12-29 20:13:44] [info   ] [Setup] Successfully instantiated analysis net.ssehub.kernel_haven.metric_haven.metric_components.MetricsRunner
[2020-12-29 20:13:44] [info   ] [Setup] Starting analysis...
[2020-12-29 20:13:44] [info   ] [AnalysisPipelineController] MetricHaven executes atomic set and ignores further metric-specific configuration settings.
[2020-12-29 20:13:44] [status ] [KconfigReaderExtractor] Starting on 1 targets in 1 threads
[2020-12-29 20:13:44] [status ] [KbuildMinerExtractor] Starting on 1 targets in 1 threads
[2020-12-29 20:13:44] [info   ] [IndividualCodeMetricsRunner] Analysis component IndividualCodeMetricsRunner starting
[2020-12-29 20:13:44] [status ] [SrcMLExtractor] Starting on 32624 targets in 6 threads
[2020-12-29 20:14:14] [info   ] [ProgressLogger] KconfigReaderExtractor processed 0 of 1 (0%) items
                                                 KbuildMinerExtractor processed 0 of 1 (0%) items
                                                 SrcMLExtractor processed 7201 of 32624 (22%) items
[2020-12-29 20:14:19] [error  ] [KconfigReaderExtractor-1] Exception while parsing KconfigReader output:
                                                           net.ssehub.kernel_haven.util.FormatException: Found variable CONFIG_TEST_MODULE_MODULE in DIMACS but not in RSF
                                                               at net.ssehub.kernel_haven.kconfigreader.Converter.convert(Converter.java:146)
                                                               at net.ssehub.kernel_haven.kconfigreader.KconfigReaderExtractor.runOnFile(KconfigReaderExtractor.java:208)
                                                               at net.ssehub.kernel_haven.kconfigreader.KconfigReaderExtractor.runOnFile(KconfigReaderExtractor.java:58)
                                                               at net.ssehub.kernel_haven.provider.AbstractExtractor$WorkerThread.run(AbstractExtractor.java:142)
[2020-12-29 20:14:19] [info   ] [ProgressLogger] KconfigReaderExtractor processed 1 of 1 (100%) items and finished in 00:35.223
                                                 KbuildMinerExtractor processed 0 of 1 (0%) items
                                                 SrcMLExtractor processed 8508 of 32624 (26%) items
[2020-12-29 20:14:19] [error  ] [ExtractorDataDuplicator] Got VM-Extractor exception:
                                                          net.ssehub.kernel_haven.util.ExtractorException: net.ssehub.kernel_haven.util.FormatException: Found variable CONFIG_TEST_MODULE_MODULE in DIMACS but not in RSF
                                                              at net.ssehub.kernel_haven.kconfigreader.KconfigReaderExtractor.runOnFile(KconfigReaderExtractor.java:212)
                                                              at net.ssehub.kernel_haven.kconfigreader.KconfigReaderExtractor.runOnFile(KconfigReaderExtractor.java:58)
                                                              at net.ssehub.kernel_haven.provider.AbstractExtractor$WorkerThread.run(AbstractExtractor.java:142)
                                                          Caused by:
                                                          net.ssehub.kernel_haven.util.FormatException: Found variable CONFIG_TEST_MODULE_MODULE in DIMACS but not in RSF
                                                              at net.ssehub.kernel_haven.kconfigreader.Converter.convert(Converter.java:146)
                                                              at net.ssehub.kernel_haven.kconfigreader.KconfigReaderExtractor.runOnFile(KconfigReaderExtractor.java:208)
                                                              at net.ssehub.kernel_haven.kconfigreader.KconfigReaderExtractor.runOnFile(KconfigReaderExtractor.java:58)
                                                              at net.ssehub.kernel_haven.provider.AbstractExtractor$WorkerThread.run(AbstractExtractor.java:142)
[2020-12-29 20:14:32] [error  ] [ExtractorDataDuplicator] Got BM-Extractor exception:
                                                          net.ssehub.kernel_haven.util.ExtractorException: Did not get a variability model
                                                              at net.ssehub.kernel_haven.kbuildminer.KbuildMinerExtractor.runOnFile(KbuildMinerExtractor.java:112)
                                                              at net.ssehub.kernel_haven.kbuildminer.KbuildMinerExtractor.runOnFile(KbuildMinerExtractor.java:44)
                                                              at net.ssehub.kernel_haven.provider.AbstractExtractor$WorkerThread.run(AbstractExtractor.java:142)
[2020-12-29 20:14:32] [info   ] [FeatureSizeEstimator] Analysis component FeatureSizeEstimator starting
[2020-12-29 20:14:32] [info   ] [ProgressLogger] KbuildMinerExtractor processed 1 of 1 (100%) items and finished in 00:48.005
                                                 SrcMLExtractor processed 12229 of 32624 (37%) items
[2020-12-29 20:14:32] [error  ] [FeatureSizeEstimator] Did not get a variability model
                                                       Can't create any results
[2020-12-29 20:14:32] [info   ] [FeatureSizeEstimator] Analysis component FeatureSizeEstimator done
                                                       Execution took 00:00.001
[2020-12-29 20:14:32] [info   ] [VariabilityCounter] Analysis component VariabilityCounter starting
[2020-12-29 20:14:32] [info   ] [FunctionMapCreator] Analysis component FunctionMapCreator starting
[2020-12-29 20:14:32] [error  ] [VariabilityCounter] Did not get a variability model
                                                     Can't create any results
[2020-12-29 20:14:32] [info   ] [VariabilityCounter] Analysis component VariabilityCounter done
                                                     Execution took 00:00.001
[2020-12-29 20:14:32] [info   ] [OrderedCodeFunctionFilter] Analysis component OrderedCodeFunctionFilter starting
[2020-12-29 20:14:32] [info   ] [CodeFunctionFilter] Analysis component CodeFunctionFilter starting
[2020-12-29 20:15:02] [info   ] [ProgressLogger] SrcMLExtractor processed 17030 of 32624 (52%) items
                                                 CodeFunctionFilter processed 16937 items
[2020-12-29 20:15:32] [info   ] [ProgressLogger] SrcMLExtractor processed 20588 of 32624 (63%) items
                                                 CodeFunctionFilter processed 20483 items
[2020-12-29 20:16:02] [info   ] [ProgressLogger] SrcMLExtractor processed 25401 of 32624 (77%) items
                                                 CodeFunctionFilter processed 25235 items
[2020-12-29 20:16:32] [info   ] [ProgressLogger] SrcMLExtractor processed 29196 of 32624 (89%) items
                                                 CodeFunctionFilter processed 29051 items
[2020-12-29 20:16:54] [info   ] [ProgressLogger] SrcMLExtractor processed 32624 of 32624 (100%) items and finished in 03:09.721
                                                 CodeFunctionFilter processed 32457 items
[2020-12-29 20:16:54] [warning] [ExtractorDataDuplicator] CM-Extractor: Got 32458 elements and 166 exceptions
[2020-12-29 20:16:54] [info   ] [CodeFunctionFilter] Discarded 3592 functions that contained an ErrorElement
[2020-12-29 20:16:54] [info   ] [CodeFunctionFilter] Analysis component CodeFunctionFilter done
                                                     Execution took 02:22.024
[2020-12-29 20:16:54] [info   ] [ProgressLogger] CodeFunctionFilter processed 32458 items and finished in 02:22.024
[2020-12-29 20:16:55] [info   ] [ProgressLogger] OrderedCodeFunctionFilter processed 2207534 items and finished in 00:00.576
[2020-12-29 20:16:55] [info   ] [OrderedCodeFunctionFilter] Analysis component OrderedCodeFunctionFilter done
                                                            Execution took 02:22.601
[2020-12-29 20:17:01] [info   ] [FunctionMapCreator] Analysis component FunctionMapCreator done
                                                     Execution took 02:28.400
[2020-12-29 20:17:01] [info   ] [ProgressLogger] FunctionMapCreator processed 370588 of 370588 (100%) items and finished in 00:05.487
[2020-12-29 20:17:01] [error  ] [IndividualCodeMetricsRunner] Could not create metric instances:
                                                              net.ssehub.kernel_haven.SetUpException: ScatteringWeight requires a ScatteringDegreeContainer
                                                                  at net.ssehub.kernel_haven.metric_haven.metric_components.weights.ScatteringWeight.<init>(ScatteringWeight.java:46)
                                                                  at net.ssehub.kernel_haven.metric_haven.metric_components.weights.CachedWeightFactory.createSdWeight(CachedWeightFactory.java:62)
                                                                  at net.ssehub.kernel_haven.metric_haven.metric_components.weights.CachedWeightFactory.createVariabilityWeight(CachedWeightFactory.java:347)
                                                                  at net.ssehub.kernel_haven.metric_haven.metric_components.weights.CachedWeightFactory.createVariabilityWeight(CachedWeightFactory.java:434)
                                                                  at net.ssehub.kernel_haven.metric_haven.code_metrics.MetricFactory.createAllVariations(MetricFactory.java:683)
                                                                  at net.ssehub.kernel_haven.metric_haven.metric_components.IndividualCodeMetricsRunner.createAllAtomicVariations(IndividualCodeMetricsRunner.java:342)
                                                                  at net.ssehub.kernel_haven.metric_haven.metric_components.IndividualCodeMetricsRunner.instantiateMetrics(IndividualCodeMetricsRunner.java:587)
                                                                  at net.ssehub.kernel_haven.metric_haven.metric_components.CodeMetricsRunner.execute(CodeMetricsRunner.java:353)
                                                                  at net.ssehub.kernel_haven.analysis.AnalysisComponent.lambda$start$0(AnalysisComponent.java:229)
                                                                  at java.lang.Thread.run(Thread.java:748)
[2020-12-29 20:17:01] [info   ] [IndividualCodeMetricsRunner] Analysis component IndividualCodeMetricsRunner done
                                                              Execution took 03:16.431
[2020-12-29 20:17:01] [info   ] [Setup] Analysis has finished
[2020-12-29 20:17:01] [info   ] [Setup] Not archiving pipeline (not enabled by user)
[2020-12-29 20:17:01] [status ] [Setup] Pipeline done; exiting...
