[2020-12-29 16:47:23] [info   ] [Setup] Start executing KernelHaven with configuration file /tmp/SingleMetricAnalysis6496232598968038952.properties
[2020-12-29 16:47:23] [info   ] [Setup] System Info:
                                        	KernelHaven Version: Built at 2020-05-14 12:25:32
                                        	OS Name: Linux
                                        	OS Version: 4.4.0-193-generic
                                        	OS Arch: amd64
                                        	Java Home: /usr/lib/jvm/java-8-oracle/jre
                                        	Java Vendor: Oracle Corporation
                                        	Java Version: 1.8.0_201
                                        	Java VM Name: Java HotSpot(TM) 64-Bit Server VM
                                        	Java VM Version: 25.201-b09
                                        	Java VM Vendor: Oracle Corporation
                                        	Working Directory: /mnt/Linux-Analyses/MailCrawler/instance3/kh
                                        	Temporary Directory: /mnt/Linux-Analyses/MailCrawler/instance3/kh/tmp
                                        	File Encoding: UTF-8
                                        	Java Class Path: KernelHaven.jar
                                        	Maximum Memory: 38.33 GiB
                                        	Available Processors: 10
[2020-12-29 16:47:23] [info   ] [Setup] Start setting up pipeline...
[2020-12-29 16:47:23] [info   ] [Setup] Loading jars from directory /mnt/Linux-Analyses/MailCrawler/instance3/kh/plugins
[2020-12-29 16:47:23] [info   ] [Setup] IncrementalAnalysesInfrastructure.jar version: Built at 2019-12-12 13:33:10
[2020-12-29 16:47:23] [info   ] [Setup] UndertakerExtractor.jar version: Built at 2020-05-15 07:14:35
[2020-12-29 16:47:23] [info   ] [Setup] CnfUtils.jar version: Built at 2020-05-14 12:38:00
[2020-12-29 16:47:23] [info   ] [Setup] KconfigReaderExtractor.jar version: Built at 2020-12-27 09:02:48
[2020-12-29 16:47:23] [info   ] [Setup] CppUtils.jar version: Built at 2020-05-14 12:42:57
[2020-12-29 16:47:23] [info   ] [Setup] ProblemSolutionSpaceDivergenceCorrectorAnalysis.jar version: Built at 2019-11-28 16:37:10
[2020-12-29 16:47:23] [info   ] [Setup] TypeChefExtractor.jar version: Built at 2019-11-28 14:31:53
[2020-12-29 16:47:23] [info   ] [Setup] ProblemSolutionSpaceMapperAnalysis.jar version: Built at 2019-11-28 16:11:10
[2020-12-29 16:47:23] [info   ] [Setup] DBUtils.jar version: Built at 2020-05-14 12:45:12
[2020-12-29 16:47:23] [info   ] [Setup] IOUtils.jar version: Built at 2020-05-14 12:58:22
[2020-12-29 16:47:23] [info   ] [Setup] FeatureEffectAnalysis.jar version: Built at 2020-05-14 12:57:03
[2020-12-29 16:47:23] [info   ] [Setup] SrcMLExtractor.jar version: Built at 2020-08-17 10:06:30
[2020-12-29 16:47:23] [info   ] [Setup] BusybootPreparation.jar version: Built at 2019-11-28 14:36:12
[2020-12-29 16:47:23] [info   ] [Setup] ProblemSolutionSpaceDivergenceDetectorAnalysis.jar version: Built at 2019-11-28 16:32:10
[2020-12-29 16:47:23] [info   ] [Setup] MetricHaven.jar version: Built at 2020-05-14 13:09:28
[2020-12-29 16:47:23] [info   ] [Setup] CodeBlockExtractor.jar version: Built at 2020-05-14 12:32:09
[2020-12-29 16:47:23] [info   ] [Setup] UnDeadAnalyzer.jar version: Built at 2020-05-15 07:13:02
[2020-12-29 16:47:23] [info   ] [Setup] EntityLocatorAnalysis.jar version: Built at 2019-11-28 14:34:59
[2020-12-29 16:47:23] [info   ] [Setup] KbuildMinerExtractor.jar version: Built at 2019-11-28 14:33:56
[2020-12-29 16:47:23] [info   ] [Setup] Successfully loaded 19 jars
[2020-12-29 16:47:23] [info   ] [Setup] Loading all classes specified in loadClasses.txt ...
[2020-12-29 16:47:23] [info   ] [Setup] Loaded 4 classes specified in loadClasses.txt files
[2020-12-29 16:47:23] [info   ] [Setup] Instantiating extractors...
[2020-12-29 16:47:23] [info   ] [Setup] Successfully instantiated variability extractor net.ssehub.kernel_haven.kconfigreader.KconfigReaderExtractor
[2020-12-29 16:47:23] [info   ] [Setup] Successfully instantiated build extractor net.ssehub.kernel_haven.kbuildminer.KbuildMinerExtractor
[2020-12-29 16:47:23] [info   ] [Setup] Successfully instantiated code extractor net.ssehub.kernel_haven.srcml.SrcMLExtractor
[2020-12-29 16:47:23] [info   ] [Setup] Creating providers...
[2020-12-29 16:47:23] [info   ] [Setup] Created variability provider
[2020-12-29 16:47:23] [info   ] [Setup] Created build provider
[2020-12-29 16:47:23] [info   ] [Setup] Created code provider
[2020-12-29 16:47:23] [info   ] [Setup] Instantiating analysis...
[2020-12-29 16:47:23] [info   ] [Setup] Successfully instantiated analysis net.ssehub.kernel_haven.metric_haven.metric_components.MetricsRunner
[2020-12-29 16:47:23] [info   ] [Setup] Starting analysis...
[2020-12-29 16:47:23] [info   ] [AnalysisPipelineController] MetricHaven executes atomic set and ignores further metric-specific configuration settings.
[2020-12-29 16:47:23] [status ] [KconfigReaderExtractor] Starting on 1 targets in 1 threads
[2020-12-29 16:47:23] [status ] [KbuildMinerExtractor] Starting on 1 targets in 1 threads
[2020-12-29 16:47:23] [info   ] [IndividualCodeMetricsRunner] Analysis component IndividualCodeMetricsRunner starting
[2020-12-29 16:47:23] [status ] [SrcMLExtractor] Starting on 31808 targets in 6 threads
[2020-12-29 16:47:51] [warning] [SrcMLExtractor-5] srcML was killed due to the kill-timeout being reached
[2020-12-29 16:47:53] [info   ] [ProgressLogger] KconfigReaderExtractor processed 0 of 1 (0%) items
                                                 KbuildMinerExtractor processed 0 of 1 (0%) items
                                                 SrcMLExtractor processed 7211 of 31808 (22%) items
[2020-12-29 16:47:55] [error  ] [KconfigReaderExtractor-1] Exception while parsing KconfigReader output:
                                                           net.ssehub.kernel_haven.util.FormatException: Found variable CONFIG_TEST_MODULE_MODULE in DIMACS but not in RSF
                                                               at net.ssehub.kernel_haven.kconfigreader.Converter.convert(Converter.java:146)
                                                               at net.ssehub.kernel_haven.kconfigreader.KconfigReaderExtractor.runOnFile(KconfigReaderExtractor.java:208)
                                                               at net.ssehub.kernel_haven.kconfigreader.KconfigReaderExtractor.runOnFile(KconfigReaderExtractor.java:58)
                                                               at net.ssehub.kernel_haven.provider.AbstractExtractor$WorkerThread.run(AbstractExtractor.java:142)
[2020-12-29 16:47:55] [info   ] [ProgressLogger] KconfigReaderExtractor processed 1 of 1 (100%) items and finished in 00:32.121
                                                 KbuildMinerExtractor processed 0 of 1 (0%) items
                                                 SrcMLExtractor processed 7906 of 31808 (24%) items
[2020-12-29 16:47:55] [error  ] [ExtractorDataDuplicator] Got VM-Extractor exception:
                                                          net.ssehub.kernel_haven.util.ExtractorException: net.ssehub.kernel_haven.util.FormatException: Found variable CONFIG_TEST_MODULE_MODULE in DIMACS but not in RSF
                                                              at net.ssehub.kernel_haven.kconfigreader.KconfigReaderExtractor.runOnFile(KconfigReaderExtractor.java:212)
                                                              at net.ssehub.kernel_haven.kconfigreader.KconfigReaderExtractor.runOnFile(KconfigReaderExtractor.java:58)
                                                              at net.ssehub.kernel_haven.provider.AbstractExtractor$WorkerThread.run(AbstractExtractor.java:142)
                                                          Caused by:
                                                          net.ssehub.kernel_haven.util.FormatException: Found variable CONFIG_TEST_MODULE_MODULE in DIMACS but not in RSF
                                                              at net.ssehub.kernel_haven.kconfigreader.Converter.convert(Converter.java:146)
                                                              at net.ssehub.kernel_haven.kconfigreader.KconfigReaderExtractor.runOnFile(KconfigReaderExtractor.java:208)
                                                              at net.ssehub.kernel_haven.kconfigreader.KconfigReaderExtractor.runOnFile(KconfigReaderExtractor.java:58)
                                                              at net.ssehub.kernel_haven.provider.AbstractExtractor$WorkerThread.run(AbstractExtractor.java:142)
[2020-12-29 16:47:56] [info   ] [ProgressLogger] KbuildMinerExtractor processed 1 of 1 (100%) items and finished in 00:33.209
                                                 SrcMLExtractor processed 8226 of 31808 (25%) items
[2020-12-29 16:47:56] [error  ] [ExtractorDataDuplicator] Got BM-Extractor exception:
                                                          net.ssehub.kernel_haven.util.ExtractorException: Did not get a variability model
                                                              at net.ssehub.kernel_haven.kbuildminer.KbuildMinerExtractor.runOnFile(KbuildMinerExtractor.java:112)
                                                              at net.ssehub.kernel_haven.kbuildminer.KbuildMinerExtractor.runOnFile(KbuildMinerExtractor.java:44)
                                                              at net.ssehub.kernel_haven.provider.AbstractExtractor$WorkerThread.run(AbstractExtractor.java:142)
[2020-12-29 16:47:56] [info   ] [FeatureSizeEstimator] Analysis component FeatureSizeEstimator starting
[2020-12-29 16:47:56] [info   ] [VariabilityCounter] Analysis component VariabilityCounter starting
[2020-12-29 16:47:56] [error  ] [FeatureSizeEstimator] Did not get a variability model
                                                       Can't create any results
[2020-12-29 16:47:56] [info   ] [FunctionMapCreator] Analysis component FunctionMapCreator starting
[2020-12-29 16:47:56] [info   ] [FeatureSizeEstimator] Analysis component FeatureSizeEstimator done
                                                       Execution took 00:00.001
[2020-12-29 16:47:56] [error  ] [VariabilityCounter] Did not get a variability model
                                                     Can't create any results
[2020-12-29 16:47:56] [info   ] [VariabilityCounter] Analysis component VariabilityCounter done
                                                     Execution took 00:00.002
[2020-12-29 16:47:56] [info   ] [OrderedCodeFunctionFilter] Analysis component OrderedCodeFunctionFilter starting
[2020-12-29 16:47:56] [info   ] [CodeFunctionFilter] Analysis component CodeFunctionFilter starting
[2020-12-29 16:48:26] [info   ] [ProgressLogger] SrcMLExtractor processed 14889 of 31808 (46%) items
                                                 CodeFunctionFilter processed 14801 items
[2020-12-29 16:48:56] [info   ] [ProgressLogger] SrcMLExtractor processed 18830 of 31808 (59%) items
                                                 CodeFunctionFilter processed 18729 items
[2020-12-29 16:49:26] [info   ] [ProgressLogger] SrcMLExtractor processed 23296 of 31808 (73%) items
                                                 CodeFunctionFilter processed 23172 items
[2020-12-29 16:49:56] [info   ] [ProgressLogger] SrcMLExtractor processed 27350 of 31808 (85%) items
                                                 CodeFunctionFilter processed 27211 items
[2020-12-29 16:50:25] [warning] [SrcMLExtractor-5] srcML was killed due to the kill-timeout being reached
[2020-12-29 16:50:26] [info   ] [ProgressLogger] SrcMLExtractor processed 31805 of 31808 (99%) items
                                                 CodeFunctionFilter processed 31640 items
[2020-12-29 16:50:26] [info   ] [ProgressLogger] SrcMLExtractor processed 31808 of 31808 (100%) items and finished in 03:03.004
                                                 CodeFunctionFilter processed 31642 items
[2020-12-29 16:50:26] [warning] [ExtractorDataDuplicator] CM-Extractor: Got 31643 elements and 165 exceptions
[2020-12-29 16:50:26] [info   ] [CodeFunctionFilter] Discarded 3598 functions that contained an ErrorElement
[2020-12-29 16:50:26] [info   ] [CodeFunctionFilter] Analysis component CodeFunctionFilter done
                                                     Execution took 02:30.080
[2020-12-29 16:50:26] [info   ] [ProgressLogger] CodeFunctionFilter processed 31643 items and finished in 02:30.080
[2020-12-29 16:50:27] [info   ] [OrderedCodeFunctionFilter] Analysis component OrderedCodeFunctionFilter done
                                                            Execution took 02:30.648
[2020-12-29 16:50:27] [info   ] [ProgressLogger] OrderedCodeFunctionFilter processed 2132451 items and finished in 00:00.565
[2020-12-29 16:50:32] [info   ] [FunctionMapCreator] Analysis component FunctionMapCreator done
                                                     Execution took 02:36.207
[2020-12-29 16:50:32] [info   ] [ProgressLogger] FunctionMapCreator processed 358076 of 358076 (100%) items and finished in 00:05.266
[2020-12-29 16:50:32] [error  ] [IndividualCodeMetricsRunner] Could not create metric instances:
                                                              net.ssehub.kernel_haven.SetUpException: ScatteringWeight requires a ScatteringDegreeContainer
                                                                  at net.ssehub.kernel_haven.metric_haven.metric_components.weights.ScatteringWeight.<init>(ScatteringWeight.java:46)
                                                                  at net.ssehub.kernel_haven.metric_haven.metric_components.weights.CachedWeightFactory.createSdWeight(CachedWeightFactory.java:62)
                                                                  at net.ssehub.kernel_haven.metric_haven.metric_components.weights.CachedWeightFactory.createVariabilityWeight(CachedWeightFactory.java:347)
                                                                  at net.ssehub.kernel_haven.metric_haven.metric_components.weights.CachedWeightFactory.createVariabilityWeight(CachedWeightFactory.java:434)
                                                                  at net.ssehub.kernel_haven.metric_haven.code_metrics.MetricFactory.createAllVariations(MetricFactory.java:683)
                                                                  at net.ssehub.kernel_haven.metric_haven.metric_components.IndividualCodeMetricsRunner.createAllAtomicVariations(IndividualCodeMetricsRunner.java:342)
                                                                  at net.ssehub.kernel_haven.metric_haven.metric_components.IndividualCodeMetricsRunner.instantiateMetrics(IndividualCodeMetricsRunner.java:587)
                                                                  at net.ssehub.kernel_haven.metric_haven.metric_components.CodeMetricsRunner.execute(CodeMetricsRunner.java:353)
                                                                  at net.ssehub.kernel_haven.analysis.AnalysisComponent.lambda$start$0(AnalysisComponent.java:229)
                                                                  at java.lang.Thread.run(Thread.java:748)
[2020-12-29 16:50:32] [info   ] [IndividualCodeMetricsRunner] Analysis component IndividualCodeMetricsRunner done
                                                              Execution took 03:09.440
[2020-12-29 16:50:32] [info   ] [Setup] Analysis has finished
[2020-12-29 16:50:32] [info   ] [Setup] Not archiving pipeline (not enabled by user)
[2020-12-29 16:50:32] [status ] [Setup] Pipeline done; exiting...
